INFO - 2023-09-05 09:11:29 --> Session: Class initialized using 'CodeIgniter\Session\Handlers\FileHandler' driver.
INFO - 2023-09-05 09:11:43 --> Session: Class initialized using 'CodeIgniter\Session\Handlers\FileHandler' driver.
INFO - 2023-09-05 09:12:17 --> Session: Class initialized using 'CodeIgniter\Session\Handlers\FileHandler' driver.
INFO - 2023-09-05 09:13:20 --> Session: Class initialized using 'CodeIgniter\Session\Handlers\FileHandler' driver.
INFO - 2023-09-05 09:13:28 --> Session: Class initialized using 'CodeIgniter\Session\Handlers\FileHandler' driver.
INFO - 2023-09-05 09:16:32 --> Session: Class initialized using 'CodeIgniter\Session\Handlers\FileHandler' driver.
INFO - 2023-09-05 09:16:33 --> Session: Class initialized using 'CodeIgniter\Session\Handlers\FileHandler' driver.
INFO - 2023-09-05 09:16:41 --> Session: Class initialized using 'CodeIgniter\Session\Handlers\FileHandler' driver.
INFO - 2023-09-05 09:17:39 --> Session: Class initialized using 'CodeIgniter\Session\Handlers\FileHandler' driver.
INFO - 2023-09-05 09:17:40 --> Session: Class initialized using 'CodeIgniter\Session\Handlers\FileHandler' driver.
INFO - 2023-09-05 09:20:10 --> Session: Class initialized using 'CodeIgniter\Session\Handlers\FileHandler' driver.
INFO - 2023-09-05 09:20:10 --> Session: Class initialized using 'CodeIgniter\Session\Handlers\FileHandler' driver.
INFO - 2023-09-05 09:20:22 --> Session: Class initialized using 'CodeIgniter\Session\Handlers\FileHandler' driver.
INFO - 2023-09-05 09:21:31 --> Session: Class initialized using 'CodeIgniter\Session\Handlers\FileHandler' driver.
INFO - 2023-09-05 09:22:52 --> Session: Class initialized using 'CodeIgniter\Session\Handlers\FileHandler' driver.
INFO - 2023-09-05 09:22:54 --> Session: Class initialized using 'CodeIgniter\Session\Handlers\FileHandler' driver.
INFO - 2023-09-05 09:23:38 --> Session: Class initialized using 'CodeIgniter\Session\Handlers\FileHandler' driver.
INFO - 2023-09-05 09:23:44 --> Session: Class initialized using 'CodeIgniter\Session\Handlers\FileHandler' driver.
INFO - 2023-09-05 09:23:53 --> Session: Class initialized using 'CodeIgniter\Session\Handlers\FileHandler' driver.
INFO - 2023-09-05 09:23:59 --> Session: Class initialized using 'CodeIgniter\Session\Handlers\FileHandler' driver.
INFO - 2023-09-05 09:24:02 --> Session: Class initialized using 'CodeIgniter\Session\Handlers\FileHandler' driver.
INFO - 2023-09-05 09:27:27 --> Session: Class initialized using 'CodeIgniter\Session\Handlers\FileHandler' driver.
ERROR - 2023-09-05 09:27:27 --> mysqli_sql_exception: Illegal parameter data types varchar and row for operation '=' in C:\xampp\htdocs\UCLF\system\Database\MySQLi\Connection.php:295
Stack trace:
#0 C:\xampp\htdocs\UCLF\system\Database\MySQLi\Connection.php(295): mysqli->query('SELECT *\nFROM `...', 0)
#1 C:\xampp\htdocs\UCLF\system\Database\BaseConnection.php(691): CodeIgniter\Database\MySQLi\Connection->execute('SELECT *\nFROM `...')
#2 C:\xampp\htdocs\UCLF\system\Database\BaseConnection.php(605): CodeIgniter\Database\BaseConnection->simpleQuery('SELECT *\nFROM `...')
#3 C:\xampp\htdocs\UCLF\system\Database\BaseBuilder.php(1602): CodeIgniter\Database\BaseConnection->query('SELECT *\nFROM `...', Array, false)
#4 C:\xampp\htdocs\UCLF\app\Models\UnotifyModel.php(66): CodeIgniter\Database\BaseBuilder->get()
#5 C:\xampp\htdocs\UCLF\app\Controllers\AccDashboard.php(37): App\Models\UnotifyModel->fetchNotif(Array)
#6 C:\xampp\htdocs\UCLF\system\CodeIgniter.php(934): App\Controllers\AccDashboard->userdash()
#7 C:\xampp\htdocs\UCLF\system\CodeIgniter.php(499): CodeIgniter\CodeIgniter->runController(Object(App\Controllers\AccDashboard))
#8 C:\xampp\htdocs\UCLF\system\CodeIgniter.php(368): CodeIgniter\CodeIgniter->handleRequest(NULL, Object(Config\Cache), false)
#9 C:\xampp\htdocs\UCLF\index.php(67): CodeIgniter\CodeIgniter->run()
#10 {main}
CRITICAL - 2023-09-05 09:27:27 --> Illegal parameter data types varchar and row for operation '='
in SYSTEMPATH\Database\BaseConnection.php on line 645.
 1 SYSTEMPATH\Database\BaseBuilder.php(1602): CodeIgniter\Database\BaseConnection->query('SELECT *
FROM `usernotified`
WHERE `user_id` = :user_id:', [...], false)
 2 APPPATH\Models\UnotifyModel.php(66): CodeIgniter\Database\BaseBuilder->get()
 3 APPPATH\Controllers\AccDashboard.php(37): App\Models\UnotifyModel->fetchNotif([...])
 4 SYSTEMPATH\CodeIgniter.php(934): App\Controllers\AccDashboard->userdash()
 5 SYSTEMPATH\CodeIgniter.php(499): CodeIgniter\CodeIgniter->runController(Object(App\Controllers\AccDashboard))
 6 SYSTEMPATH\CodeIgniter.php(368): CodeIgniter\CodeIgniter->handleRequest(null, Object(Config\Cache), false)
 7 FCPATH\index.php(67): CodeIgniter\CodeIgniter->run()
INFO - 2023-09-05 09:27:32 --> Session: Class initialized using 'CodeIgniter\Session\Handlers\FileHandler' driver.
INFO - 2023-09-05 09:27:34 --> Session: Class initialized using 'CodeIgniter\Session\Handlers\FileHandler' driver.
INFO - 2023-09-05 09:28:03 --> Session: Class initialized using 'CodeIgniter\Session\Handlers\FileHandler' driver.
INFO - 2023-09-05 09:28:07 --> Session: Class initialized using 'CodeIgniter\Session\Handlers\FileHandler' driver.
INFO - 2023-09-05 09:28:07 --> Session: Class initialized using 'CodeIgniter\Session\Handlers\FileHandler' driver.
INFO - 2023-09-05 09:28:18 --> Session: Class initialized using 'CodeIgniter\Session\Handlers\FileHandler' driver.
INFO - 2023-09-05 09:28:18 --> Session: Class initialized using 'CodeIgniter\Session\Handlers\FileHandler' driver.
INFO - 2023-09-05 09:28:55 --> Session: Class initialized using 'CodeIgniter\Session\Handlers\FileHandler' driver.
INFO - 2023-09-05 09:29:35 --> Session: Class initialized using 'CodeIgniter\Session\Handlers\FileHandler' driver.
INFO - 2023-09-05 09:29:39 --> Session: Class initialized using 'CodeIgniter\Session\Handlers\FileHandler' driver.
INFO - 2023-09-05 09:29:43 --> Session: Class initialized using 'CodeIgniter\Session\Handlers\FileHandler' driver.
INFO - 2023-09-05 09:29:47 --> Session: Class initialized using 'CodeIgniter\Session\Handlers\FileHandler' driver.
INFO - 2023-09-05 10:01:04 --> Session: Class initialized using 'CodeIgniter\Session\Handlers\FileHandler' driver.
INFO - 2023-09-05 10:01:08 --> Session: Class initialized using 'CodeIgniter\Session\Handlers\FileHandler' driver.
INFO - 2023-09-05 10:01:08 --> Session: Class initialized using 'CodeIgniter\Session\Handlers\FileHandler' driver.
INFO - 2023-09-05 10:01:17 --> Session: Class initialized using 'CodeIgniter\Session\Handlers\FileHandler' driver.
INFO - 2023-09-05 10:01:18 --> Session: Class initialized using 'CodeIgniter\Session\Handlers\FileHandler' driver.
INFO - 2023-09-05 10:01:25 --> Session: Class initialized using 'CodeIgniter\Session\Handlers\FileHandler' driver.
INFO - 2023-09-05 10:02:32 --> Session: Class initialized using 'CodeIgniter\Session\Handlers\FileHandler' driver.
INFO - 2023-09-05 10:13:26 --> Session: Class initialized using 'CodeIgniter\Session\Handlers\FileHandler' driver.
INFO - 2023-09-05 10:13:42 --> Session: Class initialized using 'CodeIgniter\Session\Handlers\FileHandler' driver.
INFO - 2023-09-05 10:19:12 --> Session: Class initialized using 'CodeIgniter\Session\Handlers\FileHandler' driver.
INFO - 2023-09-05 10:19:20 --> Session: Class initialized using 'CodeIgniter\Session\Handlers\FileHandler' driver.
INFO - 2023-09-05 10:19:20 --> Session: Class initialized using 'CodeIgniter\Session\Handlers\FileHandler' driver.
INFO - 2023-09-05 10:19:35 --> Session: Class initialized using 'CodeIgniter\Session\Handlers\FileHandler' driver.
INFO - 2023-09-05 10:19:35 --> Session: Class initialized using 'CodeIgniter\Session\Handlers\FileHandler' driver.
INFO - 2023-09-05 10:19:39 --> Session: Class initialized using 'CodeIgniter\Session\Handlers\FileHandler' driver.
INFO - 2023-09-05 10:21:31 --> Session: Class initialized using 'CodeIgniter\Session\Handlers\FileHandler' driver.
ERROR - 2023-09-05 10:21:31 --> mysqli_sql_exception: Column 'admin' cannot be null in C:\xampp\htdocs\UCLF\system\Database\MySQLi\Connection.php:295
Stack trace:
#0 C:\xampp\htdocs\UCLF\system\Database\MySQLi\Connection.php(295): mysqli->query('INSERT INTO `re...', 0)
#1 C:\xampp\htdocs\UCLF\system\Database\BaseConnection.php(691): CodeIgniter\Database\MySQLi\Connection->execute('INSERT INTO `re...')
#2 C:\xampp\htdocs\UCLF\system\Database\BaseConnection.php(605): CodeIgniter\Database\BaseConnection->simpleQuery('INSERT INTO `re...')
#3 C:\xampp\htdocs\UCLF\system\Database\BaseBuilder.php(2295): CodeIgniter\Database\BaseConnection->query('INSERT INTO `re...', Array, false)
#4 C:\xampp\htdocs\UCLF\app\Models\ReviewModel.php(31): CodeIgniter\Database\BaseBuilder->insert(Array)
#5 C:\xampp\htdocs\UCLF\app\Controllers\AccDashboard.php(753): App\Models\ReviewModel->saveResponse(Array)
#6 C:\xampp\htdocs\UCLF\system\CodeIgniter.php(934): App\Controllers\AccDashboard->CommReview('25')
#7 C:\xampp\htdocs\UCLF\system\CodeIgniter.php(499): CodeIgniter\CodeIgniter->runController(Object(App\Controllers\AccDashboard))
#8 C:\xampp\htdocs\UCLF\system\CodeIgniter.php(368): CodeIgniter\CodeIgniter->handleRequest(NULL, Object(Config\Cache), false)
#9 C:\xampp\htdocs\UCLF\index.php(67): CodeIgniter\CodeIgniter->run()
#10 {main}
CRITICAL - 2023-09-05 10:21:31 --> Column 'admin' cannot be null
in SYSTEMPATH\Database\BaseConnection.php on line 645.
 1 SYSTEMPATH\Database\BaseBuilder.php(2295): CodeIgniter\Database\BaseConnection->query('INSERT INTO `reviews` (`comment`, `admin`, `user_id`) VALUES (:comment:, :admin:, :user_id:)', [...], false)
 2 APPPATH\Models\ReviewModel.php(31): CodeIgniter\Database\BaseBuilder->insert([...])
 3 APPPATH\Controllers\AccDashboard.php(753): App\Models\ReviewModel->saveResponse([...])
 4 SYSTEMPATH\CodeIgniter.php(934): App\Controllers\AccDashboard->CommReview('25')
 5 SYSTEMPATH\CodeIgniter.php(499): CodeIgniter\CodeIgniter->runController(Object(App\Controllers\AccDashboard))
 6 SYSTEMPATH\CodeIgniter.php(368): CodeIgniter\CodeIgniter->handleRequest(null, Object(Config\Cache), false)
 7 FCPATH\index.php(67): CodeIgniter\CodeIgniter->run()
INFO - 2023-09-05 10:21:50 --> Session: Class initialized using 'CodeIgniter\Session\Handlers\FileHandler' driver.
INFO - 2023-09-05 10:22:07 --> Session: Class initialized using 'CodeIgniter\Session\Handlers\FileHandler' driver.
ERROR - 2023-09-05 10:22:07 --> mysqli_sql_exception: Column 'admin' cannot be null in C:\xampp\htdocs\UCLF\system\Database\MySQLi\Connection.php:295
Stack trace:
#0 C:\xampp\htdocs\UCLF\system\Database\MySQLi\Connection.php(295): mysqli->query('INSERT INTO `re...', 0)
#1 C:\xampp\htdocs\UCLF\system\Database\BaseConnection.php(691): CodeIgniter\Database\MySQLi\Connection->execute('INSERT INTO `re...')
#2 C:\xampp\htdocs\UCLF\system\Database\BaseConnection.php(605): CodeIgniter\Database\BaseConnection->simpleQuery('INSERT INTO `re...')
#3 C:\xampp\htdocs\UCLF\system\Database\BaseBuilder.php(2295): CodeIgniter\Database\BaseConnection->query('INSERT INTO `re...', Array, false)
#4 C:\xampp\htdocs\UCLF\app\Models\ReviewModel.php(31): CodeIgniter\Database\BaseBuilder->insert(Array)
#5 C:\xampp\htdocs\UCLF\app\Controllers\AccDashboard.php(753): App\Models\ReviewModel->saveResponse(Array)
#6 C:\xampp\htdocs\UCLF\system\CodeIgniter.php(934): App\Controllers\AccDashboard->CommReview('25')
#7 C:\xampp\htdocs\UCLF\system\CodeIgniter.php(499): CodeIgniter\CodeIgniter->runController(Object(App\Controllers\AccDashboard))
#8 C:\xampp\htdocs\UCLF\system\CodeIgniter.php(368): CodeIgniter\CodeIgniter->handleRequest(NULL, Object(Config\Cache), false)
#9 C:\xampp\htdocs\UCLF\index.php(67): CodeIgniter\CodeIgniter->run()
#10 {main}
CRITICAL - 2023-09-05 10:22:07 --> Column 'admin' cannot be null
in SYSTEMPATH\Database\BaseConnection.php on line 645.
 1 SYSTEMPATH\Database\BaseBuilder.php(2295): CodeIgniter\Database\BaseConnection->query('INSERT INTO `reviews` (`comment`, `admin`, `user_id`) VALUES (:comment:, :admin:, :user_id:)', [...], false)
 2 APPPATH\Models\ReviewModel.php(31): CodeIgniter\Database\BaseBuilder->insert([...])
 3 APPPATH\Controllers\AccDashboard.php(753): App\Models\ReviewModel->saveResponse([...])
 4 SYSTEMPATH\CodeIgniter.php(934): App\Controllers\AccDashboard->CommReview('25')
 5 SYSTEMPATH\CodeIgniter.php(499): CodeIgniter\CodeIgniter->runController(Object(App\Controllers\AccDashboard))
 6 SYSTEMPATH\CodeIgniter.php(368): CodeIgniter\CodeIgniter->handleRequest(null, Object(Config\Cache), false)
 7 FCPATH\index.php(67): CodeIgniter\CodeIgniter->run()
INFO - 2023-09-05 10:23:43 --> Session: Class initialized using 'CodeIgniter\Session\Handlers\FileHandler' driver.
INFO - 2023-09-05 10:23:58 --> Session: Class initialized using 'CodeIgniter\Session\Handlers\FileHandler' driver.
ERROR - 2023-09-05 10:23:58 --> mysqli_sql_exception: Column 'admin' cannot be null in C:\xampp\htdocs\UCLF\system\Database\MySQLi\Connection.php:295
Stack trace:
#0 C:\xampp\htdocs\UCLF\system\Database\MySQLi\Connection.php(295): mysqli->query('INSERT INTO `re...', 0)
#1 C:\xampp\htdocs\UCLF\system\Database\BaseConnection.php(691): CodeIgniter\Database\MySQLi\Connection->execute('INSERT INTO `re...')
#2 C:\xampp\htdocs\UCLF\system\Database\BaseConnection.php(605): CodeIgniter\Database\BaseConnection->simpleQuery('INSERT INTO `re...')
#3 C:\xampp\htdocs\UCLF\system\Database\BaseBuilder.php(2295): CodeIgniter\Database\BaseConnection->query('INSERT INTO `re...', Array, false)
#4 C:\xampp\htdocs\UCLF\app\Models\ReviewModel.php(31): CodeIgniter\Database\BaseBuilder->insert(Array)
#5 C:\xampp\htdocs\UCLF\app\Controllers\AccDashboard.php(753): App\Models\ReviewModel->saveResponse(Array)
#6 C:\xampp\htdocs\UCLF\system\CodeIgniter.php(934): App\Controllers\AccDashboard->CommReview('26')
#7 C:\xampp\htdocs\UCLF\system\CodeIgniter.php(499): CodeIgniter\CodeIgniter->runController(Object(App\Controllers\AccDashboard))
#8 C:\xampp\htdocs\UCLF\system\CodeIgniter.php(368): CodeIgniter\CodeIgniter->handleRequest(NULL, Object(Config\Cache), false)
#9 C:\xampp\htdocs\UCLF\index.php(67): CodeIgniter\CodeIgniter->run()
#10 {main}
CRITICAL - 2023-09-05 10:23:58 --> Column 'admin' cannot be null
in SYSTEMPATH\Database\BaseConnection.php on line 645.
 1 SYSTEMPATH\Database\BaseBuilder.php(2295): CodeIgniter\Database\BaseConnection->query('INSERT INTO `reviews` (`comment`, `admin`, `user_id`) VALUES (:comment:, :admin:, :user_id:)', [...], false)
 2 APPPATH\Models\ReviewModel.php(31): CodeIgniter\Database\BaseBuilder->insert([...])
 3 APPPATH\Controllers\AccDashboard.php(753): App\Models\ReviewModel->saveResponse([...])
 4 SYSTEMPATH\CodeIgniter.php(934): App\Controllers\AccDashboard->CommReview('26')
 5 SYSTEMPATH\CodeIgniter.php(499): CodeIgniter\CodeIgniter->runController(Object(App\Controllers\AccDashboard))
 6 SYSTEMPATH\CodeIgniter.php(368): CodeIgniter\CodeIgniter->handleRequest(null, Object(Config\Cache), false)
 7 FCPATH\index.php(67): CodeIgniter\CodeIgniter->run()
INFO - 2023-09-05 10:24:01 --> Session: Class initialized using 'CodeIgniter\Session\Handlers\FileHandler' driver.
INFO - 2023-09-05 10:24:05 --> Session: Class initialized using 'CodeIgniter\Session\Handlers\FileHandler' driver.
INFO - 2023-09-05 10:24:05 --> Session: Class initialized using 'CodeIgniter\Session\Handlers\FileHandler' driver.
INFO - 2023-09-05 10:24:06 --> Session: Class initialized using 'CodeIgniter\Session\Handlers\FileHandler' driver.
INFO - 2023-09-05 10:24:06 --> Session: Class initialized using 'CodeIgniter\Session\Handlers\FileHandler' driver.
INFO - 2023-09-05 10:24:07 --> Session: Class initialized using 'CodeIgniter\Session\Handlers\FileHandler' driver.
INFO - 2023-09-05 10:24:30 --> Session: Class initialized using 'CodeIgniter\Session\Handlers\FileHandler' driver.
ERROR - 2023-09-05 10:24:30 --> mysqli_sql_exception: Column 'admin' cannot be null in C:\xampp\htdocs\UCLF\system\Database\MySQLi\Connection.php:295
Stack trace:
#0 C:\xampp\htdocs\UCLF\system\Database\MySQLi\Connection.php(295): mysqli->query('INSERT INTO `re...', 0)
#1 C:\xampp\htdocs\UCLF\system\Database\BaseConnection.php(691): CodeIgniter\Database\MySQLi\Connection->execute('INSERT INTO `re...')
#2 C:\xampp\htdocs\UCLF\system\Database\BaseConnection.php(605): CodeIgniter\Database\BaseConnection->simpleQuery('INSERT INTO `re...')
#3 C:\xampp\htdocs\UCLF\system\Database\BaseBuilder.php(2295): CodeIgniter\Database\BaseConnection->query('INSERT INTO `re...', Array, false)
#4 C:\xampp\htdocs\UCLF\app\Models\ReviewModel.php(31): CodeIgniter\Database\BaseBuilder->insert(Array)
#5 C:\xampp\htdocs\UCLF\app\Controllers\AccDashboard.php(753): App\Models\ReviewModel->saveResponse(Array)
#6 C:\xampp\htdocs\UCLF\system\CodeIgniter.php(934): App\Controllers\AccDashboard->CommReview('27')
#7 C:\xampp\htdocs\UCLF\system\CodeIgniter.php(499): CodeIgniter\CodeIgniter->runController(Object(App\Controllers\AccDashboard))
#8 C:\xampp\htdocs\UCLF\system\CodeIgniter.php(368): CodeIgniter\CodeIgniter->handleRequest(NULL, Object(Config\Cache), false)
#9 C:\xampp\htdocs\UCLF\index.php(67): CodeIgniter\CodeIgniter->run()
#10 {main}
CRITICAL - 2023-09-05 10:24:30 --> Column 'admin' cannot be null
in SYSTEMPATH\Database\BaseConnection.php on line 645.
 1 SYSTEMPATH\Database\BaseBuilder.php(2295): CodeIgniter\Database\BaseConnection->query('INSERT INTO `reviews` (`comment`, `admin`, `user_id`) VALUES (:comment:, :admin:, :user_id:)', [...], false)
 2 APPPATH\Models\ReviewModel.php(31): CodeIgniter\Database\BaseBuilder->insert([...])
 3 APPPATH\Controllers\AccDashboard.php(753): App\Models\ReviewModel->saveResponse([...])
 4 SYSTEMPATH\CodeIgniter.php(934): App\Controllers\AccDashboard->CommReview('27')
 5 SYSTEMPATH\CodeIgniter.php(499): CodeIgniter\CodeIgniter->runController(Object(App\Controllers\AccDashboard))
 6 SYSTEMPATH\CodeIgniter.php(368): CodeIgniter\CodeIgniter->handleRequest(null, Object(Config\Cache), false)
 7 FCPATH\index.php(67): CodeIgniter\CodeIgniter->run()
INFO - 2023-09-05 10:26:57 --> Session: Class initialized using 'CodeIgniter\Session\Handlers\FileHandler' driver.
INFO - 2023-09-05 10:27:07 --> Session: Class initialized using 'CodeIgniter\Session\Handlers\FileHandler' driver.
ERROR - 2023-09-05 10:27:07 --> mysqli_sql_exception: Column 'user_id' cannot be null in C:\xampp\htdocs\UCLF\system\Database\MySQLi\Connection.php:295
Stack trace:
#0 C:\xampp\htdocs\UCLF\system\Database\MySQLi\Connection.php(295): mysqli->query('INSERT INTO `re...', 0)
#1 C:\xampp\htdocs\UCLF\system\Database\BaseConnection.php(691): CodeIgniter\Database\MySQLi\Connection->execute('INSERT INTO `re...')
#2 C:\xampp\htdocs\UCLF\system\Database\BaseConnection.php(605): CodeIgniter\Database\BaseConnection->simpleQuery('INSERT INTO `re...')
#3 C:\xampp\htdocs\UCLF\system\Database\BaseBuilder.php(2295): CodeIgniter\Database\BaseConnection->query('INSERT INTO `re...', Array, false)
#4 C:\xampp\htdocs\UCLF\app\Models\ReviewModel.php(31): CodeIgniter\Database\BaseBuilder->insert(Array)
#5 C:\xampp\htdocs\UCLF\app\Controllers\AccDashboard.php(753): App\Models\ReviewModel->saveResponse(Array)
#6 C:\xampp\htdocs\UCLF\system\CodeIgniter.php(934): App\Controllers\AccDashboard->CommReview('27')
#7 C:\xampp\htdocs\UCLF\system\CodeIgniter.php(499): CodeIgniter\CodeIgniter->runController(Object(App\Controllers\AccDashboard))
#8 C:\xampp\htdocs\UCLF\system\CodeIgniter.php(368): CodeIgniter\CodeIgniter->handleRequest(NULL, Object(Config\Cache), false)
#9 C:\xampp\htdocs\UCLF\index.php(67): CodeIgniter\CodeIgniter->run()
#10 {main}
CRITICAL - 2023-09-05 10:27:07 --> Column 'user_id' cannot be null
in SYSTEMPATH\Database\BaseConnection.php on line 645.
 1 SYSTEMPATH\Database\BaseBuilder.php(2295): CodeIgniter\Database\BaseConnection->query('INSERT INTO `reviews` (`comment`, `admin`, `user_id`) VALUES (:comment:, :admin:, :user_id:)', [...], false)
 2 APPPATH\Models\ReviewModel.php(31): CodeIgniter\Database\BaseBuilder->insert([...])
 3 APPPATH\Controllers\AccDashboard.php(753): App\Models\ReviewModel->saveResponse([...])
 4 SYSTEMPATH\CodeIgniter.php(934): App\Controllers\AccDashboard->CommReview('27')
 5 SYSTEMPATH\CodeIgniter.php(499): CodeIgniter\CodeIgniter->runController(Object(App\Controllers\AccDashboard))
 6 SYSTEMPATH\CodeIgniter.php(368): CodeIgniter\CodeIgniter->handleRequest(null, Object(Config\Cache), false)
 7 FCPATH\index.php(67): CodeIgniter\CodeIgniter->run()
INFO - 2023-09-05 10:32:59 --> Session: Class initialized using 'CodeIgniter\Session\Handlers\FileHandler' driver.
INFO - 2023-09-05 10:33:09 --> Session: Class initialized using 'CodeIgniter\Session\Handlers\FileHandler' driver.
ERROR - 2023-09-05 10:33:09 --> mysqli_sql_exception: Column 'user_id' cannot be null in C:\xampp\htdocs\UCLF\system\Database\MySQLi\Connection.php:295
Stack trace:
#0 C:\xampp\htdocs\UCLF\system\Database\MySQLi\Connection.php(295): mysqli->query('INSERT INTO `re...', 0)
#1 C:\xampp\htdocs\UCLF\system\Database\BaseConnection.php(691): CodeIgniter\Database\MySQLi\Connection->execute('INSERT INTO `re...')
#2 C:\xampp\htdocs\UCLF\system\Database\BaseConnection.php(605): CodeIgniter\Database\BaseConnection->simpleQuery('INSERT INTO `re...')
#3 C:\xampp\htdocs\UCLF\system\Database\BaseBuilder.php(2295): CodeIgniter\Database\BaseConnection->query('INSERT INTO `re...', Array, false)
#4 C:\xampp\htdocs\UCLF\app\Models\ReviewModel.php(31): CodeIgniter\Database\BaseBuilder->insert(Array)
#5 C:\xampp\htdocs\UCLF\app\Controllers\AccDashboard.php(753): App\Models\ReviewModel->saveResponse(Array)
#6 C:\xampp\htdocs\UCLF\system\CodeIgniter.php(934): App\Controllers\AccDashboard->CommReview('31')
#7 C:\xampp\htdocs\UCLF\system\CodeIgniter.php(499): CodeIgniter\CodeIgniter->runController(Object(App\Controllers\AccDashboard))
#8 C:\xampp\htdocs\UCLF\system\CodeIgniter.php(368): CodeIgniter\CodeIgniter->handleRequest(NULL, Object(Config\Cache), false)
#9 C:\xampp\htdocs\UCLF\index.php(67): CodeIgniter\CodeIgniter->run()
#10 {main}
CRITICAL - 2023-09-05 10:33:09 --> Column 'user_id' cannot be null
in SYSTEMPATH\Database\BaseConnection.php on line 645.
 1 SYSTEMPATH\Database\BaseBuilder.php(2295): CodeIgniter\Database\BaseConnection->query('INSERT INTO `reviews` (`comment`, `admin`, `user_id`) VALUES (:comment:, :admin:, :user_id:)', [...], false)
 2 APPPATH\Models\ReviewModel.php(31): CodeIgniter\Database\BaseBuilder->insert([...])
 3 APPPATH\Controllers\AccDashboard.php(753): App\Models\ReviewModel->saveResponse([...])
 4 SYSTEMPATH\CodeIgniter.php(934): App\Controllers\AccDashboard->CommReview('31')
 5 SYSTEMPATH\CodeIgniter.php(499): CodeIgniter\CodeIgniter->runController(Object(App\Controllers\AccDashboard))
 6 SYSTEMPATH\CodeIgniter.php(368): CodeIgniter\CodeIgniter->handleRequest(null, Object(Config\Cache), false)
 7 FCPATH\index.php(67): CodeIgniter\CodeIgniter->run()
INFO - 2023-09-05 10:33:16 --> Session: Class initialized using 'CodeIgniter\Session\Handlers\FileHandler' driver.
INFO - 2023-09-05 10:35:40 --> Session: Class initialized using 'CodeIgniter\Session\Handlers\FileHandler' driver.
INFO - 2023-09-05 10:35:56 --> Session: Class initialized using 'CodeIgniter\Session\Handlers\FileHandler' driver.
INFO - 2023-09-05 10:36:48 --> Session: Class initialized using 'CodeIgniter\Session\Handlers\FileHandler' driver.
INFO - 2023-09-05 10:36:50 --> Session: Class initialized using 'CodeIgniter\Session\Handlers\FileHandler' driver.
INFO - 2023-09-05 10:36:51 --> Session: Class initialized using 'CodeIgniter\Session\Handlers\FileHandler' driver.
INFO - 2023-09-05 10:36:51 --> Session: Class initialized using 'CodeIgniter\Session\Handlers\FileHandler' driver.
INFO - 2023-09-05 10:36:51 --> Session: Class initialized using 'CodeIgniter\Session\Handlers\FileHandler' driver.
INFO - 2023-09-05 10:36:51 --> Session: Class initialized using 'CodeIgniter\Session\Handlers\FileHandler' driver.
INFO - 2023-09-05 10:37:50 --> Session: Class initialized using 'CodeIgniter\Session\Handlers\FileHandler' driver.
INFO - 2023-09-05 10:37:50 --> Session: Class initialized using 'CodeIgniter\Session\Handlers\FileHandler' driver.
INFO - 2023-09-05 10:37:53 --> Session: Class initialized using 'CodeIgniter\Session\Handlers\FileHandler' driver.
INFO - 2023-09-05 10:37:54 --> Session: Class initialized using 'CodeIgniter\Session\Handlers\FileHandler' driver.
INFO - 2023-09-05 10:37:54 --> Session: Class initialized using 'CodeIgniter\Session\Handlers\FileHandler' driver.
INFO - 2023-09-05 10:37:54 --> Session: Class initialized using 'CodeIgniter\Session\Handlers\FileHandler' driver.
INFO - 2023-09-05 10:38:00 --> Session: Class initialized using 'CodeIgniter\Session\Handlers\FileHandler' driver.
INFO - 2023-09-05 10:38:00 --> Session: Class initialized using 'CodeIgniter\Session\Handlers\FileHandler' driver.
INFO - 2023-09-05 10:38:01 --> Session: Class initialized using 'CodeIgniter\Session\Handlers\FileHandler' driver.
INFO - 2023-09-05 10:38:01 --> Session: Class initialized using 'CodeIgniter\Session\Handlers\FileHandler' driver.
INFO - 2023-09-05 10:38:01 --> Session: Class initialized using 'CodeIgniter\Session\Handlers\FileHandler' driver.
INFO - 2023-09-05 10:38:01 --> Session: Class initialized using 'CodeIgniter\Session\Handlers\FileHandler' driver.
INFO - 2023-09-05 10:38:08 --> Session: Class initialized using 'CodeIgniter\Session\Handlers\FileHandler' driver.
INFO - 2023-09-05 10:38:08 --> Session: Class initialized using 'CodeIgniter\Session\Handlers\FileHandler' driver.
INFO - 2023-09-05 10:38:08 --> Session: Class initialized using 'CodeIgniter\Session\Handlers\FileHandler' driver.
INFO - 2023-09-05 10:38:09 --> Session: Class initialized using 'CodeIgniter\Session\Handlers\FileHandler' driver.
INFO - 2023-09-05 10:38:09 --> Session: Class initialized using 'CodeIgniter\Session\Handlers\FileHandler' driver.
INFO - 2023-09-05 10:38:10 --> Session: Class initialized using 'CodeIgniter\Session\Handlers\FileHandler' driver.
INFO - 2023-09-05 10:38:10 --> Session: Class initialized using 'CodeIgniter\Session\Handlers\FileHandler' driver.
INFO - 2023-09-05 10:38:22 --> Session: Class initialized using 'CodeIgniter\Session\Handlers\FileHandler' driver.
INFO - 2023-09-05 10:38:25 --> Session: Class initialized using 'CodeIgniter\Session\Handlers\FileHandler' driver.
INFO - 2023-09-05 10:39:06 --> Session: Class initialized using 'CodeIgniter\Session\Handlers\FileHandler' driver.
INFO - 2023-09-05 10:39:07 --> Session: Class initialized using 'CodeIgniter\Session\Handlers\FileHandler' driver.
INFO - 2023-09-05 10:39:07 --> Session: Class initialized using 'CodeIgniter\Session\Handlers\FileHandler' driver.
INFO - 2023-09-05 10:39:08 --> Session: Class initialized using 'CodeIgniter\Session\Handlers\FileHandler' driver.
INFO - 2023-09-05 10:39:08 --> Session: Class initialized using 'CodeIgniter\Session\Handlers\FileHandler' driver.
INFO - 2023-09-05 10:39:13 --> Session: Class initialized using 'CodeIgniter\Session\Handlers\FileHandler' driver.
INFO - 2023-09-05 10:39:13 --> Session: Class initialized using 'CodeIgniter\Session\Handlers\FileHandler' driver.
INFO - 2023-09-05 10:39:13 --> Session: Class initialized using 'CodeIgniter\Session\Handlers\FileHandler' driver.
INFO - 2023-09-05 10:39:14 --> Session: Class initialized using 'CodeIgniter\Session\Handlers\FileHandler' driver.
INFO - 2023-09-05 10:39:14 --> Session: Class initialized using 'CodeIgniter\Session\Handlers\FileHandler' driver.
INFO - 2023-09-05 10:39:14 --> Session: Class initialized using 'CodeIgniter\Session\Handlers\FileHandler' driver.
INFO - 2023-09-05 10:39:14 --> Session: Class initialized using 'CodeIgniter\Session\Handlers\FileHandler' driver.
INFO - 2023-09-05 10:39:32 --> Session: Class initialized using 'CodeIgniter\Session\Handlers\FileHandler' driver.
ERROR - 2023-09-05 10:39:32 --> mysqli_sql_exception: Column 'user_id' cannot be null in C:\xampp\htdocs\UCLF\system\Database\MySQLi\Connection.php:295
Stack trace:
#0 C:\xampp\htdocs\UCLF\system\Database\MySQLi\Connection.php(295): mysqli->query('INSERT INTO `re...', 0)
#1 C:\xampp\htdocs\UCLF\system\Database\BaseConnection.php(691): CodeIgniter\Database\MySQLi\Connection->execute('INSERT INTO `re...')
#2 C:\xampp\htdocs\UCLF\system\Database\BaseConnection.php(605): CodeIgniter\Database\BaseConnection->simpleQuery('INSERT INTO `re...')
#3 C:\xampp\htdocs\UCLF\system\Database\BaseBuilder.php(2295): CodeIgniter\Database\BaseConnection->query('INSERT INTO `re...', Array, false)
#4 C:\xampp\htdocs\UCLF\app\Models\ReviewModel.php(31): CodeIgniter\Database\BaseBuilder->insert(Array)
#5 C:\xampp\htdocs\UCLF\app\Controllers\AccDashboard.php(753): App\Models\ReviewModel->saveResponse(Array)
#6 C:\xampp\htdocs\UCLF\system\CodeIgniter.php(934): App\Controllers\AccDashboard->CommReview('31')
#7 C:\xampp\htdocs\UCLF\system\CodeIgniter.php(499): CodeIgniter\CodeIgniter->runController(Object(App\Controllers\AccDashboard))
#8 C:\xampp\htdocs\UCLF\system\CodeIgniter.php(368): CodeIgniter\CodeIgniter->handleRequest(NULL, Object(Config\Cache), false)
#9 C:\xampp\htdocs\UCLF\index.php(67): CodeIgniter\CodeIgniter->run()
#10 {main}
CRITICAL - 2023-09-05 10:39:32 --> Column 'user_id' cannot be null
in SYSTEMPATH\Database\BaseConnection.php on line 645.
 1 SYSTEMPATH\Database\BaseBuilder.php(2295): CodeIgniter\Database\BaseConnection->query('INSERT INTO `reviews` (`comment`, `admin`, `user_id`) VALUES (:comment:, :admin:, :user_id:)', [...], false)
 2 APPPATH\Models\ReviewModel.php(31): CodeIgniter\Database\BaseBuilder->insert([...])
 3 APPPATH\Controllers\AccDashboard.php(753): App\Models\ReviewModel->saveResponse([...])
 4 SYSTEMPATH\CodeIgniter.php(934): App\Controllers\AccDashboard->CommReview('31')
 5 SYSTEMPATH\CodeIgniter.php(499): CodeIgniter\CodeIgniter->runController(Object(App\Controllers\AccDashboard))
 6 SYSTEMPATH\CodeIgniter.php(368): CodeIgniter\CodeIgniter->handleRequest(null, Object(Config\Cache), false)
 7 FCPATH\index.php(67): CodeIgniter\CodeIgniter->run()
INFO - 2023-09-05 10:39:35 --> Session: Class initialized using 'CodeIgniter\Session\Handlers\FileHandler' driver.
INFO - 2023-09-05 10:39:38 --> Session: Class initialized using 'CodeIgniter\Session\Handlers\FileHandler' driver.
INFO - 2023-09-05 10:39:38 --> Session: Class initialized using 'CodeIgniter\Session\Handlers\FileHandler' driver.
INFO - 2023-09-05 10:39:47 --> Session: Class initialized using 'CodeIgniter\Session\Handlers\FileHandler' driver.
INFO - 2023-09-05 10:39:47 --> Session: Class initialized using 'CodeIgniter\Session\Handlers\FileHandler' driver.
INFO - 2023-09-05 10:39:51 --> Session: Class initialized using 'CodeIgniter\Session\Handlers\FileHandler' driver.
INFO - 2023-09-05 10:41:46 --> Session: Class initialized using 'CodeIgniter\Session\Handlers\FileHandler' driver.
INFO - 2023-09-05 10:41:48 --> Session: Class initialized using 'CodeIgniter\Session\Handlers\FileHandler' driver.
INFO - 2023-09-05 10:41:49 --> Session: Class initialized using 'CodeIgniter\Session\Handlers\FileHandler' driver.
INFO - 2023-09-05 10:41:49 --> Session: Class initialized using 'CodeIgniter\Session\Handlers\FileHandler' driver.
INFO - 2023-09-05 10:41:49 --> Session: Class initialized using 'CodeIgniter\Session\Handlers\FileHandler' driver.
INFO - 2023-09-05 10:42:05 --> Session: Class initialized using 'CodeIgniter\Session\Handlers\FileHandler' driver.
INFO - 2023-09-05 10:42:05 --> Session: Class initialized using 'CodeIgniter\Session\Handlers\FileHandler' driver.
INFO - 2023-09-05 10:42:06 --> Session: Class initialized using 'CodeIgniter\Session\Handlers\FileHandler' driver.
INFO - 2023-09-05 10:42:06 --> Session: Class initialized using 'CodeIgniter\Session\Handlers\FileHandler' driver.
INFO - 2023-09-05 10:42:06 --> Session: Class initialized using 'CodeIgniter\Session\Handlers\FileHandler' driver.
INFO - 2023-09-05 10:42:06 --> Session: Class initialized using 'CodeIgniter\Session\Handlers\FileHandler' driver.
INFO - 2023-09-05 10:42:06 --> Session: Class initialized using 'CodeIgniter\Session\Handlers\FileHandler' driver.
INFO - 2023-09-05 10:42:06 --> Session: Class initialized using 'CodeIgniter\Session\Handlers\FileHandler' driver.
INFO - 2023-09-05 10:42:07 --> Session: Class initialized using 'CodeIgniter\Session\Handlers\FileHandler' driver.
INFO - 2023-09-05 10:42:07 --> Session: Class initialized using 'CodeIgniter\Session\Handlers\FileHandler' driver.
INFO - 2023-09-05 10:42:07 --> Session: Class initialized using 'CodeIgniter\Session\Handlers\FileHandler' driver.
INFO - 2023-09-05 10:42:07 --> Session: Class initialized using 'CodeIgniter\Session\Handlers\FileHandler' driver.
INFO - 2023-09-05 10:42:07 --> Session: Class initialized using 'CodeIgniter\Session\Handlers\FileHandler' driver.
INFO - 2023-09-05 10:42:07 --> Session: Class initialized using 'CodeIgniter\Session\Handlers\FileHandler' driver.
INFO - 2023-09-05 10:42:08 --> Session: Class initialized using 'CodeIgniter\Session\Handlers\FileHandler' driver.
INFO - 2023-09-05 10:42:08 --> Session: Class initialized using 'CodeIgniter\Session\Handlers\FileHandler' driver.
INFO - 2023-09-05 10:42:08 --> Session: Class initialized using 'CodeIgniter\Session\Handlers\FileHandler' driver.
INFO - 2023-09-05 10:42:08 --> Session: Class initialized using 'CodeIgniter\Session\Handlers\FileHandler' driver.
INFO - 2023-09-05 10:42:08 --> Session: Class initialized using 'CodeIgniter\Session\Handlers\FileHandler' driver.
INFO - 2023-09-05 10:42:09 --> Session: Class initialized using 'CodeIgniter\Session\Handlers\FileHandler' driver.
INFO - 2023-09-05 10:42:09 --> Session: Class initialized using 'CodeIgniter\Session\Handlers\FileHandler' driver.
INFO - 2023-09-05 10:42:09 --> Session: Class initialized using 'CodeIgniter\Session\Handlers\FileHandler' driver.
INFO - 2023-09-05 10:42:09 --> Session: Class initialized using 'CodeIgniter\Session\Handlers\FileHandler' driver.
INFO - 2023-09-05 10:42:09 --> Session: Class initialized using 'CodeIgniter\Session\Handlers\FileHandler' driver.
INFO - 2023-09-05 10:42:10 --> Session: Class initialized using 'CodeIgniter\Session\Handlers\FileHandler' driver.
INFO - 2023-09-05 10:42:16 --> Session: Class initialized using 'CodeIgniter\Session\Handlers\FileHandler' driver.
INFO - 2023-09-05 10:42:16 --> Session: Class initialized using 'CodeIgniter\Session\Handlers\FileHandler' driver.
INFO - 2023-09-05 10:46:07 --> Session: Class initialized using 'CodeIgniter\Session\Handlers\FileHandler' driver.
INFO - 2023-09-05 10:46:07 --> Session: Class initialized using 'CodeIgniter\Session\Handlers\FileHandler' driver.
INFO - 2023-09-05 10:46:11 --> Session: Class initialized using 'CodeIgniter\Session\Handlers\FileHandler' driver.
INFO - 2023-09-05 10:47:43 --> Session: Class initialized using 'CodeIgniter\Session\Handlers\FileHandler' driver.
INFO - 2023-09-05 10:48:45 --> Session: Class initialized using 'CodeIgniter\Session\Handlers\FileHandler' driver.
INFO - 2023-09-05 10:51:26 --> Session: Class initialized using 'CodeIgniter\Session\Handlers\FileHandler' driver.
INFO - 2023-09-05 10:51:29 --> Session: Class initialized using 'CodeIgniter\Session\Handlers\FileHandler' driver.
INFO - 2023-09-05 10:51:29 --> Session: Class initialized using 'CodeIgniter\Session\Handlers\FileHandler' driver.
INFO - 2023-09-05 10:51:30 --> Session: Class initialized using 'CodeIgniter\Session\Handlers\FileHandler' driver.
INFO - 2023-09-05 10:52:24 --> Session: Class initialized using 'CodeIgniter\Session\Handlers\FileHandler' driver.
INFO - 2023-09-05 10:55:58 --> Session: Class initialized using 'CodeIgniter\Session\Handlers\FileHandler' driver.
INFO - 2023-09-05 10:55:58 --> Session: Class initialized using 'CodeIgniter\Session\Handlers\FileHandler' driver.
INFO - 2023-09-05 10:55:59 --> Session: Class initialized using 'CodeIgniter\Session\Handlers\FileHandler' driver.
INFO - 2023-09-05 10:55:59 --> Session: Class initialized using 'CodeIgniter\Session\Handlers\FileHandler' driver.
INFO - 2023-09-05 10:56:00 --> Session: Class initialized using 'CodeIgniter\Session\Handlers\FileHandler' driver.
INFO - 2023-09-05 10:56:01 --> Session: Class initialized using 'CodeIgniter\Session\Handlers\FileHandler' driver.
INFO - 2023-09-05 10:56:01 --> Session: Class initialized using 'CodeIgniter\Session\Handlers\FileHandler' driver.
INFO - 2023-09-05 10:56:01 --> Session: Class initialized using 'CodeIgniter\Session\Handlers\FileHandler' driver.
INFO - 2023-09-05 10:56:01 --> Session: Class initialized using 'CodeIgniter\Session\Handlers\FileHandler' driver.
INFO - 2023-09-05 10:56:02 --> Session: Class initialized using 'CodeIgniter\Session\Handlers\FileHandler' driver.
INFO - 2023-09-05 10:56:02 --> Session: Class initialized using 'CodeIgniter\Session\Handlers\FileHandler' driver.
INFO - 2023-09-05 10:56:03 --> Session: Class initialized using 'CodeIgniter\Session\Handlers\FileHandler' driver.
INFO - 2023-09-05 10:56:03 --> Session: Class initialized using 'CodeIgniter\Session\Handlers\FileHandler' driver.
INFO - 2023-09-05 10:56:03 --> Session: Class initialized using 'CodeIgniter\Session\Handlers\FileHandler' driver.
INFO - 2023-09-05 10:56:03 --> Session: Class initialized using 'CodeIgniter\Session\Handlers\FileHandler' driver.
INFO - 2023-09-05 10:56:04 --> Session: Class initialized using 'CodeIgniter\Session\Handlers\FileHandler' driver.
INFO - 2023-09-05 10:56:04 --> Session: Class initialized using 'CodeIgniter\Session\Handlers\FileHandler' driver.
INFO - 2023-09-05 10:56:04 --> Session: Class initialized using 'CodeIgniter\Session\Handlers\FileHandler' driver.
INFO - 2023-09-05 10:56:04 --> Session: Class initialized using 'CodeIgniter\Session\Handlers\FileHandler' driver.
INFO - 2023-09-05 10:56:04 --> Session: Class initialized using 'CodeIgniter\Session\Handlers\FileHandler' driver.
INFO - 2023-09-05 10:56:04 --> Session: Class initialized using 'CodeIgniter\Session\Handlers\FileHandler' driver.
INFO - 2023-09-05 10:56:05 --> Session: Class initialized using 'CodeIgniter\Session\Handlers\FileHandler' driver.
INFO - 2023-09-05 10:56:05 --> Session: Class initialized using 'CodeIgniter\Session\Handlers\FileHandler' driver.
INFO - 2023-09-05 10:56:06 --> Session: Class initialized using 'CodeIgniter\Session\Handlers\FileHandler' driver.
INFO - 2023-09-05 10:56:06 --> Session: Class initialized using 'CodeIgniter\Session\Handlers\FileHandler' driver.
INFO - 2023-09-05 10:56:07 --> Session: Class initialized using 'CodeIgniter\Session\Handlers\FileHandler' driver.
INFO - 2023-09-05 10:56:07 --> Session: Class initialized using 'CodeIgniter\Session\Handlers\FileHandler' driver.
INFO - 2023-09-05 10:56:07 --> Session: Class initialized using 'CodeIgniter\Session\Handlers\FileHandler' driver.
INFO - 2023-09-05 10:56:08 --> Session: Class initialized using 'CodeIgniter\Session\Handlers\FileHandler' driver.
INFO - 2023-09-05 10:56:08 --> Session: Class initialized using 'CodeIgniter\Session\Handlers\FileHandler' driver.
INFO - 2023-09-05 10:56:09 --> Session: Class initialized using 'CodeIgniter\Session\Handlers\FileHandler' driver.
INFO - 2023-09-05 10:56:10 --> Session: Class initialized using 'CodeIgniter\Session\Handlers\FileHandler' driver.
INFO - 2023-09-05 10:56:10 --> Session: Class initialized using 'CodeIgniter\Session\Handlers\FileHandler' driver.
INFO - 2023-09-05 10:56:10 --> Session: Class initialized using 'CodeIgniter\Session\Handlers\FileHandler' driver.
INFO - 2023-09-05 10:56:11 --> Session: Class initialized using 'CodeIgniter\Session\Handlers\FileHandler' driver.
INFO - 2023-09-05 10:56:11 --> Session: Class initialized using 'CodeIgniter\Session\Handlers\FileHandler' driver.
INFO - 2023-09-05 10:56:11 --> Session: Class initialized using 'CodeIgniter\Session\Handlers\FileHandler' driver.
INFO - 2023-09-05 10:56:11 --> Session: Class initialized using 'CodeIgniter\Session\Handlers\FileHandler' driver.
INFO - 2023-09-05 10:56:12 --> Session: Class initialized using 'CodeIgniter\Session\Handlers\FileHandler' driver.
INFO - 2023-09-05 10:56:12 --> Session: Class initialized using 'CodeIgniter\Session\Handlers\FileHandler' driver.
INFO - 2023-09-05 10:56:12 --> Session: Class initialized using 'CodeIgniter\Session\Handlers\FileHandler' driver.
INFO - 2023-09-05 10:56:12 --> Session: Class initialized using 'CodeIgniter\Session\Handlers\FileHandler' driver.
INFO - 2023-09-05 10:56:13 --> Session: Class initialized using 'CodeIgniter\Session\Handlers\FileHandler' driver.
INFO - 2023-09-05 10:56:13 --> Session: Class initialized using 'CodeIgniter\Session\Handlers\FileHandler' driver.
INFO - 2023-09-05 10:56:13 --> Session: Class initialized using 'CodeIgniter\Session\Handlers\FileHandler' driver.
INFO - 2023-09-05 10:56:14 --> Session: Class initialized using 'CodeIgniter\Session\Handlers\FileHandler' driver.
INFO - 2023-09-05 10:56:14 --> Session: Class initialized using 'CodeIgniter\Session\Handlers\FileHandler' driver.
INFO - 2023-09-05 10:56:15 --> Session: Class initialized using 'CodeIgniter\Session\Handlers\FileHandler' driver.
INFO - 2023-09-05 10:59:49 --> Session: Class initialized using 'CodeIgniter\Session\Handlers\FileHandler' driver.
INFO - 2023-09-05 11:00:26 --> Session: Class initialized using 'CodeIgniter\Session\Handlers\FileHandler' driver.
INFO - 2023-09-05 11:01:08 --> Session: Class initialized using 'CodeIgniter\Session\Handlers\FileHandler' driver.
INFO - 2023-09-05 12:05:50 --> Session: Class initialized using 'CodeIgniter\Session\Handlers\FileHandler' driver.
INFO - 2023-09-05 12:05:51 --> Session: Class initialized using 'CodeIgniter\Session\Handlers\FileHandler' driver.
INFO - 2023-09-05 12:06:45 --> Session: Class initialized using 'CodeIgniter\Session\Handlers\FileHandler' driver.
INFO - 2023-09-05 12:06:45 --> Session: Class initialized using 'CodeIgniter\Session\Handlers\FileHandler' driver.
INFO - 2023-09-05 12:07:26 --> Session: Class initialized using 'CodeIgniter\Session\Handlers\FileHandler' driver.
INFO - 2023-09-05 12:07:47 --> Session: Class initialized using 'CodeIgniter\Session\Handlers\FileHandler' driver.
INFO - 2023-09-05 12:07:57 --> Session: Class initialized using 'CodeIgniter\Session\Handlers\FileHandler' driver.
INFO - 2023-09-05 12:11:16 --> Session: Class initialized using 'CodeIgniter\Session\Handlers\FileHandler' driver.
INFO - 2023-09-05 12:11:40 --> Session: Class initialized using 'CodeIgniter\Session\Handlers\FileHandler' driver.
INFO - 2023-09-05 12:11:48 --> Session: Class initialized using 'CodeIgniter\Session\Handlers\FileHandler' driver.
INFO - 2023-09-05 12:11:51 --> Session: Class initialized using 'CodeIgniter\Session\Handlers\FileHandler' driver.
INFO - 2023-09-05 12:12:09 --> Session: Class initialized using 'CodeIgniter\Session\Handlers\FileHandler' driver.
INFO - 2023-09-05 12:12:09 --> Session: Class initialized using 'CodeIgniter\Session\Handlers\FileHandler' driver.
CRITICAL - 2023-09-05 12:12:09 --> Cannot access offset of type string on string
in APPPATH\Controllers\AccDashboard.php on line 100.
 1 SYSTEMPATH\CodeIgniter.php(934): App\Controllers\AccDashboard->adminDash()
 2 SYSTEMPATH\CodeIgniter.php(499): CodeIgniter\CodeIgniter->runController(Object(App\Controllers\AccDashboard))
 3 SYSTEMPATH\CodeIgniter.php(368): CodeIgniter\CodeIgniter->handleRequest(null, Object(Config\Cache), false)
 4 FCPATH\index.php(67): CodeIgniter\CodeIgniter->run()
INFO - 2023-09-05 12:13:00 --> Session: Class initialized using 'CodeIgniter\Session\Handlers\FileHandler' driver.
INFO - 2023-09-05 12:15:52 --> Session: Class initialized using 'CodeIgniter\Session\Handlers\FileHandler' driver.
INFO - 2023-09-05 12:16:11 --> Session: Class initialized using 'CodeIgniter\Session\Handlers\FileHandler' driver.
CRITICAL - 2023-09-05 12:16:11 --> Cannot access offset of type string on string
in APPPATH\Controllers\AccDashboard.php on line 725.
 1 SYSTEMPATH\CodeIgniter.php(934): App\Controllers\AccDashboard->userMgt()
 2 SYSTEMPATH\CodeIgniter.php(499): CodeIgniter\CodeIgniter->runController(Object(App\Controllers\AccDashboard))
 3 SYSTEMPATH\CodeIgniter.php(368): CodeIgniter\CodeIgniter->handleRequest(null, Object(Config\Cache), false)
 4 FCPATH\index.php(67): CodeIgniter\CodeIgniter->run()
INFO - 2023-09-05 12:16:52 --> Session: Class initialized using 'CodeIgniter\Session\Handlers\FileHandler' driver.
INFO - 2023-09-05 12:17:03 --> Session: Class initialized using 'CodeIgniter\Session\Handlers\FileHandler' driver.
INFO - 2023-09-05 12:17:03 --> Session: Class initialized using 'CodeIgniter\Session\Handlers\FileHandler' driver.
INFO - 2023-09-05 12:17:19 --> Session: Class initialized using 'CodeIgniter\Session\Handlers\FileHandler' driver.
INFO - 2023-09-05 12:17:19 --> Session: Class initialized using 'CodeIgniter\Session\Handlers\FileHandler' driver.
INFO - 2023-09-05 12:17:30 --> Session: Class initialized using 'CodeIgniter\Session\Handlers\FileHandler' driver.
INFO - 2023-09-05 12:20:23 --> Session: Class initialized using 'CodeIgniter\Session\Handlers\FileHandler' driver.
INFO - 2023-09-05 12:20:26 --> Session: Class initialized using 'CodeIgniter\Session\Handlers\FileHandler' driver.
INFO - 2023-09-05 12:20:26 --> Session: Class initialized using 'CodeIgniter\Session\Handlers\FileHandler' driver.
INFO - 2023-09-05 12:20:33 --> Session: Class initialized using 'CodeIgniter\Session\Handlers\FileHandler' driver.
INFO - 2023-09-05 12:20:35 --> Session: Class initialized using 'CodeIgniter\Session\Handlers\FileHandler' driver.
INFO - 2023-09-05 12:20:39 --> Session: Class initialized using 'CodeIgniter\Session\Handlers\FileHandler' driver.
INFO - 2023-09-05 12:21:03 --> Session: Class initialized using 'CodeIgniter\Session\Handlers\FileHandler' driver.
INFO - 2023-09-05 12:21:05 --> Session: Class initialized using 'CodeIgniter\Session\Handlers\FileHandler' driver.
INFO - 2023-09-05 12:21:10 --> Session: Class initialized using 'CodeIgniter\Session\Handlers\FileHandler' driver.
INFO - 2023-09-05 12:21:10 --> Session: Class initialized using 'CodeIgniter\Session\Handlers\FileHandler' driver.
INFO - 2023-09-05 12:21:43 --> Session: Class initialized using 'CodeIgniter\Session\Handlers\FileHandler' driver.
INFO - 2023-09-05 12:21:54 --> Session: Class initialized using 'CodeIgniter\Session\Handlers\FileHandler' driver.
INFO - 2023-09-05 12:22:22 --> Session: Class initialized using 'CodeIgniter\Session\Handlers\FileHandler' driver.
INFO - 2023-09-05 12:22:26 --> Session: Class initialized using 'CodeIgniter\Session\Handlers\FileHandler' driver.
INFO - 2023-09-05 12:22:31 --> Session: Class initialized using 'CodeIgniter\Session\Handlers\FileHandler' driver.
INFO - 2023-09-05 12:22:31 --> Session: Class initialized using 'CodeIgniter\Session\Handlers\FileHandler' driver.
INFO - 2023-09-05 12:26:23 --> Session: Class initialized using 'CodeIgniter\Session\Handlers\FileHandler' driver.
CRITICAL - 2023-09-05 12:26:34 --> include(Userincludes/sidebar.php): Failed to open stream: No such file or directory
in APPPATH\Views\dashboard\readQN.php on line 215.
 1 APPPATH\Views\dashboard\readQN.php(215): CodeIgniter\Debug\Exceptions->errorHandler(2, 'include(Userincludes/sidebar.php): Failed to open stream: No such file or directory', 'APPPATH\\Views\\dashboard\\readQN.php', 215)
 2 APPPATH\Views\dashboard\readQN.php(215): include()
 3 SYSTEMPATH\View\View.php(213): include('APPPATH\\Views\\dashboard\\readQN.php')
 4 SYSTEMPATH\View\View.php(216): CodeIgniter\View\View->CodeIgniter\View\{closure}()
 5 SYSTEMPATH\Common.php(1177): CodeIgniter\View\View->render('dashboard/readQN', [], true)
 6 APPPATH\Controllers\ForumResponses.php(310): view('dashboard/readQN', [...])
 7 SYSTEMPATH\CodeIgniter.php(934): App\Controllers\ForumResponses->reviewQN()
 8 SYSTEMPATH\CodeIgniter.php(499): CodeIgniter\CodeIgniter->runController(Object(App\Controllers\ForumResponses))
 9 SYSTEMPATH\CodeIgniter.php(368): CodeIgniter\CodeIgniter->handleRequest(null, Object(Config\Cache), false)
10 FCPATH\index.php(67): CodeIgniter\CodeIgniter->run()
INFO - 2023-09-05 12:26:53 --> Session: Class initialized using 'CodeIgniter\Session\Handlers\FileHandler' driver.
CRITICAL - 2023-09-05 12:26:53 --> include(Userincludes/sidebar): Failed to open stream: No such file or directory
in APPPATH\Views\dashboard\readQN.php on line 215.
 1 APPPATH\Views\dashboard\readQN.php(215): CodeIgniter\Debug\Exceptions->errorHandler(2, 'include(Userincludes/sidebar): Failed to open stream: No such file or directory', 'APPPATH\\Views\\dashboard\\readQN.php', 215)
 2 APPPATH\Views\dashboard\readQN.php(215): include()
 3 SYSTEMPATH\View\View.php(213): include('APPPATH\\Views\\dashboard\\readQN.php')
 4 SYSTEMPATH\View\View.php(216): CodeIgniter\View\View->CodeIgniter\View\{closure}()
 5 SYSTEMPATH\Common.php(1177): CodeIgniter\View\View->render('dashboard/readQN', [], true)
 6 APPPATH\Controllers\ForumResponses.php(310): view('dashboard/readQN', [...])
 7 SYSTEMPATH\CodeIgniter.php(934): App\Controllers\ForumResponses->reviewQN()
 8 SYSTEMPATH\CodeIgniter.php(499): CodeIgniter\CodeIgniter->runController(Object(App\Controllers\ForumResponses))
 9 SYSTEMPATH\CodeIgniter.php(368): CodeIgniter\CodeIgniter->handleRequest(null, Object(Config\Cache), false)
10 FCPATH\index.php(67): CodeIgniter\CodeIgniter->run()
INFO - 2023-09-05 12:27:38 --> Session: Class initialized using 'CodeIgniter\Session\Handlers\FileHandler' driver.
CRITICAL - 2023-09-05 12:27:39 --> include(Views/sidebar): Failed to open stream: No such file or directory
in APPPATH\Views\dashboard\readQN.php on line 215.
 1 APPPATH\Views\dashboard\readQN.php(215): CodeIgniter\Debug\Exceptions->errorHandler(2, 'include(Views/sidebar): Failed to open stream: No such file or directory', 'APPPATH\\Views\\dashboard\\readQN.php', 215)
 2 APPPATH\Views\dashboard\readQN.php(215): include()
 3 SYSTEMPATH\View\View.php(213): include('APPPATH\\Views\\dashboard\\readQN.php')
 4 SYSTEMPATH\View\View.php(216): CodeIgniter\View\View->CodeIgniter\View\{closure}()
 5 SYSTEMPATH\Common.php(1177): CodeIgniter\View\View->render('dashboard/readQN', [], true)
 6 APPPATH\Controllers\ForumResponses.php(310): view('dashboard/readQN', [...])
 7 SYSTEMPATH\CodeIgniter.php(934): App\Controllers\ForumResponses->reviewQN()
 8 SYSTEMPATH\CodeIgniter.php(499): CodeIgniter\CodeIgniter->runController(Object(App\Controllers\ForumResponses))
 9 SYSTEMPATH\CodeIgniter.php(368): CodeIgniter\CodeIgniter->handleRequest(null, Object(Config\Cache), false)
10 FCPATH\index.php(67): CodeIgniter\CodeIgniter->run()
INFO - 2023-09-05 12:27:57 --> Session: Class initialized using 'CodeIgniter\Session\Handlers\FileHandler' driver.
CRITICAL - 2023-09-05 12:28:00 --> include(Views/Userincludes/sidebar): Failed to open stream: No such file or directory
in APPPATH\Views\dashboard\readQN.php on line 215.
 1 APPPATH\Views\dashboard\readQN.php(215): CodeIgniter\Debug\Exceptions->errorHandler(2, 'include(Views/Userincludes/sidebar): Failed to open stream: No such file or directory', 'APPPATH\\Views\\dashboard\\readQN.php', 215)
 2 APPPATH\Views\dashboard\readQN.php(215): include()
 3 SYSTEMPATH\View\View.php(213): include('APPPATH\\Views\\dashboard\\readQN.php')
 4 SYSTEMPATH\View\View.php(216): CodeIgniter\View\View->CodeIgniter\View\{closure}()
 5 SYSTEMPATH\Common.php(1177): CodeIgniter\View\View->render('dashboard/readQN', [], true)
 6 APPPATH\Controllers\ForumResponses.php(310): view('dashboard/readQN', [...])
 7 SYSTEMPATH\CodeIgniter.php(934): App\Controllers\ForumResponses->reviewQN()
 8 SYSTEMPATH\CodeIgniter.php(499): CodeIgniter\CodeIgniter->runController(Object(App\Controllers\ForumResponses))
 9 SYSTEMPATH\CodeIgniter.php(368): CodeIgniter\CodeIgniter->handleRequest(null, Object(Config\Cache), false)
10 FCPATH\index.php(67): CodeIgniter\CodeIgniter->run()
INFO - 2023-09-05 12:28:11 --> Session: Class initialized using 'CodeIgniter\Session\Handlers\FileHandler' driver.
CRITICAL - 2023-09-05 12:28:12 --> include(Views/Userincludes/sidebar.php): Failed to open stream: No such file or directory
in APPPATH\Views\dashboard\readQN.php on line 215.
 1 APPPATH\Views\dashboard\readQN.php(215): CodeIgniter\Debug\Exceptions->errorHandler(2, 'include(Views/Userincludes/sidebar.php): Failed to open stream: No such file or directory', 'APPPATH\\Views\\dashboard\\readQN.php', 215)
 2 APPPATH\Views\dashboard\readQN.php(215): include()
 3 SYSTEMPATH\View\View.php(213): include('APPPATH\\Views\\dashboard\\readQN.php')
 4 SYSTEMPATH\View\View.php(216): CodeIgniter\View\View->CodeIgniter\View\{closure}()
 5 SYSTEMPATH\Common.php(1177): CodeIgniter\View\View->render('dashboard/readQN', [], true)
 6 APPPATH\Controllers\ForumResponses.php(310): view('dashboard/readQN', [...])
 7 SYSTEMPATH\CodeIgniter.php(934): App\Controllers\ForumResponses->reviewQN()
 8 SYSTEMPATH\CodeIgniter.php(499): CodeIgniter\CodeIgniter->runController(Object(App\Controllers\ForumResponses))
 9 SYSTEMPATH\CodeIgniter.php(368): CodeIgniter\CodeIgniter->handleRequest(null, Object(Config\Cache), false)
10 FCPATH\index.php(67): CodeIgniter\CodeIgniter->run()
INFO - 2023-09-05 12:32:04 --> Session: Class initialized using 'CodeIgniter\Session\Handlers\FileHandler' driver.
INFO - 2023-09-05 12:32:09 --> Session: Class initialized using 'CodeIgniter\Session\Handlers\FileHandler' driver.
INFO - 2023-09-05 12:37:19 --> Session: Class initialized using 'CodeIgniter\Session\Handlers\FileHandler' driver.
INFO - 2023-09-05 12:37:21 --> Session: Class initialized using 'CodeIgniter\Session\Handlers\FileHandler' driver.
INFO - 2023-09-05 12:37:22 --> Session: Class initialized using 'CodeIgniter\Session\Handlers\FileHandler' driver.
INFO - 2023-09-05 12:37:24 --> Session: Class initialized using 'CodeIgniter\Session\Handlers\FileHandler' driver.
INFO - 2023-09-05 12:37:24 --> Session: Class initialized using 'CodeIgniter\Session\Handlers\FileHandler' driver.
INFO - 2023-09-05 12:40:26 --> Session: Class initialized using 'CodeIgniter\Session\Handlers\FileHandler' driver.
INFO - 2023-09-05 12:42:31 --> Session: Class initialized using 'CodeIgniter\Session\Handlers\FileHandler' driver.
INFO - 2023-09-05 14:09:15 --> Session: Class initialized using 'CodeIgniter\Session\Handlers\FileHandler' driver.
INFO - 2023-09-05 14:11:55 --> Session: Class initialized using 'CodeIgniter\Session\Handlers\FileHandler' driver.
INFO - 2023-09-05 14:12:53 --> Session: Class initialized using 'CodeIgniter\Session\Handlers\FileHandler' driver.
INFO - 2023-09-05 14:12:53 --> Session: Class initialized using 'CodeIgniter\Session\Handlers\FileHandler' driver.
INFO - 2023-09-05 14:12:53 --> Session: Class initialized using 'CodeIgniter\Session\Handlers\FileHandler' driver.
INFO - 2023-09-05 14:12:54 --> Session: Class initialized using 'CodeIgniter\Session\Handlers\FileHandler' driver.
INFO - 2023-09-05 14:12:54 --> Session: Class initialized using 'CodeIgniter\Session\Handlers\FileHandler' driver.
INFO - 2023-09-05 14:15:13 --> Session: Class initialized using 'CodeIgniter\Session\Handlers\FileHandler' driver.
INFO - 2023-09-05 14:16:09 --> Session: Class initialized using 'CodeIgniter\Session\Handlers\FileHandler' driver.
INFO - 2023-09-05 14:16:26 --> Session: Class initialized using 'CodeIgniter\Session\Handlers\FileHandler' driver.
INFO - 2023-09-05 14:16:27 --> Session: Class initialized using 'CodeIgniter\Session\Handlers\FileHandler' driver.
INFO - 2023-09-05 14:40:38 --> Session: Class initialized using 'CodeIgniter\Session\Handlers\FileHandler' driver.
INFO - 2023-09-05 14:49:53 --> Session: Class initialized using 'CodeIgniter\Session\Handlers\FileHandler' driver.
INFO - 2023-09-05 14:49:53 --> Session: Class initialized using 'CodeIgniter\Session\Handlers\FileHandler' driver.
INFO - 2023-09-05 14:50:42 --> Session: Class initialized using 'CodeIgniter\Session\Handlers\FileHandler' driver.
INFO - 2023-09-05 14:50:43 --> Session: Class initialized using 'CodeIgniter\Session\Handlers\FileHandler' driver.
INFO - 2023-09-05 14:52:25 --> Session: Class initialized using 'CodeIgniter\Session\Handlers\FileHandler' driver.
INFO - 2023-09-05 14:53:24 --> Session: Class initialized using 'CodeIgniter\Session\Handlers\FileHandler' driver.
INFO - 2023-09-05 14:53:32 --> Session: Class initialized using 'CodeIgniter\Session\Handlers\FileHandler' driver.
INFO - 2023-09-05 15:01:44 --> Session: Class initialized using 'CodeIgniter\Session\Handlers\FileHandler' driver.
INFO - 2023-09-05 15:01:44 --> Session: Class initialized using 'CodeIgniter\Session\Handlers\FileHandler' driver.
