WARNING - 2023-03-16 06:49:59 --> [DEPRECATED] Creation of dynamic property App\Controllers\Reg::$memberRegModel is deprecated in APPPATH\Controllers\Reg.php on line 34.
 1 SYSTEMPATH\CodeIgniter.php(906): App\Controllers\Reg->__construct()
 2 SYSTEMPATH\CodeIgniter.php(490): CodeIgniter\CodeIgniter->createController()
 3 SYSTEMPATH\CodeIgniter.php(368): CodeIgniter\CodeIgniter->handleRequest(null, Object(Config\Cache), false)
 4 FCPATH\index.php(67): CodeIgniter\CodeIgniter->run()
INFO - 2023-03-16 06:50:00 --> Session: Class initialized using 'CodeIgniter\Session\Handlers\FileHandler' driver.
WARNING - 2023-03-16 07:30:10 --> [DEPRECATED] Creation of dynamic property App\Controllers\Reg::$memberRegModel is deprecated in APPPATH\Controllers\Reg.php on line 34.
 1 SYSTEMPATH\CodeIgniter.php(906): App\Controllers\Reg->__construct()
 2 SYSTEMPATH\CodeIgniter.php(490): CodeIgniter\CodeIgniter->createController()
 3 SYSTEMPATH\CodeIgniter.php(368): CodeIgniter\CodeIgniter->handleRequest(null, Object(Config\Cache), false)
 4 FCPATH\index.php(67): CodeIgniter\CodeIgniter->run()
WARNING - 2023-03-16 07:30:10 --> [DEPRECATED] Creation of dynamic property App\Controllers\Reg::$memberRegModel is deprecated in APPPATH\Controllers\Reg.php on line 34.
 1 SYSTEMPATH\CodeIgniter.php(906): App\Controllers\Reg->__construct()
 2 SYSTEMPATH\CodeIgniter.php(490): CodeIgniter\CodeIgniter->createController()
 3 SYSTEMPATH\CodeIgniter.php(368): CodeIgniter\CodeIgniter->handleRequest(null, Object(Config\Cache), false)
 4 FCPATH\index.php(67): CodeIgniter\CodeIgniter->run()
INFO - 2023-03-16 07:30:11 --> Session: Class initialized using 'CodeIgniter\Session\Handlers\FileHandler' driver.
INFO - 2023-03-16 07:30:11 --> Session: Class initialized using 'CodeIgniter\Session\Handlers\FileHandler' driver.
WARNING - 2023-03-16 07:30:23 --> [DEPRECATED] Creation of dynamic property App\Controllers\Reg::$memberRegModel is deprecated in APPPATH\Controllers\Reg.php on line 34.
 1 SYSTEMPATH\CodeIgniter.php(906): App\Controllers\Reg->__construct()
 2 SYSTEMPATH\CodeIgniter.php(490): CodeIgniter\CodeIgniter->createController()
 3 SYSTEMPATH\CodeIgniter.php(368): CodeIgniter\CodeIgniter->handleRequest(null, Object(Config\Cache), false)
 4 FCPATH\index.php(67): CodeIgniter\CodeIgniter->run()
INFO - 2023-03-16 07:30:23 --> Session: Class initialized using 'CodeIgniter\Session\Handlers\FileHandler' driver.
WARNING - 2023-03-16 07:30:40 --> [DEPRECATED] Creation of dynamic property App\Controllers\Reg::$memberRegModel is deprecated in APPPATH\Controllers\Reg.php on line 34.
 1 SYSTEMPATH\CodeIgniter.php(906): App\Controllers\Reg->__construct()
 2 SYSTEMPATH\CodeIgniter.php(490): CodeIgniter\CodeIgniter->createController()
 3 SYSTEMPATH\CodeIgniter.php(368): CodeIgniter\CodeIgniter->handleRequest(null, Object(Config\Cache), false)
 4 FCPATH\index.php(67): CodeIgniter\CodeIgniter->run()
INFO - 2023-03-16 07:30:40 --> Session: Class initialized using 'CodeIgniter\Session\Handlers\FileHandler' driver.
INFO - 2023-03-16 07:32:13 --> Session: Class initialized using 'CodeIgniter\Session\Handlers\FileHandler' driver.
INFO - 2023-03-16 07:32:17 --> Session: Class initialized using 'CodeIgniter\Session\Handlers\FileHandler' driver.
INFO - 2023-03-16 08:34:11 --> Session: Class initialized using 'CodeIgniter\Session\Handlers\FileHandler' driver.
