INFO - 2023-05-18 11:14:49 --> Session: Class initialized using 'CodeIgniter\Session\Handlers\FileHandler' driver.
CRITICAL - 2023-05-18 11:14:51 --> Undefined variable $user
in APPPATH\Views\dashboard\userDashboard.php on line 204.
 1 APPPATH\Views\dashboard\userDashboard.php(204): CodeIgniter\Debug\Exceptions->errorHandler(2, 'Undefined variable $user', 'APPPATH\\Views\\dashboard\\userDashboard.php', 204)
 2 SYSTEMPATH\View\View.php(213): include('APPPATH\\Views\\dashboard\\userDashboard.php')
 3 SYSTEMPATH\View\View.php(216): CodeIgniter\View\View->CodeIgniter\View\{closure}()
 4 SYSTEMPATH\Common.php(1177): CodeIgniter\View\View->render('dashboard/userDashboard', [], true)
 5 APPPATH\Controllers\AccDashboard.php(19): view('dashboard/userDashboard', [...])
 6 SYSTEMPATH\CodeIgniter.php(934): App\Controllers\AccDashboard->userdash()
 7 SYSTEMPATH\CodeIgniter.php(499): CodeIgniter\CodeIgniter->runController(Object(App\Controllers\AccDashboard))
 8 SYSTEMPATH\CodeIgniter.php(368): CodeIgniter\CodeIgniter->handleRequest(null, Object(Config\Cache), false)
 9 FCPATH\index.php(67): CodeIgniter\CodeIgniter->run()
INFO - 2023-05-18 11:14:51 --> Session: Class initialized using 'CodeIgniter\Session\Handlers\FileHandler' driver.
INFO - 2023-05-18 11:15:12 --> Session: Class initialized using 'CodeIgniter\Session\Handlers\FileHandler' driver.
INFO - 2023-05-18 11:15:12 --> Session: Class initialized using 'CodeIgniter\Session\Handlers\FileHandler' driver.
CRITICAL - 2023-05-18 11:15:12 --> Undefined variable $user
in APPPATH\Views\dashboard\userDashboard.php on line 204.
 1 APPPATH\Views\dashboard\userDashboard.php(204): CodeIgniter\Debug\Exceptions->errorHandler(2, 'Undefined variable $user', 'APPPATH\\Views\\dashboard\\userDashboard.php', 204)
 2 SYSTEMPATH\View\View.php(213): include('APPPATH\\Views\\dashboard\\userDashboard.php')
 3 SYSTEMPATH\View\View.php(216): CodeIgniter\View\View->CodeIgniter\View\{closure}()
 4 SYSTEMPATH\Common.php(1177): CodeIgniter\View\View->render('dashboard/userDashboard', [], true)
 5 APPPATH\Controllers\AccDashboard.php(19): view('dashboard/userDashboard', [...])
 6 SYSTEMPATH\CodeIgniter.php(934): App\Controllers\AccDashboard->userdash()
 7 SYSTEMPATH\CodeIgniter.php(499): CodeIgniter\CodeIgniter->runController(Object(App\Controllers\AccDashboard))
 8 SYSTEMPATH\CodeIgniter.php(368): CodeIgniter\CodeIgniter->handleRequest(null, Object(Config\Cache), false)
 9 FCPATH\index.php(67): CodeIgniter\CodeIgniter->run()
INFO - 2023-05-18 11:15:33 --> Session: Class initialized using 'CodeIgniter\Session\Handlers\FileHandler' driver.
CRITICAL - 2023-05-18 11:15:33 --> Attempt to read property "fname" on array
in APPPATH\Views\dashboard\userDashboard.php on line 204.
 1 APPPATH\Views\dashboard\userDashboard.php(204): CodeIgniter\Debug\Exceptions->errorHandler(2, 'Attempt to read property "fname" on array', 'APPPATH\\Views\\dashboard\\userDashboard.php', 204)
 2 SYSTEMPATH\View\View.php(213): include('APPPATH\\Views\\dashboard\\userDashboard.php')
 3 SYSTEMPATH\View\View.php(216): CodeIgniter\View\View->CodeIgniter\View\{closure}()
 4 SYSTEMPATH\Common.php(1177): CodeIgniter\View\View->render('dashboard/userDashboard', [], true)
 5 APPPATH\Controllers\AccDashboard.php(19): view('dashboard/userDashboard', [...])
 6 SYSTEMPATH\CodeIgniter.php(934): App\Controllers\AccDashboard->userdash()
 7 SYSTEMPATH\CodeIgniter.php(499): CodeIgniter\CodeIgniter->runController(Object(App\Controllers\AccDashboard))
 8 SYSTEMPATH\CodeIgniter.php(368): CodeIgniter\CodeIgniter->handleRequest(null, Object(Config\Cache), false)
 9 FCPATH\index.php(67): CodeIgniter\CodeIgniter->run()
INFO - 2023-05-18 11:17:07 --> Session: Class initialized using 'CodeIgniter\Session\Handlers\FileHandler' driver.
CRITICAL - 2023-05-18 11:17:07 --> Attempt to read property "FirstName" on array
in APPPATH\Views\dashboard\userDashboard.php on line 204.
 1 APPPATH\Views\dashboard\userDashboard.php(204): CodeIgniter\Debug\Exceptions->errorHandler(2, 'Attempt to read property "FirstName" on array', 'APPPATH\\Views\\dashboard\\userDashboard.php', 204)
 2 SYSTEMPATH\View\View.php(213): include('APPPATH\\Views\\dashboard\\userDashboard.php')
 3 SYSTEMPATH\View\View.php(216): CodeIgniter\View\View->CodeIgniter\View\{closure}()
 4 SYSTEMPATH\Common.php(1177): CodeIgniter\View\View->render('dashboard/userDashboard', [], true)
 5 APPPATH\Controllers\AccDashboard.php(19): view('dashboard/userDashboard', [...])
 6 SYSTEMPATH\CodeIgniter.php(934): App\Controllers\AccDashboard->userdash()
 7 SYSTEMPATH\CodeIgniter.php(499): CodeIgniter\CodeIgniter->runController(Object(App\Controllers\AccDashboard))
 8 SYSTEMPATH\CodeIgniter.php(368): CodeIgniter\CodeIgniter->handleRequest(null, Object(Config\Cache), false)
 9 FCPATH\index.php(67): CodeIgniter\CodeIgniter->run()
INFO - 2023-05-18 11:19:04 --> Session: Class initialized using 'CodeIgniter\Session\Handlers\FileHandler' driver.
CRITICAL - 2023-05-18 11:19:04 --> Attempt to read property "FirstName" on array
in APPPATH\Views\dashboard\userDashboard.php on line 204.
 1 APPPATH\Views\dashboard\userDashboard.php(204): CodeIgniter\Debug\Exceptions->errorHandler(2, 'Attempt to read property "FirstName" on array', 'APPPATH\\Views\\dashboard\\userDashboard.php', 204)
 2 SYSTEMPATH\View\View.php(213): include('APPPATH\\Views\\dashboard\\userDashboard.php')
 3 SYSTEMPATH\View\View.php(216): CodeIgniter\View\View->CodeIgniter\View\{closure}()
 4 SYSTEMPATH\Common.php(1177): CodeIgniter\View\View->render('dashboard/userDashboard', [], true)
 5 APPPATH\Controllers\AccDashboard.php(19): view('dashboard/userDashboard', [...])
 6 SYSTEMPATH\CodeIgniter.php(934): App\Controllers\AccDashboard->userdash()
 7 SYSTEMPATH\CodeIgniter.php(499): CodeIgniter\CodeIgniter->runController(Object(App\Controllers\AccDashboard))
 8 SYSTEMPATH\CodeIgniter.php(368): CodeIgniter\CodeIgniter->handleRequest(null, Object(Config\Cache), false)
 9 FCPATH\index.php(67): CodeIgniter\CodeIgniter->run()
INFO - 2023-05-18 11:20:05 --> Session: Class initialized using 'CodeIgniter\Session\Handlers\FileHandler' driver.
CRITICAL - 2023-05-18 11:20:05 --> Undefined variable $user
in APPPATH\Views\dashboard\userDashboard.php on line 204.
 1 APPPATH\Views\dashboard\userDashboard.php(204): CodeIgniter\Debug\Exceptions->errorHandler(2, 'Undefined variable $user', 'APPPATH\\Views\\dashboard\\userDashboard.php', 204)
 2 SYSTEMPATH\View\View.php(213): include('APPPATH\\Views\\dashboard\\userDashboard.php')
 3 SYSTEMPATH\View\View.php(216): CodeIgniter\View\View->CodeIgniter\View\{closure}()
 4 SYSTEMPATH\Common.php(1177): CodeIgniter\View\View->render('dashboard/userDashboard', [], true)
 5 APPPATH\Controllers\AccDashboard.php(19): view('dashboard/userDashboard', [...])
 6 SYSTEMPATH\CodeIgniter.php(934): App\Controllers\AccDashboard->userdash()
 7 SYSTEMPATH\CodeIgniter.php(499): CodeIgniter\CodeIgniter->runController(Object(App\Controllers\AccDashboard))
 8 SYSTEMPATH\CodeIgniter.php(368): CodeIgniter\CodeIgniter->handleRequest(null, Object(Config\Cache), false)
 9 FCPATH\index.php(67): CodeIgniter\CodeIgniter->run()
INFO - 2023-05-18 11:20:15 --> Session: Class initialized using 'CodeIgniter\Session\Handlers\FileHandler' driver.
CRITICAL - 2023-05-18 11:20:15 --> Attempt to read property "FirstName" on array
in APPPATH\Views\dashboard\userDashboard.php on line 204.
 1 APPPATH\Views\dashboard\userDashboard.php(204): CodeIgniter\Debug\Exceptions->errorHandler(2, 'Attempt to read property "FirstName" on array', 'APPPATH\\Views\\dashboard\\userDashboard.php', 204)
 2 SYSTEMPATH\View\View.php(213): include('APPPATH\\Views\\dashboard\\userDashboard.php')
 3 SYSTEMPATH\View\View.php(216): CodeIgniter\View\View->CodeIgniter\View\{closure}()
 4 SYSTEMPATH\Common.php(1177): CodeIgniter\View\View->render('dashboard/userDashboard', [], true)
 5 APPPATH\Controllers\AccDashboard.php(19): view('dashboard/userDashboard', [...])
 6 SYSTEMPATH\CodeIgniter.php(934): App\Controllers\AccDashboard->userdash()
 7 SYSTEMPATH\CodeIgniter.php(499): CodeIgniter\CodeIgniter->runController(Object(App\Controllers\AccDashboard))
 8 SYSTEMPATH\CodeIgniter.php(368): CodeIgniter\CodeIgniter->handleRequest(null, Object(Config\Cache), false)
 9 FCPATH\index.php(67): CodeIgniter\CodeIgniter->run()
INFO - 2023-05-18 11:20:46 --> Session: Class initialized using 'CodeIgniter\Session\Handlers\FileHandler' driver.
CRITICAL - 2023-05-18 11:20:47 --> Undefined array key "FirstName"
in APPPATH\Views\dashboard\userDashboard.php on line 204.
 1 APPPATH\Views\dashboard\userDashboard.php(204): CodeIgniter\Debug\Exceptions->errorHandler(2, 'Undefined array key "FirstName"', 'APPPATH\\Views\\dashboard\\userDashboard.php', 204)
 2 SYSTEMPATH\View\View.php(213): include('APPPATH\\Views\\dashboard\\userDashboard.php')
 3 SYSTEMPATH\View\View.php(216): CodeIgniter\View\View->CodeIgniter\View\{closure}()
 4 SYSTEMPATH\Common.php(1177): CodeIgniter\View\View->render('dashboard/userDashboard', [], true)
 5 APPPATH\Controllers\AccDashboard.php(19): view('dashboard/userDashboard', [...])
 6 SYSTEMPATH\CodeIgniter.php(934): App\Controllers\AccDashboard->userdash()
 7 SYSTEMPATH\CodeIgniter.php(499): CodeIgniter\CodeIgniter->runController(Object(App\Controllers\AccDashboard))
 8 SYSTEMPATH\CodeIgniter.php(368): CodeIgniter\CodeIgniter->handleRequest(null, Object(Config\Cache), false)
 9 FCPATH\index.php(67): CodeIgniter\CodeIgniter->run()
INFO - 2023-05-18 11:23:30 --> Session: Class initialized using 'CodeIgniter\Session\Handlers\FileHandler' driver.
CRITICAL - 2023-05-18 11:23:31 --> Attempt to read property "FirstName" on array
in APPPATH\Views\dashboard\userDashboard.php on line 204.
 1 APPPATH\Views\dashboard\userDashboard.php(204): CodeIgniter\Debug\Exceptions->errorHandler(2, 'Attempt to read property "FirstName" on array', 'APPPATH\\Views\\dashboard\\userDashboard.php', 204)
 2 SYSTEMPATH\View\View.php(213): include('APPPATH\\Views\\dashboard\\userDashboard.php')
 3 SYSTEMPATH\View\View.php(216): CodeIgniter\View\View->CodeIgniter\View\{closure}()
 4 SYSTEMPATH\Common.php(1177): CodeIgniter\View\View->render('dashboard/userDashboard', [], true)
 5 APPPATH\Controllers\AccDashboard.php(19): view('dashboard/userDashboard', [...])
 6 SYSTEMPATH\CodeIgniter.php(934): App\Controllers\AccDashboard->userdash()
 7 SYSTEMPATH\CodeIgniter.php(499): CodeIgniter\CodeIgniter->runController(Object(App\Controllers\AccDashboard))
 8 SYSTEMPATH\CodeIgniter.php(368): CodeIgniter\CodeIgniter->handleRequest(null, Object(Config\Cache), false)
 9 FCPATH\index.php(67): CodeIgniter\CodeIgniter->run()
INFO - 2023-05-18 11:30:27 --> Session: Class initialized using 'CodeIgniter\Session\Handlers\FileHandler' driver.
CRITICAL - 2023-05-18 11:30:30 --> Undefined variable $data
in APPPATH\Views\dashboard\userDashboard.php on line 204.
 1 APPPATH\Views\dashboard\userDashboard.php(204): CodeIgniter\Debug\Exceptions->errorHandler(2, 'Undefined variable $data', 'APPPATH\\Views\\dashboard\\userDashboard.php', 204)
 2 SYSTEMPATH\View\View.php(213): include('APPPATH\\Views\\dashboard\\userDashboard.php')
 3 SYSTEMPATH\View\View.php(216): CodeIgniter\View\View->CodeIgniter\View\{closure}()
 4 SYSTEMPATH\Common.php(1177): CodeIgniter\View\View->render('dashboard/userDashboard', [], true)
 5 APPPATH\Controllers\AccDashboard.php(19): view('dashboard/userDashboard', [...])
 6 SYSTEMPATH\CodeIgniter.php(934): App\Controllers\AccDashboard->userdash()
 7 SYSTEMPATH\CodeIgniter.php(499): CodeIgniter\CodeIgniter->runController(Object(App\Controllers\AccDashboard))
 8 SYSTEMPATH\CodeIgniter.php(368): CodeIgniter\CodeIgniter->handleRequest(null, Object(Config\Cache), false)
 9 FCPATH\index.php(67): CodeIgniter\CodeIgniter->run()
INFO - 2023-05-18 11:55:54 --> Session: Class initialized using 'CodeIgniter\Session\Handlers\FileHandler' driver.
CRITICAL - 2023-05-18 11:55:55 --> Attempt to read property "FirstName" on array
in APPPATH\Views\dashboard\userDashboard.php on line 204.
 1 APPPATH\Views\dashboard\userDashboard.php(204): CodeIgniter\Debug\Exceptions->errorHandler(2, 'Attempt to read property "FirstName" on array', 'APPPATH\\Views\\dashboard\\userDashboard.php', 204)
 2 SYSTEMPATH\View\View.php(213): include('APPPATH\\Views\\dashboard\\userDashboard.php')
 3 SYSTEMPATH\View\View.php(216): CodeIgniter\View\View->CodeIgniter\View\{closure}()
 4 SYSTEMPATH\Common.php(1177): CodeIgniter\View\View->render('dashboard/userDashboard', [], true)
 5 APPPATH\Controllers\AccDashboard.php(19): view('dashboard/userDashboard', [...])
 6 SYSTEMPATH\CodeIgniter.php(934): App\Controllers\AccDashboard->userdash()
 7 SYSTEMPATH\CodeIgniter.php(499): CodeIgniter\CodeIgniter->runController(Object(App\Controllers\AccDashboard))
 8 SYSTEMPATH\CodeIgniter.php(368): CodeIgniter\CodeIgniter->handleRequest(null, Object(Config\Cache), false)
 9 FCPATH\index.php(67): CodeIgniter\CodeIgniter->run()
CRITICAL - 2023-05-18 12:42:59 --> Declaration of App\Filters\LoginFilter::before(CodeIgniter\HTTP\RequestInterface $request) must be compatible with CodeIgniter\Filters\FilterInterface::before(CodeIgniter\HTTP\RequestInterface $request, $arguments = null)
in APPPATH\Filters\LoginFilter.php on line 11.
 1 [internal function]: CodeIgniter\Debug\Exceptions->shutdownHandler()
CRITICAL - 2023-05-18 12:43:38 --> Declaration of App\Filters\LoginFilter::before(CodeIgniter\HTTP\RequestInterface $request) must be compatible with CodeIgniter\Filters\FilterInterface::before(CodeIgniter\HTTP\RequestInterface $request, $arguments = null)
in APPPATH\Filters\LoginFilter.php on line 11.
 1 [internal function]: CodeIgniter\Debug\Exceptions->shutdownHandler()
CRITICAL - 2023-05-18 12:43:40 --> Declaration of App\Filters\LoginFilter::before(CodeIgniter\HTTP\RequestInterface $request) must be compatible with CodeIgniter\Filters\FilterInterface::before(CodeIgniter\HTTP\RequestInterface $request, $arguments = null)
in APPPATH\Filters\LoginFilter.php on line 11.
 1 [internal function]: CodeIgniter\Debug\Exceptions->shutdownHandler()
CRITICAL - 2023-05-18 12:49:17 --> Declaration of App\Filters\LoginFilter::before(CodeIgniter\HTTP\RequestInterface $request) must be compatible with CodeIgniter\Filters\FilterInterface::before(CodeIgniter\HTTP\RequestInterface $request, $arguments = null)
in APPPATH\Filters\LoginFilter.php on line 11.
 1 [internal function]: CodeIgniter\Debug\Exceptions->shutdownHandler()
CRITICAL - 2023-05-18 12:49:20 --> Declaration of App\Filters\LoginFilter::before(CodeIgniter\HTTP\RequestInterface $request) must be compatible with CodeIgniter\Filters\FilterInterface::before(CodeIgniter\HTTP\RequestInterface $request, $arguments = null)
in APPPATH\Filters\LoginFilter.php on line 11.
 1 [internal function]: CodeIgniter\Debug\Exceptions->shutdownHandler()
CRITICAL - 2023-05-18 12:49:21 --> Declaration of App\Filters\LoginFilter::before(CodeIgniter\HTTP\RequestInterface $request) must be compatible with CodeIgniter\Filters\FilterInterface::before(CodeIgniter\HTTP\RequestInterface $request, $arguments = null)
in APPPATH\Filters\LoginFilter.php on line 11.
 1 [internal function]: CodeIgniter\Debug\Exceptions->shutdownHandler()
CRITICAL - 2023-05-18 12:49:21 --> Declaration of App\Filters\LoginFilter::before(CodeIgniter\HTTP\RequestInterface $request) must be compatible with CodeIgniter\Filters\FilterInterface::before(CodeIgniter\HTTP\RequestInterface $request, $arguments = null)
in APPPATH\Filters\LoginFilter.php on line 11.
 1 [internal function]: CodeIgniter\Debug\Exceptions->shutdownHandler()
CRITICAL - 2023-05-18 12:49:21 --> Declaration of App\Filters\LoginFilter::before(CodeIgniter\HTTP\RequestInterface $request) must be compatible with CodeIgniter\Filters\FilterInterface::before(CodeIgniter\HTTP\RequestInterface $request, $arguments = null)
in APPPATH\Filters\LoginFilter.php on line 11.
 1 [internal function]: CodeIgniter\Debug\Exceptions->shutdownHandler()
CRITICAL - 2023-05-18 12:49:21 --> Declaration of App\Filters\LoginFilter::before(CodeIgniter\HTTP\RequestInterface $request) must be compatible with CodeIgniter\Filters\FilterInterface::before(CodeIgniter\HTTP\RequestInterface $request, $arguments = null)
in APPPATH\Filters\LoginFilter.php on line 11.
 1 [internal function]: CodeIgniter\Debug\Exceptions->shutdownHandler()
CRITICAL - 2023-05-18 12:49:21 --> Declaration of App\Filters\LoginFilter::before(CodeIgniter\HTTP\RequestInterface $request) must be compatible with CodeIgniter\Filters\FilterInterface::before(CodeIgniter\HTTP\RequestInterface $request, $arguments = null)
in APPPATH\Filters\LoginFilter.php on line 11.
 1 [internal function]: CodeIgniter\Debug\Exceptions->shutdownHandler()
CRITICAL - 2023-05-18 12:49:21 --> Declaration of App\Filters\LoginFilter::before(CodeIgniter\HTTP\RequestInterface $request) must be compatible with CodeIgniter\Filters\FilterInterface::before(CodeIgniter\HTTP\RequestInterface $request, $arguments = null)
in APPPATH\Filters\LoginFilter.php on line 11.
 1 [internal function]: CodeIgniter\Debug\Exceptions->shutdownHandler()
CRITICAL - 2023-05-18 12:51:42 --> Declaration of App\Filters\LoginFilter::before(CodeIgniter\HTTP\RequestInterface $request) must be compatible with CodeIgniter\Filters\FilterInterface::before(CodeIgniter\HTTP\RequestInterface $request, $arguments = null)
in APPPATH\Filters\LoginFilter.php on line 11.
 1 [internal function]: CodeIgniter\Debug\Exceptions->shutdownHandler()
CRITICAL - 2023-05-18 12:59:26 --> Declaration of App\Filters\LoginFilter::before(CodeIgniter\HTTP\RequestInterface $request) must be compatible with CodeIgniter\Filters\FilterInterface::before(CodeIgniter\HTTP\RequestInterface $request, $arguments = null)
in APPPATH\Filters\LoginFilter.php on line 11.
 1 [internal function]: CodeIgniter\Debug\Exceptions->shutdownHandler()
INFO - 2023-05-18 12:59:55 --> Session: Class initialized using 'CodeIgniter\Session\Handlers\FileHandler' driver.
INFO - 2023-05-18 12:59:56 --> Session: Class initialized using 'CodeIgniter\Session\Handlers\FileHandler' driver.
INFO - 2023-05-18 13:00:13 --> Session: Class initialized using 'CodeIgniter\Session\Handlers\FileHandler' driver.
INFO - 2023-05-18 13:00:14 --> Session: Class initialized using 'CodeIgniter\Session\Handlers\FileHandler' driver.
INFO - 2023-05-18 13:00:15 --> Session: Class initialized using 'CodeIgniter\Session\Handlers\FileHandler' driver.
INFO - 2023-05-18 13:00:47 --> Session: Class initialized using 'CodeIgniter\Session\Handlers\FileHandler' driver.
INFO - 2023-05-18 13:00:48 --> Session: Class initialized using 'CodeIgniter\Session\Handlers\FileHandler' driver.
INFO - 2023-05-18 13:00:48 --> Session: Class initialized using 'CodeIgniter\Session\Handlers\FileHandler' driver.
INFO - 2023-05-18 16:05:13 --> Session: Class initialized using 'CodeIgniter\Session\Handlers\FileHandler' driver.
