INFO - 2023-06-20 08:42:17 --> Session: Class initialized using 'CodeIgniter\Session\Handlers\FileHandler' driver.
INFO - 2023-06-20 08:42:19 --> Session: Class initialized using 'CodeIgniter\Session\Handlers\FileHandler' driver.
INFO - 2023-06-20 09:01:47 --> Session: Class initialized using 'CodeIgniter\Session\Handlers\FileHandler' driver.
INFO - 2023-06-20 09:01:52 --> Session: Class initialized using 'CodeIgniter\Session\Handlers\FileHandler' driver.
INFO - 2023-06-20 09:02:24 --> Session: Class initialized using 'CodeIgniter\Session\Handlers\FileHandler' driver.
INFO - 2023-06-20 09:02:25 --> Session: Class initialized using 'CodeIgniter\Session\Handlers\FileHandler' driver.
INFO - 2023-06-20 09:02:34 --> Session: Class initialized using 'CodeIgniter\Session\Handlers\FileHandler' driver.
INFO - 2023-06-20 09:03:18 --> Session: Class initialized using 'CodeIgniter\Session\Handlers\FileHandler' driver.
INFO - 2023-06-20 09:03:46 --> Session: Class initialized using 'CodeIgniter\Session\Handlers\FileHandler' driver.
INFO - 2023-06-20 09:07:05 --> Session: Class initialized using 'CodeIgniter\Session\Handlers\FileHandler' driver.
INFO - 2023-06-20 09:09:31 --> Session: Class initialized using 'CodeIgniter\Session\Handlers\FileHandler' driver.
INFO - 2023-06-20 09:18:57 --> Session: Class initialized using 'CodeIgniter\Session\Handlers\FileHandler' driver.
INFO - 2023-06-20 09:19:15 --> Session: Class initialized using 'CodeIgniter\Session\Handlers\FileHandler' driver.
INFO - 2023-06-20 09:21:09 --> Session: Class initialized using 'CodeIgniter\Session\Handlers\FileHandler' driver.
INFO - 2023-06-20 09:25:54 --> Session: Class initialized using 'CodeIgniter\Session\Handlers\FileHandler' driver.
INFO - 2023-06-20 09:27:40 --> Session: Class initialized using 'CodeIgniter\Session\Handlers\FileHandler' driver.
INFO - 2023-06-20 09:28:59 --> Session: Class initialized using 'CodeIgniter\Session\Handlers\FileHandler' driver.
INFO - 2023-06-20 09:30:42 --> Session: Class initialized using 'CodeIgniter\Session\Handlers\FileHandler' driver.
INFO - 2023-06-20 09:31:08 --> Session: Class initialized using 'CodeIgniter\Session\Handlers\FileHandler' driver.
INFO - 2023-06-20 09:31:23 --> Session: Class initialized using 'CodeIgniter\Session\Handlers\FileHandler' driver.
INFO - 2023-06-20 09:41:05 --> Session: Class initialized using 'CodeIgniter\Session\Handlers\FileHandler' driver.
INFO - 2023-06-20 09:41:26 --> Session: Class initialized using 'CodeIgniter\Session\Handlers\FileHandler' driver.
INFO - 2023-06-20 09:41:44 --> Session: Class initialized using 'CodeIgniter\Session\Handlers\FileHandler' driver.
INFO - 2023-06-20 09:57:56 --> Session: Class initialized using 'CodeIgniter\Session\Handlers\FileHandler' driver.
INFO - 2023-06-20 09:58:59 --> Session: Class initialized using 'CodeIgniter\Session\Handlers\FileHandler' driver.
INFO - 2023-06-20 10:11:28 --> Session: Class initialized using 'CodeIgniter\Session\Handlers\FileHandler' driver.
INFO - 2023-06-20 10:12:32 --> Session: Class initialized using 'CodeIgniter\Session\Handlers\FileHandler' driver.
INFO - 2023-06-20 10:21:52 --> Session: Class initialized using 'CodeIgniter\Session\Handlers\FileHandler' driver.
INFO - 2023-06-20 10:22:02 --> Session: Class initialized using 'CodeIgniter\Session\Handlers\FileHandler' driver.
INFO - 2023-06-20 10:22:08 --> Session: Class initialized using 'CodeIgniter\Session\Handlers\FileHandler' driver.
INFO - 2023-06-20 10:22:38 --> Session: Class initialized using 'CodeIgniter\Session\Handlers\FileHandler' driver.
INFO - 2023-06-20 10:23:09 --> Session: Class initialized using 'CodeIgniter\Session\Handlers\FileHandler' driver.
INFO - 2023-06-20 10:23:28 --> Session: Class initialized using 'CodeIgniter\Session\Handlers\FileHandler' driver.
INFO - 2023-06-20 10:30:43 --> Session: Class initialized using 'CodeIgniter\Session\Handlers\FileHandler' driver.
INFO - 2023-06-20 10:38:21 --> Session: Class initialized using 'CodeIgniter\Session\Handlers\FileHandler' driver.
INFO - 2023-06-20 10:38:31 --> Session: Class initialized using 'CodeIgniter\Session\Handlers\FileHandler' driver.
INFO - 2023-06-20 10:39:14 --> Session: Class initialized using 'CodeIgniter\Session\Handlers\FileHandler' driver.
INFO - 2023-06-20 10:51:03 --> Session: Class initialized using 'CodeIgniter\Session\Handlers\FileHandler' driver.
INFO - 2023-06-20 11:20:55 --> Session: Class initialized using 'CodeIgniter\Session\Handlers\FileHandler' driver.
INFO - 2023-06-20 11:23:07 --> Session: Class initialized using 'CodeIgniter\Session\Handlers\FileHandler' driver.
INFO - 2023-06-20 11:23:20 --> Session: Class initialized using 'CodeIgniter\Session\Handlers\FileHandler' driver.
INFO - 2023-06-20 11:23:46 --> Session: Class initialized using 'CodeIgniter\Session\Handlers\FileHandler' driver.
INFO - 2023-06-20 11:23:52 --> Session: Class initialized using 'CodeIgniter\Session\Handlers\FileHandler' driver.
INFO - 2023-06-20 11:23:55 --> Session: Class initialized using 'CodeIgniter\Session\Handlers\FileHandler' driver.
INFO - 2023-06-20 11:23:59 --> Session: Class initialized using 'CodeIgniter\Session\Handlers\FileHandler' driver.
INFO - 2023-06-20 11:24:02 --> Session: Class initialized using 'CodeIgniter\Session\Handlers\FileHandler' driver.
INFO - 2023-06-20 11:24:10 --> Session: Class initialized using 'CodeIgniter\Session\Handlers\FileHandler' driver.
INFO - 2023-06-20 12:18:37 --> Session: Class initialized using 'CodeIgniter\Session\Handlers\FileHandler' driver.
INFO - 2023-06-20 12:19:19 --> Session: Class initialized using 'CodeIgniter\Session\Handlers\FileHandler' driver.
INFO - 2023-06-20 12:19:22 --> Session: Class initialized using 'CodeIgniter\Session\Handlers\FileHandler' driver.
INFO - 2023-06-20 12:19:29 --> Session: Class initialized using 'CodeIgniter\Session\Handlers\FileHandler' driver.
INFO - 2023-06-20 12:20:49 --> Session: Class initialized using 'CodeIgniter\Session\Handlers\FileHandler' driver.
INFO - 2023-06-20 12:20:59 --> Session: Class initialized using 'CodeIgniter\Session\Handlers\FileHandler' driver.
INFO - 2023-06-20 12:23:02 --> Session: Class initialized using 'CodeIgniter\Session\Handlers\FileHandler' driver.
INFO - 2023-06-20 12:24:45 --> Session: Class initialized using 'CodeIgniter\Session\Handlers\FileHandler' driver.
CRITICAL - 2023-06-20 12:24:49 --> Undefined variable $userdata
in APPPATH\Views\dashboard\profile.php on line 210.
 1 APPPATH\Views\dashboard\profile.php(210): CodeIgniter\Debug\Exceptions->errorHandler(2, 'Undefined variable $userdata', 'APPPATH\\Views\\dashboard\\profile.php', 210)
 2 SYSTEMPATH\View\View.php(213): include('APPPATH\\Views\\dashboard\\profile.php')
 3 SYSTEMPATH\View\View.php(216): CodeIgniter\View\View->CodeIgniter\View\{closure}()
 4 SYSTEMPATH\Common.php(1177): CodeIgniter\View\View->render('dashboard/profile', [], true)
 5 APPPATH\Controllers\AccDashboard.php(181): view('dashboard/profile', [...])
 6 SYSTEMPATH\CodeIgniter.php(934): App\Controllers\AccDashboard->updateUser()
 7 SYSTEMPATH\CodeIgniter.php(499): CodeIgniter\CodeIgniter->runController(Object(App\Controllers\AccDashboard))
 8 SYSTEMPATH\CodeIgniter.php(368): CodeIgniter\CodeIgniter->handleRequest(null, Object(Config\Cache), false)
 9 FCPATH\index.php(67): CodeIgniter\CodeIgniter->run()
INFO - 2023-06-20 12:45:52 --> Session: Class initialized using 'CodeIgniter\Session\Handlers\FileHandler' driver.
INFO - 2023-06-20 12:46:05 --> Session: Class initialized using 'CodeIgniter\Session\Handlers\FileHandler' driver.
INFO - 2023-06-20 12:46:11 --> Session: Class initialized using 'CodeIgniter\Session\Handlers\FileHandler' driver.
INFO - 2023-06-20 12:46:41 --> Session: Class initialized using 'CodeIgniter\Session\Handlers\FileHandler' driver.
INFO - 2023-06-20 12:46:43 --> Session: Class initialized using 'CodeIgniter\Session\Handlers\FileHandler' driver.
INFO - 2023-06-20 12:46:45 --> Session: Class initialized using 'CodeIgniter\Session\Handlers\FileHandler' driver.
INFO - 2023-06-20 12:47:12 --> Session: Class initialized using 'CodeIgniter\Session\Handlers\FileHandler' driver.
INFO - 2023-06-20 12:47:24 --> Session: Class initialized using 'CodeIgniter\Session\Handlers\FileHandler' driver.
INFO - 2023-06-20 13:05:25 --> Session: Class initialized using 'CodeIgniter\Session\Handlers\FileHandler' driver.
CRITICAL - 2023-06-20 13:15:37 --> syntax error, unexpected token ";"
in APPPATH\Controllers\Login.php on line 204.
 1 SYSTEMPATH\Autoloader\Autoloader.php(289): CodeIgniter\Autoloader\Autoloader->includeFile('APPPATH\\Controllers\\Login.php')
 2 SYSTEMPATH\Autoloader\Autoloader.php(267): CodeIgniter\Autoloader\Autoloader->loadInNamespace('App\\Controllers\\Login')
 3 [internal function]: CodeIgniter\Autoloader\Autoloader->loadClass('App\\Controllers\\Login')
 4 SYSTEMPATH\CodeIgniter.php(892): class_exists('\\App\\Controllers\\Login', true)
 5 SYSTEMPATH\CodeIgniter.php(486): CodeIgniter\CodeIgniter->startController()
 6 SYSTEMPATH\CodeIgniter.php(368): CodeIgniter\CodeIgniter->handleRequest(null, Object(Config\Cache), false)
 7 FCPATH\index.php(67): CodeIgniter\CodeIgniter->run()
INFO - 2023-06-20 13:22:52 --> Session: Class initialized using 'CodeIgniter\Session\Handlers\FileHandler' driver.
INFO - 2023-06-20 13:22:53 --> Session: Class initialized using 'CodeIgniter\Session\Handlers\FileHandler' driver.
INFO - 2023-06-20 13:23:02 --> Session: Class initialized using 'CodeIgniter\Session\Handlers\FileHandler' driver.
INFO - 2023-06-20 13:23:06 --> Session: Class initialized using 'CodeIgniter\Session\Handlers\FileHandler' driver.
CRITICAL - 2023-06-20 13:23:08 --> Undefined array key "FirstName"
in APPPATH\Views\emailTemplates\forgotPwd.php on line 63.
 1 APPPATH\Views\emailTemplates\forgotPwd.php(63): CodeIgniter\Debug\Exceptions->errorHandler(2, 'Undefined array key "FirstName"', 'APPPATH\\Views\\emailTemplates\\forgotPwd.php', 63)
 2 SYSTEMPATH\View\View.php(213): include('APPPATH\\Views\\emailTemplates\\forgotPwd.php')
 3 SYSTEMPATH\View\View.php(216): CodeIgniter\View\View->CodeIgniter\View\{closure}()
 4 SYSTEMPATH\Common.php(1177): CodeIgniter\View\View->render('emailTemplates/forgotPwd', [], true)
 5 APPPATH\Controllers\Login.php(205): view('emailTemplates/forgotPwd', [...])
 6 SYSTEMPATH\CodeIgniter.php(934): App\Controllers\Login->forgotPwd()
 7 SYSTEMPATH\CodeIgniter.php(499): CodeIgniter\CodeIgniter->runController(Object(App\Controllers\Login))
 8 SYSTEMPATH\CodeIgniter.php(368): CodeIgniter\CodeIgniter->handleRequest(null, Object(Config\Cache), false)
 9 FCPATH\index.php(67): CodeIgniter\CodeIgniter->run()
INFO - 2023-06-20 13:33:12 --> Session: Class initialized using 'CodeIgniter\Session\Handlers\FileHandler' driver.
INFO - 2023-06-20 14:38:24 --> Session: Class initialized using 'CodeIgniter\Session\Handlers\FileHandler' driver.
INFO - 2023-06-20 14:44:31 --> Session: Class initialized using 'CodeIgniter\Session\Handlers\FileHandler' driver.
CRITICAL - 2023-06-20 14:44:33 --> CodeIgniter\Session\Session::get(): Argument #1 ($key) must be of type ?string, array given, called in C:\xampp\htdocs\UCLF\app\Controllers\Login.php on line 205
in SYSTEMPATH\Session\Session.php on line 502.
 1 APPPATH\Controllers\Login.php(205): CodeIgniter\Session\Session->get([...])
 2 SYSTEMPATH\CodeIgniter.php(934): App\Controllers\Login->forgotPwd()
 3 SYSTEMPATH\CodeIgniter.php(499): CodeIgniter\CodeIgniter->runController(Object(App\Controllers\Login))
 4 SYSTEMPATH\CodeIgniter.php(368): CodeIgniter\CodeIgniter->handleRequest(null, Object(Config\Cache), false)
 5 FCPATH\index.php(67): CodeIgniter\CodeIgniter->run()
INFO - 2023-06-20 14:45:39 --> Session: Class initialized using 'CodeIgniter\Session\Handlers\FileHandler' driver.
CRITICAL - 2023-06-20 14:45:39 --> CodeIgniter\Session\Session::get(): Argument #1 ($key) must be of type ?string, array given, called in C:\xampp\htdocs\UCLF\app\Controllers\Login.php on line 206
in SYSTEMPATH\Session\Session.php on line 502.
 1 APPPATH\Controllers\Login.php(206): CodeIgniter\Session\Session->get([...])
 2 SYSTEMPATH\CodeIgniter.php(934): App\Controllers\Login->forgotPwd()
 3 SYSTEMPATH\CodeIgniter.php(499): CodeIgniter\CodeIgniter->runController(Object(App\Controllers\Login))
 4 SYSTEMPATH\CodeIgniter.php(368): CodeIgniter\CodeIgniter->handleRequest(null, Object(Config\Cache), false)
 5 FCPATH\index.php(67): CodeIgniter\CodeIgniter->run()
INFO - 2023-06-20 14:47:24 --> Session: Class initialized using 'CodeIgniter\Session\Handlers\FileHandler' driver.
CRITICAL - 2023-06-20 14:47:25 --> CodeIgniter\Session\Session::get(): Argument #1 ($key) must be of type ?string, array given, called in C:\xampp\htdocs\UCLF\app\Controllers\Login.php on line 205
in SYSTEMPATH\Session\Session.php on line 502.
 1 APPPATH\Controllers\Login.php(205): CodeIgniter\Session\Session->get([...])
 2 SYSTEMPATH\CodeIgniter.php(934): App\Controllers\Login->forgotPwd()
 3 SYSTEMPATH\CodeIgniter.php(499): CodeIgniter\CodeIgniter->runController(Object(App\Controllers\Login))
 4 SYSTEMPATH\CodeIgniter.php(368): CodeIgniter\CodeIgniter->handleRequest(null, Object(Config\Cache), false)
 5 FCPATH\index.php(67): CodeIgniter\CodeIgniter->run()
INFO - 2023-06-20 14:47:57 --> Session: Class initialized using 'CodeIgniter\Session\Handlers\FileHandler' driver.
CRITICAL - 2023-06-20 14:47:57 --> CodeIgniter\Session\Session::get(): Argument #1 ($key) must be of type ?string, array given, called in C:\xampp\htdocs\UCLF\app\Controllers\Login.php on line 205
in SYSTEMPATH\Session\Session.php on line 502.
 1 APPPATH\Controllers\Login.php(205): CodeIgniter\Session\Session->get([...])
 2 SYSTEMPATH\CodeIgniter.php(934): App\Controllers\Login->forgotPwd()
 3 SYSTEMPATH\CodeIgniter.php(499): CodeIgniter\CodeIgniter->runController(Object(App\Controllers\Login))
 4 SYSTEMPATH\CodeIgniter.php(368): CodeIgniter\CodeIgniter->handleRequest(null, Object(Config\Cache), false)
 5 FCPATH\index.php(67): CodeIgniter\CodeIgniter->run()
INFO - 2023-06-20 14:53:31 --> Session: Class initialized using 'CodeIgniter\Session\Handlers\FileHandler' driver.
CRITICAL - 2023-06-20 14:53:32 --> CodeIgniter\Session\Session::get(): Argument #1 ($key) must be of type ?string, array given, called in C:\xampp\htdocs\UCLF\app\Controllers\Login.php on line 207
in SYSTEMPATH\Session\Session.php on line 502.
 1 APPPATH\Controllers\Login.php(207): CodeIgniter\Session\Session->get([...])
 2 SYSTEMPATH\CodeIgniter.php(934): App\Controllers\Login->forgotPwd()
 3 SYSTEMPATH\CodeIgniter.php(499): CodeIgniter\CodeIgniter->runController(Object(App\Controllers\Login))
 4 SYSTEMPATH\CodeIgniter.php(368): CodeIgniter\CodeIgniter->handleRequest(null, Object(Config\Cache), false)
 5 FCPATH\index.php(67): CodeIgniter\CodeIgniter->run()
INFO - 2023-06-20 14:54:27 --> Session: Class initialized using 'CodeIgniter\Session\Handlers\FileHandler' driver.
CRITICAL - 2023-06-20 14:54:29 --> Undefined array key "FirstName"
in APPPATH\Views\emailTemplates\forgotPwd.php on line 63.
 1 APPPATH\Views\emailTemplates\forgotPwd.php(63): CodeIgniter\Debug\Exceptions->errorHandler(2, 'Undefined array key "FirstName"', 'APPPATH\\Views\\emailTemplates\\forgotPwd.php', 63)
 2 SYSTEMPATH\View\View.php(213): include('APPPATH\\Views\\emailTemplates\\forgotPwd.php')
 3 SYSTEMPATH\View\View.php(216): CodeIgniter\View\View->CodeIgniter\View\{closure}()
 4 SYSTEMPATH\Common.php(1177): CodeIgniter\View\View->render('emailTemplates/forgotPwd', [], true)
 5 APPPATH\Controllers\Login.php(208): view('emailTemplates/forgotPwd', [...])
 6 SYSTEMPATH\CodeIgniter.php(934): App\Controllers\Login->forgotPwd()
 7 SYSTEMPATH\CodeIgniter.php(499): CodeIgniter\CodeIgniter->runController(Object(App\Controllers\Login))
 8 SYSTEMPATH\CodeIgniter.php(368): CodeIgniter\CodeIgniter->handleRequest(null, Object(Config\Cache), false)
 9 FCPATH\index.php(67): CodeIgniter\CodeIgniter->run()
INFO - 2023-06-20 14:55:08 --> Session: Class initialized using 'CodeIgniter\Session\Handlers\FileHandler' driver.
CRITICAL - 2023-06-20 14:55:09 --> Undefined variable $userdata
in APPPATH\Views\emailTemplates\forgotPwd.php on line 63.
 1 APPPATH\Views\emailTemplates\forgotPwd.php(63): CodeIgniter\Debug\Exceptions->errorHandler(2, 'Undefined variable $userdata', 'APPPATH\\Views\\emailTemplates\\forgotPwd.php', 63)
 2 SYSTEMPATH\View\View.php(213): include('APPPATH\\Views\\emailTemplates\\forgotPwd.php')
 3 SYSTEMPATH\View\View.php(216): CodeIgniter\View\View->CodeIgniter\View\{closure}()
 4 SYSTEMPATH\Common.php(1177): CodeIgniter\View\View->render('emailTemplates/forgotPwd', [], true)
 5 APPPATH\Controllers\Login.php(208): view('emailTemplates/forgotPwd', [...])
 6 SYSTEMPATH\CodeIgniter.php(934): App\Controllers\Login->forgotPwd()
 7 SYSTEMPATH\CodeIgniter.php(499): CodeIgniter\CodeIgniter->runController(Object(App\Controllers\Login))
 8 SYSTEMPATH\CodeIgniter.php(368): CodeIgniter\CodeIgniter->handleRequest(null, Object(Config\Cache), false)
 9 FCPATH\index.php(67): CodeIgniter\CodeIgniter->run()
INFO - 2023-06-20 14:55:12 --> Session: Class initialized using 'CodeIgniter\Session\Handlers\FileHandler' driver.
CRITICAL - 2023-06-20 14:55:13 --> Undefined variable $userdata
in APPPATH\Views\emailTemplates\forgotPwd.php on line 63.
 1 APPPATH\Views\emailTemplates\forgotPwd.php(63): CodeIgniter\Debug\Exceptions->errorHandler(2, 'Undefined variable $userdata', 'APPPATH\\Views\\emailTemplates\\forgotPwd.php', 63)
 2 SYSTEMPATH\View\View.php(213): include('APPPATH\\Views\\emailTemplates\\forgotPwd.php')
 3 SYSTEMPATH\View\View.php(216): CodeIgniter\View\View->CodeIgniter\View\{closure}()
 4 SYSTEMPATH\Common.php(1177): CodeIgniter\View\View->render('emailTemplates/forgotPwd', [], true)
 5 APPPATH\Controllers\Login.php(208): view('emailTemplates/forgotPwd', [...])
 6 SYSTEMPATH\CodeIgniter.php(934): App\Controllers\Login->forgotPwd()
 7 SYSTEMPATH\CodeIgniter.php(499): CodeIgniter\CodeIgniter->runController(Object(App\Controllers\Login))
 8 SYSTEMPATH\CodeIgniter.php(368): CodeIgniter\CodeIgniter->handleRequest(null, Object(Config\Cache), false)
 9 FCPATH\index.php(67): CodeIgniter\CodeIgniter->run()
INFO - 2023-06-20 14:55:34 --> Session: Class initialized using 'CodeIgniter\Session\Handlers\FileHandler' driver.
INFO - 2023-06-20 14:55:34 --> Session: Class initialized using 'CodeIgniter\Session\Handlers\FileHandler' driver.
INFO - 2023-06-20 14:55:43 --> Session: Class initialized using 'CodeIgniter\Session\Handlers\FileHandler' driver.
INFO - 2023-06-20 14:55:47 --> Session: Class initialized using 'CodeIgniter\Session\Handlers\FileHandler' driver.
CRITICAL - 2023-06-20 14:55:48 --> Undefined variable $userdata
in APPPATH\Views\emailTemplates\forgotPwd.php on line 63.
 1 APPPATH\Views\emailTemplates\forgotPwd.php(63): CodeIgniter\Debug\Exceptions->errorHandler(2, 'Undefined variable $userdata', 'APPPATH\\Views\\emailTemplates\\forgotPwd.php', 63)
 2 SYSTEMPATH\View\View.php(213): include('APPPATH\\Views\\emailTemplates\\forgotPwd.php')
 3 SYSTEMPATH\View\View.php(216): CodeIgniter\View\View->CodeIgniter\View\{closure}()
 4 SYSTEMPATH\Common.php(1177): CodeIgniter\View\View->render('emailTemplates/forgotPwd', [], true)
 5 APPPATH\Controllers\Login.php(208): view('emailTemplates/forgotPwd', [...])
 6 SYSTEMPATH\CodeIgniter.php(934): App\Controllers\Login->forgotPwd()
 7 SYSTEMPATH\CodeIgniter.php(499): CodeIgniter\CodeIgniter->runController(Object(App\Controllers\Login))
 8 SYSTEMPATH\CodeIgniter.php(368): CodeIgniter\CodeIgniter->handleRequest(null, Object(Config\Cache), false)
 9 FCPATH\index.php(67): CodeIgniter\CodeIgniter->run()
INFO - 2023-06-20 14:57:01 --> Session: Class initialized using 'CodeIgniter\Session\Handlers\FileHandler' driver.
CRITICAL - 2023-06-20 14:57:01 --> Undefined variable $userdata
in APPPATH\Views\emailTemplates\forgotPwd.php on line 63.
 1 APPPATH\Views\emailTemplates\forgotPwd.php(63): CodeIgniter\Debug\Exceptions->errorHandler(2, 'Undefined variable $userdata', 'APPPATH\\Views\\emailTemplates\\forgotPwd.php', 63)
 2 SYSTEMPATH\View\View.php(213): include('APPPATH\\Views\\emailTemplates\\forgotPwd.php')
 3 SYSTEMPATH\View\View.php(216): CodeIgniter\View\View->CodeIgniter\View\{closure}()
 4 SYSTEMPATH\Common.php(1177): CodeIgniter\View\View->render('emailTemplates/forgotPwd', [], true)
 5 APPPATH\Controllers\Login.php(209): view('emailTemplates/forgotPwd', [...])
 6 SYSTEMPATH\CodeIgniter.php(934): App\Controllers\Login->forgotPwd()
 7 SYSTEMPATH\CodeIgniter.php(499): CodeIgniter\CodeIgniter->runController(Object(App\Controllers\Login))
 8 SYSTEMPATH\CodeIgniter.php(368): CodeIgniter\CodeIgniter->handleRequest(null, Object(Config\Cache), false)
 9 FCPATH\index.php(67): CodeIgniter\CodeIgniter->run()
INFO - 2023-06-20 14:57:25 --> Session: Class initialized using 'CodeIgniter\Session\Handlers\FileHandler' driver.
CRITICAL - 2023-06-20 14:57:26 --> Undefined array key "FirstName"
in APPPATH\Views\emailTemplates\forgotPwd.php on line 63.
 1 APPPATH\Views\emailTemplates\forgotPwd.php(63): CodeIgniter\Debug\Exceptions->errorHandler(2, 'Undefined array key "FirstName"', 'APPPATH\\Views\\emailTemplates\\forgotPwd.php', 63)
 2 SYSTEMPATH\View\View.php(213): include('APPPATH\\Views\\emailTemplates\\forgotPwd.php')
 3 SYSTEMPATH\View\View.php(216): CodeIgniter\View\View->CodeIgniter\View\{closure}()
 4 SYSTEMPATH\Common.php(1177): CodeIgniter\View\View->render('emailTemplates/forgotPwd', [], true)
 5 APPPATH\Controllers\Login.php(209): view('emailTemplates/forgotPwd', [...])
 6 SYSTEMPATH\CodeIgniter.php(934): App\Controllers\Login->forgotPwd()
 7 SYSTEMPATH\CodeIgniter.php(499): CodeIgniter\CodeIgniter->runController(Object(App\Controllers\Login))
 8 SYSTEMPATH\CodeIgniter.php(368): CodeIgniter\CodeIgniter->handleRequest(null, Object(Config\Cache), false)
 9 FCPATH\index.php(67): CodeIgniter\CodeIgniter->run()
INFO - 2023-06-20 14:58:13 --> Session: Class initialized using 'CodeIgniter\Session\Handlers\FileHandler' driver.
CRITICAL - 2023-06-20 14:58:13 --> Undefined array key "FirstName"
in APPPATH\Views\emailTemplates\forgotPwd.php on line 63.
 1 APPPATH\Views\emailTemplates\forgotPwd.php(63): CodeIgniter\Debug\Exceptions->errorHandler(2, 'Undefined array key "FirstName"', 'APPPATH\\Views\\emailTemplates\\forgotPwd.php', 63)
 2 SYSTEMPATH\View\View.php(213): include('APPPATH\\Views\\emailTemplates\\forgotPwd.php')
 3 SYSTEMPATH\View\View.php(216): CodeIgniter\View\View->CodeIgniter\View\{closure}()
 4 SYSTEMPATH\Common.php(1177): CodeIgniter\View\View->render('emailTemplates/forgotPwd', [], true)
 5 APPPATH\Controllers\Login.php(209): view('emailTemplates/forgotPwd', [...])
 6 SYSTEMPATH\CodeIgniter.php(934): App\Controllers\Login->forgotPwd()
 7 SYSTEMPATH\CodeIgniter.php(499): CodeIgniter\CodeIgniter->runController(Object(App\Controllers\Login))
 8 SYSTEMPATH\CodeIgniter.php(368): CodeIgniter\CodeIgniter->handleRequest(null, Object(Config\Cache), false)
 9 FCPATH\index.php(67): CodeIgniter\CodeIgniter->run()
INFO - 2023-06-20 15:09:04 --> Session: Class initialized using 'CodeIgniter\Session\Handlers\FileHandler' driver.
CRITICAL - 2023-06-20 15:09:05 --> Undefined array key "FirstName"
in APPPATH\Views\emailTemplates\forgotPwd.php on line 63.
 1 APPPATH\Views\emailTemplates\forgotPwd.php(63): CodeIgniter\Debug\Exceptions->errorHandler(2, 'Undefined array key "FirstName"', 'APPPATH\\Views\\emailTemplates\\forgotPwd.php', 63)
 2 SYSTEMPATH\View\View.php(213): include('APPPATH\\Views\\emailTemplates\\forgotPwd.php')
 3 SYSTEMPATH\View\View.php(216): CodeIgniter\View\View->CodeIgniter\View\{closure}()
 4 SYSTEMPATH\Common.php(1177): CodeIgniter\View\View->render('emailTemplates/forgotPwd', [], true)
 5 APPPATH\Controllers\Login.php(211): view('emailTemplates/forgotPwd', [...])
 6 SYSTEMPATH\CodeIgniter.php(934): App\Controllers\Login->forgotPwd()
 7 SYSTEMPATH\CodeIgniter.php(499): CodeIgniter\CodeIgniter->runController(Object(App\Controllers\Login))
 8 SYSTEMPATH\CodeIgniter.php(368): CodeIgniter\CodeIgniter->handleRequest(null, Object(Config\Cache), false)
 9 FCPATH\index.php(67): CodeIgniter\CodeIgniter->run()
INFO - 2023-06-20 15:32:54 --> Session: Class initialized using 'CodeIgniter\Session\Handlers\FileHandler' driver.
CRITICAL - 2023-06-20 15:32:55 --> Undefined array key "FirstName"
in APPPATH\Views\emailTemplates\forgotPwd.php on line 63.
 1 APPPATH\Views\emailTemplates\forgotPwd.php(63): CodeIgniter\Debug\Exceptions->errorHandler(2, 'Undefined array key "FirstName"', 'APPPATH\\Views\\emailTemplates\\forgotPwd.php', 63)
 2 SYSTEMPATH\View\View.php(213): include('APPPATH\\Views\\emailTemplates\\forgotPwd.php')
 3 SYSTEMPATH\View\View.php(216): CodeIgniter\View\View->CodeIgniter\View\{closure}()
 4 SYSTEMPATH\Common.php(1177): CodeIgniter\View\View->render('emailTemplates/forgotPwd', [], true)
 5 APPPATH\Controllers\Login.php(211): view('emailTemplates/forgotPwd', [...])
 6 SYSTEMPATH\CodeIgniter.php(934): App\Controllers\Login->forgotPwd()
 7 SYSTEMPATH\CodeIgniter.php(499): CodeIgniter\CodeIgniter->runController(Object(App\Controllers\Login))
 8 SYSTEMPATH\CodeIgniter.php(368): CodeIgniter\CodeIgniter->handleRequest(null, Object(Config\Cache), false)
 9 FCPATH\index.php(67): CodeIgniter\CodeIgniter->run()
INFO - 2023-06-20 15:46:54 --> Session: Class initialized using 'CodeIgniter\Session\Handlers\FileHandler' driver.
CRITICAL - 2023-06-20 15:46:58 --> Illegal offset type
in APPPATH\Views\emailTemplates\forgotPwd.php on line 63.
 1 SYSTEMPATH\View\View.php(213): include()
 2 SYSTEMPATH\View\View.php(216): CodeIgniter\View\View->CodeIgniter\View\{closure}()
 3 SYSTEMPATH\Common.php(1177): CodeIgniter\View\View->render('emailTemplates/forgotPwd', [], true)
 4 APPPATH\Controllers\Login.php(211): view('emailTemplates/forgotPwd', [...])
 5 SYSTEMPATH\CodeIgniter.php(934): App\Controllers\Login->forgotPwd()
 6 SYSTEMPATH\CodeIgniter.php(499): CodeIgniter\CodeIgniter->runController(Object(App\Controllers\Login))
 7 SYSTEMPATH\CodeIgniter.php(368): CodeIgniter\CodeIgniter->handleRequest(null, Object(Config\Cache), false)
 8 FCPATH\index.php(67): CodeIgniter\CodeIgniter->run()
INFO - 2023-06-20 15:47:59 --> Session: Class initialized using 'CodeIgniter\Session\Handlers\FileHandler' driver.
CRITICAL - 2023-06-20 15:47:59 --> Undefined array key "FirstName"
in APPPATH\Views\emailTemplates\forgotPwd.php on line 63.
 1 APPPATH\Views\emailTemplates\forgotPwd.php(63): CodeIgniter\Debug\Exceptions->errorHandler(2, 'Undefined array key "FirstName"', 'APPPATH\\Views\\emailTemplates\\forgotPwd.php', 63)
 2 SYSTEMPATH\View\View.php(213): include('APPPATH\\Views\\emailTemplates\\forgotPwd.php')
 3 SYSTEMPATH\View\View.php(216): CodeIgniter\View\View->CodeIgniter\View\{closure}()
 4 SYSTEMPATH\Common.php(1177): CodeIgniter\View\View->render('emailTemplates/forgotPwd', [], true)
 5 APPPATH\Controllers\Login.php(211): view('emailTemplates/forgotPwd', [...])
 6 SYSTEMPATH\CodeIgniter.php(934): App\Controllers\Login->forgotPwd()
 7 SYSTEMPATH\CodeIgniter.php(499): CodeIgniter\CodeIgniter->runController(Object(App\Controllers\Login))
 8 SYSTEMPATH\CodeIgniter.php(368): CodeIgniter\CodeIgniter->handleRequest(null, Object(Config\Cache), false)
 9 FCPATH\index.php(67): CodeIgniter\CodeIgniter->run()
INFO - 2023-06-20 16:01:46 --> Session: Class initialized using 'CodeIgniter\Session\Handlers\FileHandler' driver.
INFO - 2023-06-20 16:01:47 --> Session: Class initialized using 'CodeIgniter\Session\Handlers\FileHandler' driver.
INFO - 2023-06-20 16:01:57 --> Session: Class initialized using 'CodeIgniter\Session\Handlers\FileHandler' driver.
CRITICAL - 2023-06-20 16:01:57 --> Undefined variable $user
in APPPATH\Views\emailTemplates\forgotPwd.php on line 63.
 1 APPPATH\Views\emailTemplates\forgotPwd.php(63): CodeIgniter\Debug\Exceptions->errorHandler(2, 'Undefined variable $user', 'APPPATH\\Views\\emailTemplates\\forgotPwd.php', 63)
 2 SYSTEMPATH\View\View.php(213): include('APPPATH\\Views\\emailTemplates\\forgotPwd.php')
 3 SYSTEMPATH\View\View.php(216): CodeIgniter\View\View->CodeIgniter\View\{closure}()
 4 SYSTEMPATH\Common.php(1177): CodeIgniter\View\View->render('emailTemplates/forgotPwd', [], true)
 5 APPPATH\Controllers\Login.php(247): view('emailTemplates/forgotPwd')
 6 SYSTEMPATH\CodeIgniter.php(934): App\Controllers\Login->pood()
 7 SYSTEMPATH\CodeIgniter.php(499): CodeIgniter\CodeIgniter->runController(Object(App\Controllers\Login))
 8 SYSTEMPATH\CodeIgniter.php(368): CodeIgniter\CodeIgniter->handleRequest(null, Object(Config\Cache), false)
 9 FCPATH\index.php(67): CodeIgniter\CodeIgniter->run()
INFO - 2023-06-20 16:02:41 --> Session: Class initialized using 'CodeIgniter\Session\Handlers\FileHandler' driver.
INFO - 2023-06-20 16:04:01 --> Session: Class initialized using 'CodeIgniter\Session\Handlers\FileHandler' driver.
INFO - 2023-06-20 16:04:12 --> Session: Class initialized using 'CodeIgniter\Session\Handlers\FileHandler' driver.
INFO - 2023-06-20 16:04:34 --> Session: Class initialized using 'CodeIgniter\Session\Handlers\FileHandler' driver.
INFO - 2023-06-20 16:14:32 --> Session: Class initialized using 'CodeIgniter\Session\Handlers\FileHandler' driver.
CRITICAL - 2023-06-20 16:14:33 --> Undefined variable $user
in APPPATH\Views\emailTemplates\forgotPwd.php on line 63.
 1 APPPATH\Views\emailTemplates\forgotPwd.php(63): CodeIgniter\Debug\Exceptions->errorHandler(2, 'Undefined variable $user', 'APPPATH\\Views\\emailTemplates\\forgotPwd.php', 63)
 2 SYSTEMPATH\View\View.php(213): include('APPPATH\\Views\\emailTemplates\\forgotPwd.php')
 3 SYSTEMPATH\View\View.php(216): CodeIgniter\View\View->CodeIgniter\View\{closure}()
 4 SYSTEMPATH\Common.php(1177): CodeIgniter\View\View->render('emailTemplates/forgotPwd', [], true)
 5 APPPATH\Controllers\Login.php(247): view('emailTemplates/forgotPwd')
 6 SYSTEMPATH\CodeIgniter.php(934): App\Controllers\Login->pood()
 7 SYSTEMPATH\CodeIgniter.php(499): CodeIgniter\CodeIgniter->runController(Object(App\Controllers\Login))
 8 SYSTEMPATH\CodeIgniter.php(368): CodeIgniter\CodeIgniter->handleRequest(null, Object(Config\Cache), false)
 9 FCPATH\index.php(67): CodeIgniter\CodeIgniter->run()
INFO - 2023-06-20 16:14:53 --> Session: Class initialized using 'CodeIgniter\Session\Handlers\FileHandler' driver.
CRITICAL - 2023-06-20 16:14:53 --> Undefined variable $user
in APPPATH\Views\emailTemplates\forgotPwd.php on line 63.
 1 APPPATH\Views\emailTemplates\forgotPwd.php(63): CodeIgniter\Debug\Exceptions->errorHandler(2, 'Undefined variable $user', 'APPPATH\\Views\\emailTemplates\\forgotPwd.php', 63)
 2 SYSTEMPATH\View\View.php(213): include('APPPATH\\Views\\emailTemplates\\forgotPwd.php')
 3 SYSTEMPATH\View\View.php(216): CodeIgniter\View\View->CodeIgniter\View\{closure}()
 4 SYSTEMPATH\Common.php(1177): CodeIgniter\View\View->render('emailTemplates/forgotPwd', [], true)
 5 APPPATH\Controllers\Login.php(247): view('emailTemplates/forgotPwd')
 6 SYSTEMPATH\CodeIgniter.php(934): App\Controllers\Login->pood()
 7 SYSTEMPATH\CodeIgniter.php(499): CodeIgniter\CodeIgniter->runController(Object(App\Controllers\Login))
 8 SYSTEMPATH\CodeIgniter.php(368): CodeIgniter\CodeIgniter->handleRequest(null, Object(Config\Cache), false)
 9 FCPATH\index.php(67): CodeIgniter\CodeIgniter->run()
INFO - 2023-06-20 16:14:57 --> Session: Class initialized using 'CodeIgniter\Session\Handlers\FileHandler' driver.
CRITICAL - 2023-06-20 16:14:57 --> Undefined variable $user
in APPPATH\Views\emailTemplates\forgotPwd.php on line 63.
 1 APPPATH\Views\emailTemplates\forgotPwd.php(63): CodeIgniter\Debug\Exceptions->errorHandler(2, 'Undefined variable $user', 'APPPATH\\Views\\emailTemplates\\forgotPwd.php', 63)
 2 SYSTEMPATH\View\View.php(213): include('APPPATH\\Views\\emailTemplates\\forgotPwd.php')
 3 SYSTEMPATH\View\View.php(216): CodeIgniter\View\View->CodeIgniter\View\{closure}()
 4 SYSTEMPATH\Common.php(1177): CodeIgniter\View\View->render('emailTemplates/forgotPwd', [], true)
 5 APPPATH\Controllers\Login.php(247): view('emailTemplates/forgotPwd')
 6 SYSTEMPATH\CodeIgniter.php(934): App\Controllers\Login->pood()
 7 SYSTEMPATH\CodeIgniter.php(499): CodeIgniter\CodeIgniter->runController(Object(App\Controllers\Login))
 8 SYSTEMPATH\CodeIgniter.php(368): CodeIgniter\CodeIgniter->handleRequest(null, Object(Config\Cache), false)
 9 FCPATH\index.php(67): CodeIgniter\CodeIgniter->run()
INFO - 2023-06-20 16:15:06 --> Session: Class initialized using 'CodeIgniter\Session\Handlers\FileHandler' driver.
INFO - 2023-06-20 16:15:10 --> Session: Class initialized using 'CodeIgniter\Session\Handlers\FileHandler' driver.
INFO - 2023-06-20 16:15:18 --> Session: Class initialized using 'CodeIgniter\Session\Handlers\FileHandler' driver.
INFO - 2023-06-20 16:15:30 --> Session: Class initialized using 'CodeIgniter\Session\Handlers\FileHandler' driver.
