INFO - 2023-08-16 08:25:05 --> Session: Class initialized using 'CodeIgniter\Session\Handlers\FileHandler' driver.
INFO - 2023-08-16 08:25:30 --> Session: Class initialized using 'CodeIgniter\Session\Handlers\FileHandler' driver.
INFO - 2023-08-16 08:25:38 --> Session: Class initialized using 'CodeIgniter\Session\Handlers\FileHandler' driver.
INFO - 2023-08-16 08:26:39 --> Session: Class initialized using 'CodeIgniter\Session\Handlers\FileHandler' driver.
INFO - 2023-08-16 08:26:39 --> Session: Class initialized using 'CodeIgniter\Session\Handlers\FileHandler' driver.
INFO - 2023-08-16 08:26:46 --> Session: Class initialized using 'CodeIgniter\Session\Handlers\FileHandler' driver.
INFO - 2023-08-16 08:26:50 --> Session: Class initialized using 'CodeIgniter\Session\Handlers\FileHandler' driver.
INFO - 2023-08-16 08:26:53 --> Session: Class initialized using 'CodeIgniter\Session\Handlers\FileHandler' driver.
INFO - 2023-08-16 08:39:55 --> Session: Class initialized using 'CodeIgniter\Session\Handlers\FileHandler' driver.
INFO - 2023-08-16 08:45:51 --> Session: Class initialized using 'CodeIgniter\Session\Handlers\FileHandler' driver.
INFO - 2023-08-16 08:45:56 --> Session: Class initialized using 'CodeIgniter\Session\Handlers\FileHandler' driver.
INFO - 2023-08-16 08:46:15 --> Session: Class initialized using 'CodeIgniter\Session\Handlers\FileHandler' driver.
INFO - 2023-08-16 08:46:15 --> Session: Class initialized using 'CodeIgniter\Session\Handlers\FileHandler' driver.
INFO - 2023-08-16 08:55:14 --> Session: Class initialized using 'CodeIgniter\Session\Handlers\FileHandler' driver.
INFO - 2023-08-16 08:55:27 --> Session: Class initialized using 'CodeIgniter\Session\Handlers\FileHandler' driver.
INFO - 2023-08-16 08:55:28 --> Session: Class initialized using 'CodeIgniter\Session\Handlers\FileHandler' driver.
INFO - 2023-08-16 08:59:31 --> Session: Class initialized using 'CodeIgniter\Session\Handlers\FileHandler' driver.
INFO - 2023-08-16 08:59:55 --> Session: Class initialized using 'CodeIgniter\Session\Handlers\FileHandler' driver.
INFO - 2023-08-16 08:59:56 --> Session: Class initialized using 'CodeIgniter\Session\Handlers\FileHandler' driver.
INFO - 2023-08-16 09:08:29 --> Session: Class initialized using 'CodeIgniter\Session\Handlers\FileHandler' driver.
INFO - 2023-08-16 09:08:38 --> Session: Class initialized using 'CodeIgniter\Session\Handlers\FileHandler' driver.
INFO - 2023-08-16 09:08:54 --> Session: Class initialized using 'CodeIgniter\Session\Handlers\FileHandler' driver.
INFO - 2023-08-16 09:08:54 --> Session: Class initialized using 'CodeIgniter\Session\Handlers\FileHandler' driver.
INFO - 2023-08-16 09:09:36 --> Session: Class initialized using 'CodeIgniter\Session\Handlers\FileHandler' driver.
INFO - 2023-08-16 09:14:22 --> Session: Class initialized using 'CodeIgniter\Session\Handlers\FileHandler' driver.
INFO - 2023-08-16 09:14:25 --> Session: Class initialized using 'CodeIgniter\Session\Handlers\FileHandler' driver.
INFO - 2023-08-16 09:14:30 --> Session: Class initialized using 'CodeIgniter\Session\Handlers\FileHandler' driver.
INFO - 2023-08-16 09:14:39 --> Session: Class initialized using 'CodeIgniter\Session\Handlers\FileHandler' driver.
INFO - 2023-08-16 09:14:39 --> Session: Class initialized using 'CodeIgniter\Session\Handlers\FileHandler' driver.
INFO - 2023-08-16 09:17:30 --> Session: Class initialized using 'CodeIgniter\Session\Handlers\FileHandler' driver.
INFO - 2023-08-16 09:17:55 --> Session: Class initialized using 'CodeIgniter\Session\Handlers\FileHandler' driver.
INFO - 2023-08-16 09:21:01 --> Session: Class initialized using 'CodeIgniter\Session\Handlers\FileHandler' driver.
INFO - 2023-08-16 09:49:32 --> Session: Class initialized using 'CodeIgniter\Session\Handlers\FileHandler' driver.
INFO - 2023-08-16 09:49:32 --> Session: Class initialized using 'CodeIgniter\Session\Handlers\FileHandler' driver.
INFO - 2023-08-16 09:50:48 --> Session: Class initialized using 'CodeIgniter\Session\Handlers\FileHandler' driver.
INFO - 2023-08-16 09:50:48 --> Session: Class initialized using 'CodeIgniter\Session\Handlers\FileHandler' driver.
INFO - 2023-08-16 09:51:02 --> Session: Class initialized using 'CodeIgniter\Session\Handlers\FileHandler' driver.
INFO - 2023-08-16 09:55:12 --> Session: Class initialized using 'CodeIgniter\Session\Handlers\FileHandler' driver.
INFO - 2023-08-16 09:55:12 --> Session: Class initialized using 'CodeIgniter\Session\Handlers\FileHandler' driver.
INFO - 2023-08-16 09:55:15 --> Session: Class initialized using 'CodeIgniter\Session\Handlers\FileHandler' driver.
INFO - 2023-08-16 09:56:58 --> Session: Class initialized using 'CodeIgniter\Session\Handlers\FileHandler' driver.
INFO - 2023-08-16 10:04:27 --> Session: Class initialized using 'CodeIgniter\Session\Handlers\FileHandler' driver.
INFO - 2023-08-16 10:27:06 --> Session: Class initialized using 'CodeIgniter\Session\Handlers\FileHandler' driver.
INFO - 2023-08-16 10:54:07 --> Session: Class initialized using 'CodeIgniter\Session\Handlers\FileHandler' driver.
INFO - 2023-08-16 10:54:29 --> Session: Class initialized using 'CodeIgniter\Session\Handlers\FileHandler' driver.
INFO - 2023-08-16 11:02:39 --> Session: Class initialized using 'CodeIgniter\Session\Handlers\FileHandler' driver.
ERROR - 2023-08-16 11:02:39 --> mysqli_sql_exception: Column 'reply_id' cannot be null in C:\xampp\htdocs\UCLF\system\Database\MySQLi\Connection.php:295
Stack trace:
#0 C:\xampp\htdocs\UCLF\system\Database\MySQLi\Connection.php(295): mysqli->query('INSERT INTO `re...', 0)
#1 C:\xampp\htdocs\UCLF\system\Database\BaseConnection.php(691): CodeIgniter\Database\MySQLi\Connection->execute('INSERT INTO `re...')
#2 C:\xampp\htdocs\UCLF\system\Database\BaseConnection.php(605): CodeIgniter\Database\BaseConnection->simpleQuery('INSERT INTO `re...')
#3 C:\xampp\htdocs\UCLF\system\Database\BaseBuilder.php(2295): CodeIgniter\Database\BaseConnection->query('INSERT INTO `re...', Array, false)
#4 C:\xampp\htdocs\UCLF\app\Models\ReplyModel.php(30): CodeIgniter\Database\BaseBuilder->insert(Array)
#5 C:\xampp\htdocs\UCLF\app\Controllers\ForumResponses.php(432): App\Models\ReplyModel->saveReply(Array)
#6 C:\xampp\htdocs\UCLF\system\CodeIgniter.php(934): App\Controllers\ForumResponses->makeReplyAjax()
#7 C:\xampp\htdocs\UCLF\system\CodeIgniter.php(499): CodeIgniter\CodeIgniter->runController(Object(App\Controllers\ForumResponses))
#8 C:\xampp\htdocs\UCLF\system\CodeIgniter.php(368): CodeIgniter\CodeIgniter->handleRequest(NULL, Object(Config\Cache), false)
#9 C:\xampp\htdocs\UCLF\index.php(67): CodeIgniter\CodeIgniter->run()
#10 {main}
CRITICAL - 2023-08-16 11:02:39 --> Column 'reply_id' cannot be null
in SYSTEMPATH\Database\BaseConnection.php on line 645.
 1 SYSTEMPATH\Database\BaseBuilder.php(2295): CodeIgniter\Database\BaseConnection->query('INSERT INTO `reply` (`qn_id`, `user_id`, `reply`, `reply_id`, `repliedBy`, `photo`) VALUES (:qn_id:, :user_id:, :reply:, :reply_id:, :repliedBy:, :photo:)', [...], false)
 2 APPPATH\Models\ReplyModel.php(30): CodeIgniter\Database\BaseBuilder->insert([...])
 3 APPPATH\Controllers\ForumResponses.php(432): App\Models\ReplyModel->saveReply([...])
 4 SYSTEMPATH\CodeIgniter.php(934): App\Controllers\ForumResponses->makeReplyAjax()
 5 SYSTEMPATH\CodeIgniter.php(499): CodeIgniter\CodeIgniter->runController(Object(App\Controllers\ForumResponses))
 6 SYSTEMPATH\CodeIgniter.php(368): CodeIgniter\CodeIgniter->handleRequest(null, Object(Config\Cache), false)
 7 FCPATH\index.php(67): CodeIgniter\CodeIgniter->run()
INFO - 2023-08-16 11:02:39 --> Session: Class initialized using 'CodeIgniter\Session\Handlers\FileHandler' driver.
ERROR - 2023-08-16 11:02:39 --> mysqli_sql_exception: Column 'reply_id' cannot be null in C:\xampp\htdocs\UCLF\system\Database\MySQLi\Connection.php:295
Stack trace:
#0 C:\xampp\htdocs\UCLF\system\Database\MySQLi\Connection.php(295): mysqli->query('INSERT INTO `re...', 0)
#1 C:\xampp\htdocs\UCLF\system\Database\BaseConnection.php(691): CodeIgniter\Database\MySQLi\Connection->execute('INSERT INTO `re...')
#2 C:\xampp\htdocs\UCLF\system\Database\BaseConnection.php(605): CodeIgniter\Database\BaseConnection->simpleQuery('INSERT INTO `re...')
#3 C:\xampp\htdocs\UCLF\system\Database\BaseBuilder.php(2295): CodeIgniter\Database\BaseConnection->query('INSERT INTO `re...', Array, false)
#4 C:\xampp\htdocs\UCLF\app\Models\ReplyModel.php(30): CodeIgniter\Database\BaseBuilder->insert(Array)
#5 C:\xampp\htdocs\UCLF\app\Controllers\ForumResponses.php(432): App\Models\ReplyModel->saveReply(Array)
#6 C:\xampp\htdocs\UCLF\system\CodeIgniter.php(934): App\Controllers\ForumResponses->makeReplyAjax()
#7 C:\xampp\htdocs\UCLF\system\CodeIgniter.php(499): CodeIgniter\CodeIgniter->runController(Object(App\Controllers\ForumResponses))
#8 C:\xampp\htdocs\UCLF\system\CodeIgniter.php(368): CodeIgniter\CodeIgniter->handleRequest(NULL, Object(Config\Cache), false)
#9 C:\xampp\htdocs\UCLF\index.php(67): CodeIgniter\CodeIgniter->run()
#10 {main}
CRITICAL - 2023-08-16 11:02:39 --> Column 'reply_id' cannot be null
in SYSTEMPATH\Database\BaseConnection.php on line 645.
 1 SYSTEMPATH\Database\BaseBuilder.php(2295): CodeIgniter\Database\BaseConnection->query('INSERT INTO `reply` (`qn_id`, `user_id`, `reply`, `reply_id`, `repliedBy`, `photo`) VALUES (:qn_id:, :user_id:, :reply:, :reply_id:, :repliedBy:, :photo:)', [...], false)
 2 APPPATH\Models\ReplyModel.php(30): CodeIgniter\Database\BaseBuilder->insert([...])
 3 APPPATH\Controllers\ForumResponses.php(432): App\Models\ReplyModel->saveReply([...])
 4 SYSTEMPATH\CodeIgniter.php(934): App\Controllers\ForumResponses->makeReplyAjax()
 5 SYSTEMPATH\CodeIgniter.php(499): CodeIgniter\CodeIgniter->runController(Object(App\Controllers\ForumResponses))
 6 SYSTEMPATH\CodeIgniter.php(368): CodeIgniter\CodeIgniter->handleRequest(null, Object(Config\Cache), false)
 7 FCPATH\index.php(67): CodeIgniter\CodeIgniter->run()
INFO - 2023-08-16 11:02:39 --> Session: Class initialized using 'CodeIgniter\Session\Handlers\FileHandler' driver.
ERROR - 2023-08-16 11:02:39 --> mysqli_sql_exception: Column 'reply_id' cannot be null in C:\xampp\htdocs\UCLF\system\Database\MySQLi\Connection.php:295
Stack trace:
#0 C:\xampp\htdocs\UCLF\system\Database\MySQLi\Connection.php(295): mysqli->query('INSERT INTO `re...', 0)
#1 C:\xampp\htdocs\UCLF\system\Database\BaseConnection.php(691): CodeIgniter\Database\MySQLi\Connection->execute('INSERT INTO `re...')
#2 C:\xampp\htdocs\UCLF\system\Database\BaseConnection.php(605): CodeIgniter\Database\BaseConnection->simpleQuery('INSERT INTO `re...')
#3 C:\xampp\htdocs\UCLF\system\Database\BaseBuilder.php(2295): CodeIgniter\Database\BaseConnection->query('INSERT INTO `re...', Array, false)
#4 C:\xampp\htdocs\UCLF\app\Models\ReplyModel.php(30): CodeIgniter\Database\BaseBuilder->insert(Array)
#5 C:\xampp\htdocs\UCLF\app\Controllers\ForumResponses.php(432): App\Models\ReplyModel->saveReply(Array)
#6 C:\xampp\htdocs\UCLF\system\CodeIgniter.php(934): App\Controllers\ForumResponses->makeReplyAjax()
#7 C:\xampp\htdocs\UCLF\system\CodeIgniter.php(499): CodeIgniter\CodeIgniter->runController(Object(App\Controllers\ForumResponses))
#8 C:\xampp\htdocs\UCLF\system\CodeIgniter.php(368): CodeIgniter\CodeIgniter->handleRequest(NULL, Object(Config\Cache), false)
#9 C:\xampp\htdocs\UCLF\index.php(67): CodeIgniter\CodeIgniter->run()
#10 {main}
CRITICAL - 2023-08-16 11:02:39 --> Column 'reply_id' cannot be null
in SYSTEMPATH\Database\BaseConnection.php on line 645.
 1 SYSTEMPATH\Database\BaseBuilder.php(2295): CodeIgniter\Database\BaseConnection->query('INSERT INTO `reply` (`qn_id`, `user_id`, `reply`, `reply_id`, `repliedBy`, `photo`) VALUES (:qn_id:, :user_id:, :reply:, :reply_id:, :repliedBy:, :photo:)', [...], false)
 2 APPPATH\Models\ReplyModel.php(30): CodeIgniter\Database\BaseBuilder->insert([...])
 3 APPPATH\Controllers\ForumResponses.php(432): App\Models\ReplyModel->saveReply([...])
 4 SYSTEMPATH\CodeIgniter.php(934): App\Controllers\ForumResponses->makeReplyAjax()
 5 SYSTEMPATH\CodeIgniter.php(499): CodeIgniter\CodeIgniter->runController(Object(App\Controllers\ForumResponses))
 6 SYSTEMPATH\CodeIgniter.php(368): CodeIgniter\CodeIgniter->handleRequest(null, Object(Config\Cache), false)
 7 FCPATH\index.php(67): CodeIgniter\CodeIgniter->run()
INFO - 2023-08-16 11:02:39 --> Session: Class initialized using 'CodeIgniter\Session\Handlers\FileHandler' driver.
ERROR - 2023-08-16 11:02:39 --> mysqli_sql_exception: Column 'reply_id' cannot be null in C:\xampp\htdocs\UCLF\system\Database\MySQLi\Connection.php:295
Stack trace:
#0 C:\xampp\htdocs\UCLF\system\Database\MySQLi\Connection.php(295): mysqli->query('INSERT INTO `re...', 0)
#1 C:\xampp\htdocs\UCLF\system\Database\BaseConnection.php(691): CodeIgniter\Database\MySQLi\Connection->execute('INSERT INTO `re...')
#2 C:\xampp\htdocs\UCLF\system\Database\BaseConnection.php(605): CodeIgniter\Database\BaseConnection->simpleQuery('INSERT INTO `re...')
#3 C:\xampp\htdocs\UCLF\system\Database\BaseBuilder.php(2295): CodeIgniter\Database\BaseConnection->query('INSERT INTO `re...', Array, false)
#4 C:\xampp\htdocs\UCLF\app\Models\ReplyModel.php(30): CodeIgniter\Database\BaseBuilder->insert(Array)
#5 C:\xampp\htdocs\UCLF\app\Controllers\ForumResponses.php(432): App\Models\ReplyModel->saveReply(Array)
#6 C:\xampp\htdocs\UCLF\system\CodeIgniter.php(934): App\Controllers\ForumResponses->makeReplyAjax()
#7 C:\xampp\htdocs\UCLF\system\CodeIgniter.php(499): CodeIgniter\CodeIgniter->runController(Object(App\Controllers\ForumResponses))
#8 C:\xampp\htdocs\UCLF\system\CodeIgniter.php(368): CodeIgniter\CodeIgniter->handleRequest(NULL, Object(Config\Cache), false)
#9 C:\xampp\htdocs\UCLF\index.php(67): CodeIgniter\CodeIgniter->run()
#10 {main}
CRITICAL - 2023-08-16 11:02:39 --> Column 'reply_id' cannot be null
in SYSTEMPATH\Database\BaseConnection.php on line 645.
 1 SYSTEMPATH\Database\BaseBuilder.php(2295): CodeIgniter\Database\BaseConnection->query('INSERT INTO `reply` (`qn_id`, `user_id`, `reply`, `reply_id`, `repliedBy`, `photo`) VALUES (:qn_id:, :user_id:, :reply:, :reply_id:, :repliedBy:, :photo:)', [...], false)
 2 APPPATH\Models\ReplyModel.php(30): CodeIgniter\Database\BaseBuilder->insert([...])
 3 APPPATH\Controllers\ForumResponses.php(432): App\Models\ReplyModel->saveReply([...])
 4 SYSTEMPATH\CodeIgniter.php(934): App\Controllers\ForumResponses->makeReplyAjax()
 5 SYSTEMPATH\CodeIgniter.php(499): CodeIgniter\CodeIgniter->runController(Object(App\Controllers\ForumResponses))
 6 SYSTEMPATH\CodeIgniter.php(368): CodeIgniter\CodeIgniter->handleRequest(null, Object(Config\Cache), false)
 7 FCPATH\index.php(67): CodeIgniter\CodeIgniter->run()
INFO - 2023-08-16 11:02:39 --> Session: Class initialized using 'CodeIgniter\Session\Handlers\FileHandler' driver.
ERROR - 2023-08-16 11:02:39 --> mysqli_sql_exception: Column 'reply_id' cannot be null in C:\xampp\htdocs\UCLF\system\Database\MySQLi\Connection.php:295
Stack trace:
#0 C:\xampp\htdocs\UCLF\system\Database\MySQLi\Connection.php(295): mysqli->query('INSERT INTO `re...', 0)
#1 C:\xampp\htdocs\UCLF\system\Database\BaseConnection.php(691): CodeIgniter\Database\MySQLi\Connection->execute('INSERT INTO `re...')
#2 C:\xampp\htdocs\UCLF\system\Database\BaseConnection.php(605): CodeIgniter\Database\BaseConnection->simpleQuery('INSERT INTO `re...')
#3 C:\xampp\htdocs\UCLF\system\Database\BaseBuilder.php(2295): CodeIgniter\Database\BaseConnection->query('INSERT INTO `re...', Array, false)
#4 C:\xampp\htdocs\UCLF\app\Models\ReplyModel.php(30): CodeIgniter\Database\BaseBuilder->insert(Array)
#5 C:\xampp\htdocs\UCLF\app\Controllers\ForumResponses.php(432): App\Models\ReplyModel->saveReply(Array)
#6 C:\xampp\htdocs\UCLF\system\CodeIgniter.php(934): App\Controllers\ForumResponses->makeReplyAjax()
#7 C:\xampp\htdocs\UCLF\system\CodeIgniter.php(499): CodeIgniter\CodeIgniter->runController(Object(App\Controllers\ForumResponses))
#8 C:\xampp\htdocs\UCLF\system\CodeIgniter.php(368): CodeIgniter\CodeIgniter->handleRequest(NULL, Object(Config\Cache), false)
#9 C:\xampp\htdocs\UCLF\index.php(67): CodeIgniter\CodeIgniter->run()
#10 {main}
CRITICAL - 2023-08-16 11:02:39 --> Column 'reply_id' cannot be null
in SYSTEMPATH\Database\BaseConnection.php on line 645.
 1 SYSTEMPATH\Database\BaseBuilder.php(2295): CodeIgniter\Database\BaseConnection->query('INSERT INTO `reply` (`qn_id`, `user_id`, `reply`, `reply_id`, `repliedBy`, `photo`) VALUES (:qn_id:, :user_id:, :reply:, :reply_id:, :repliedBy:, :photo:)', [...], false)
 2 APPPATH\Models\ReplyModel.php(30): CodeIgniter\Database\BaseBuilder->insert([...])
 3 APPPATH\Controllers\ForumResponses.php(432): App\Models\ReplyModel->saveReply([...])
 4 SYSTEMPATH\CodeIgniter.php(934): App\Controllers\ForumResponses->makeReplyAjax()
 5 SYSTEMPATH\CodeIgniter.php(499): CodeIgniter\CodeIgniter->runController(Object(App\Controllers\ForumResponses))
 6 SYSTEMPATH\CodeIgniter.php(368): CodeIgniter\CodeIgniter->handleRequest(null, Object(Config\Cache), false)
 7 FCPATH\index.php(67): CodeIgniter\CodeIgniter->run()
INFO - 2023-08-16 11:02:39 --> Session: Class initialized using 'CodeIgniter\Session\Handlers\FileHandler' driver.
ERROR - 2023-08-16 11:02:39 --> mysqli_sql_exception: Column 'reply_id' cannot be null in C:\xampp\htdocs\UCLF\system\Database\MySQLi\Connection.php:295
Stack trace:
#0 C:\xampp\htdocs\UCLF\system\Database\MySQLi\Connection.php(295): mysqli->query('INSERT INTO `re...', 0)
#1 C:\xampp\htdocs\UCLF\system\Database\BaseConnection.php(691): CodeIgniter\Database\MySQLi\Connection->execute('INSERT INTO `re...')
#2 C:\xampp\htdocs\UCLF\system\Database\BaseConnection.php(605): CodeIgniter\Database\BaseConnection->simpleQuery('INSERT INTO `re...')
#3 C:\xampp\htdocs\UCLF\system\Database\BaseBuilder.php(2295): CodeIgniter\Database\BaseConnection->query('INSERT INTO `re...', Array, false)
#4 C:\xampp\htdocs\UCLF\app\Models\ReplyModel.php(30): CodeIgniter\Database\BaseBuilder->insert(Array)
#5 C:\xampp\htdocs\UCLF\app\Controllers\ForumResponses.php(432): App\Models\ReplyModel->saveReply(Array)
#6 C:\xampp\htdocs\UCLF\system\CodeIgniter.php(934): App\Controllers\ForumResponses->makeReplyAjax()
#7 C:\xampp\htdocs\UCLF\system\CodeIgniter.php(499): CodeIgniter\CodeIgniter->runController(Object(App\Controllers\ForumResponses))
#8 C:\xampp\htdocs\UCLF\system\CodeIgniter.php(368): CodeIgniter\CodeIgniter->handleRequest(NULL, Object(Config\Cache), false)
#9 C:\xampp\htdocs\UCLF\index.php(67): CodeIgniter\CodeIgniter->run()
#10 {main}
CRITICAL - 2023-08-16 11:02:39 --> Column 'reply_id' cannot be null
in SYSTEMPATH\Database\BaseConnection.php on line 645.
 1 SYSTEMPATH\Database\BaseBuilder.php(2295): CodeIgniter\Database\BaseConnection->query('INSERT INTO `reply` (`qn_id`, `user_id`, `reply`, `reply_id`, `repliedBy`, `photo`) VALUES (:qn_id:, :user_id:, :reply:, :reply_id:, :repliedBy:, :photo:)', [...], false)
 2 APPPATH\Models\ReplyModel.php(30): CodeIgniter\Database\BaseBuilder->insert([...])
 3 APPPATH\Controllers\ForumResponses.php(432): App\Models\ReplyModel->saveReply([...])
 4 SYSTEMPATH\CodeIgniter.php(934): App\Controllers\ForumResponses->makeReplyAjax()
 5 SYSTEMPATH\CodeIgniter.php(499): CodeIgniter\CodeIgniter->runController(Object(App\Controllers\ForumResponses))
 6 SYSTEMPATH\CodeIgniter.php(368): CodeIgniter\CodeIgniter->handleRequest(null, Object(Config\Cache), false)
 7 FCPATH\index.php(67): CodeIgniter\CodeIgniter->run()
INFO - 2023-08-16 11:02:39 --> Session: Class initialized using 'CodeIgniter\Session\Handlers\FileHandler' driver.
ERROR - 2023-08-16 11:02:39 --> mysqli_sql_exception: Column 'reply_id' cannot be null in C:\xampp\htdocs\UCLF\system\Database\MySQLi\Connection.php:295
Stack trace:
#0 C:\xampp\htdocs\UCLF\system\Database\MySQLi\Connection.php(295): mysqli->query('INSERT INTO `re...', 0)
#1 C:\xampp\htdocs\UCLF\system\Database\BaseConnection.php(691): CodeIgniter\Database\MySQLi\Connection->execute('INSERT INTO `re...')
#2 C:\xampp\htdocs\UCLF\system\Database\BaseConnection.php(605): CodeIgniter\Database\BaseConnection->simpleQuery('INSERT INTO `re...')
#3 C:\xampp\htdocs\UCLF\system\Database\BaseBuilder.php(2295): CodeIgniter\Database\BaseConnection->query('INSERT INTO `re...', Array, false)
#4 C:\xampp\htdocs\UCLF\app\Models\ReplyModel.php(30): CodeIgniter\Database\BaseBuilder->insert(Array)
#5 C:\xampp\htdocs\UCLF\app\Controllers\ForumResponses.php(432): App\Models\ReplyModel->saveReply(Array)
#6 C:\xampp\htdocs\UCLF\system\CodeIgniter.php(934): App\Controllers\ForumResponses->makeReplyAjax()
#7 C:\xampp\htdocs\UCLF\system\CodeIgniter.php(499): CodeIgniter\CodeIgniter->runController(Object(App\Controllers\ForumResponses))
#8 C:\xampp\htdocs\UCLF\system\CodeIgniter.php(368): CodeIgniter\CodeIgniter->handleRequest(NULL, Object(Config\Cache), false)
#9 C:\xampp\htdocs\UCLF\index.php(67): CodeIgniter\CodeIgniter->run()
#10 {main}
CRITICAL - 2023-08-16 11:02:39 --> Column 'reply_id' cannot be null
in SYSTEMPATH\Database\BaseConnection.php on line 645.
 1 SYSTEMPATH\Database\BaseBuilder.php(2295): CodeIgniter\Database\BaseConnection->query('INSERT INTO `reply` (`qn_id`, `user_id`, `reply`, `reply_id`, `repliedBy`, `photo`) VALUES (:qn_id:, :user_id:, :reply:, :reply_id:, :repliedBy:, :photo:)', [...], false)
 2 APPPATH\Models\ReplyModel.php(30): CodeIgniter\Database\BaseBuilder->insert([...])
 3 APPPATH\Controllers\ForumResponses.php(432): App\Models\ReplyModel->saveReply([...])
 4 SYSTEMPATH\CodeIgniter.php(934): App\Controllers\ForumResponses->makeReplyAjax()
 5 SYSTEMPATH\CodeIgniter.php(499): CodeIgniter\CodeIgniter->runController(Object(App\Controllers\ForumResponses))
 6 SYSTEMPATH\CodeIgniter.php(368): CodeIgniter\CodeIgniter->handleRequest(null, Object(Config\Cache), false)
 7 FCPATH\index.php(67): CodeIgniter\CodeIgniter->run()
INFO - 2023-08-16 11:02:42 --> Session: Class initialized using 'CodeIgniter\Session\Handlers\FileHandler' driver.
ERROR - 2023-08-16 11:02:42 --> mysqli_sql_exception: Column 'reply_id' cannot be null in C:\xampp\htdocs\UCLF\system\Database\MySQLi\Connection.php:295
Stack trace:
#0 C:\xampp\htdocs\UCLF\system\Database\MySQLi\Connection.php(295): mysqli->query('INSERT INTO `re...', 0)
#1 C:\xampp\htdocs\UCLF\system\Database\BaseConnection.php(691): CodeIgniter\Database\MySQLi\Connection->execute('INSERT INTO `re...')
#2 C:\xampp\htdocs\UCLF\system\Database\BaseConnection.php(605): CodeIgniter\Database\BaseConnection->simpleQuery('INSERT INTO `re...')
#3 C:\xampp\htdocs\UCLF\system\Database\BaseBuilder.php(2295): CodeIgniter\Database\BaseConnection->query('INSERT INTO `re...', Array, false)
#4 C:\xampp\htdocs\UCLF\app\Models\ReplyModel.php(30): CodeIgniter\Database\BaseBuilder->insert(Array)
#5 C:\xampp\htdocs\UCLF\app\Controllers\ForumResponses.php(432): App\Models\ReplyModel->saveReply(Array)
#6 C:\xampp\htdocs\UCLF\system\CodeIgniter.php(934): App\Controllers\ForumResponses->makeReplyAjax()
#7 C:\xampp\htdocs\UCLF\system\CodeIgniter.php(499): CodeIgniter\CodeIgniter->runController(Object(App\Controllers\ForumResponses))
#8 C:\xampp\htdocs\UCLF\system\CodeIgniter.php(368): CodeIgniter\CodeIgniter->handleRequest(NULL, Object(Config\Cache), false)
#9 C:\xampp\htdocs\UCLF\index.php(67): CodeIgniter\CodeIgniter->run()
#10 {main}
CRITICAL - 2023-08-16 11:02:42 --> Column 'reply_id' cannot be null
in SYSTEMPATH\Database\BaseConnection.php on line 645.
 1 SYSTEMPATH\Database\BaseBuilder.php(2295): CodeIgniter\Database\BaseConnection->query('INSERT INTO `reply` (`qn_id`, `user_id`, `reply`, `reply_id`, `repliedBy`, `photo`) VALUES (:qn_id:, :user_id:, :reply:, :reply_id:, :repliedBy:, :photo:)', [...], false)
 2 APPPATH\Models\ReplyModel.php(30): CodeIgniter\Database\BaseBuilder->insert([...])
 3 APPPATH\Controllers\ForumResponses.php(432): App\Models\ReplyModel->saveReply([...])
 4 SYSTEMPATH\CodeIgniter.php(934): App\Controllers\ForumResponses->makeReplyAjax()
 5 SYSTEMPATH\CodeIgniter.php(499): CodeIgniter\CodeIgniter->runController(Object(App\Controllers\ForumResponses))
 6 SYSTEMPATH\CodeIgniter.php(368): CodeIgniter\CodeIgniter->handleRequest(null, Object(Config\Cache), false)
 7 FCPATH\index.php(67): CodeIgniter\CodeIgniter->run()
INFO - 2023-08-16 11:02:42 --> Session: Class initialized using 'CodeIgniter\Session\Handlers\FileHandler' driver.
ERROR - 2023-08-16 11:02:42 --> mysqli_sql_exception: Column 'reply_id' cannot be null in C:\xampp\htdocs\UCLF\system\Database\MySQLi\Connection.php:295
Stack trace:
#0 C:\xampp\htdocs\UCLF\system\Database\MySQLi\Connection.php(295): mysqli->query('INSERT INTO `re...', 0)
#1 C:\xampp\htdocs\UCLF\system\Database\BaseConnection.php(691): CodeIgniter\Database\MySQLi\Connection->execute('INSERT INTO `re...')
#2 C:\xampp\htdocs\UCLF\system\Database\BaseConnection.php(605): CodeIgniter\Database\BaseConnection->simpleQuery('INSERT INTO `re...')
#3 C:\xampp\htdocs\UCLF\system\Database\BaseBuilder.php(2295): CodeIgniter\Database\BaseConnection->query('INSERT INTO `re...', Array, false)
#4 C:\xampp\htdocs\UCLF\app\Models\ReplyModel.php(30): CodeIgniter\Database\BaseBuilder->insert(Array)
#5 C:\xampp\htdocs\UCLF\app\Controllers\ForumResponses.php(432): App\Models\ReplyModel->saveReply(Array)
#6 C:\xampp\htdocs\UCLF\system\CodeIgniter.php(934): App\Controllers\ForumResponses->makeReplyAjax()
#7 C:\xampp\htdocs\UCLF\system\CodeIgniter.php(499): CodeIgniter\CodeIgniter->runController(Object(App\Controllers\ForumResponses))
#8 C:\xampp\htdocs\UCLF\system\CodeIgniter.php(368): CodeIgniter\CodeIgniter->handleRequest(NULL, Object(Config\Cache), false)
#9 C:\xampp\htdocs\UCLF\index.php(67): CodeIgniter\CodeIgniter->run()
#10 {main}
CRITICAL - 2023-08-16 11:02:42 --> Column 'reply_id' cannot be null
in SYSTEMPATH\Database\BaseConnection.php on line 645.
 1 SYSTEMPATH\Database\BaseBuilder.php(2295): CodeIgniter\Database\BaseConnection->query('INSERT INTO `reply` (`qn_id`, `user_id`, `reply`, `reply_id`, `repliedBy`, `photo`) VALUES (:qn_id:, :user_id:, :reply:, :reply_id:, :repliedBy:, :photo:)', [...], false)
 2 APPPATH\Models\ReplyModel.php(30): CodeIgniter\Database\BaseBuilder->insert([...])
 3 APPPATH\Controllers\ForumResponses.php(432): App\Models\ReplyModel->saveReply([...])
 4 SYSTEMPATH\CodeIgniter.php(934): App\Controllers\ForumResponses->makeReplyAjax()
 5 SYSTEMPATH\CodeIgniter.php(499): CodeIgniter\CodeIgniter->runController(Object(App\Controllers\ForumResponses))
 6 SYSTEMPATH\CodeIgniter.php(368): CodeIgniter\CodeIgniter->handleRequest(null, Object(Config\Cache), false)
 7 FCPATH\index.php(67): CodeIgniter\CodeIgniter->run()
INFO - 2023-08-16 11:02:42 --> Session: Class initialized using 'CodeIgniter\Session\Handlers\FileHandler' driver.
ERROR - 2023-08-16 11:02:42 --> mysqli_sql_exception: Column 'reply_id' cannot be null in C:\xampp\htdocs\UCLF\system\Database\MySQLi\Connection.php:295
Stack trace:
#0 C:\xampp\htdocs\UCLF\system\Database\MySQLi\Connection.php(295): mysqli->query('INSERT INTO `re...', 0)
#1 C:\xampp\htdocs\UCLF\system\Database\BaseConnection.php(691): CodeIgniter\Database\MySQLi\Connection->execute('INSERT INTO `re...')
#2 C:\xampp\htdocs\UCLF\system\Database\BaseConnection.php(605): CodeIgniter\Database\BaseConnection->simpleQuery('INSERT INTO `re...')
#3 C:\xampp\htdocs\UCLF\system\Database\BaseBuilder.php(2295): CodeIgniter\Database\BaseConnection->query('INSERT INTO `re...', Array, false)
#4 C:\xampp\htdocs\UCLF\app\Models\ReplyModel.php(30): CodeIgniter\Database\BaseBuilder->insert(Array)
#5 C:\xampp\htdocs\UCLF\app\Controllers\ForumResponses.php(432): App\Models\ReplyModel->saveReply(Array)
#6 C:\xampp\htdocs\UCLF\system\CodeIgniter.php(934): App\Controllers\ForumResponses->makeReplyAjax()
#7 C:\xampp\htdocs\UCLF\system\CodeIgniter.php(499): CodeIgniter\CodeIgniter->runController(Object(App\Controllers\ForumResponses))
#8 C:\xampp\htdocs\UCLF\system\CodeIgniter.php(368): CodeIgniter\CodeIgniter->handleRequest(NULL, Object(Config\Cache), false)
#9 C:\xampp\htdocs\UCLF\index.php(67): CodeIgniter\CodeIgniter->run()
#10 {main}
CRITICAL - 2023-08-16 11:02:42 --> Column 'reply_id' cannot be null
in SYSTEMPATH\Database\BaseConnection.php on line 645.
 1 SYSTEMPATH\Database\BaseBuilder.php(2295): CodeIgniter\Database\BaseConnection->query('INSERT INTO `reply` (`qn_id`, `user_id`, `reply`, `reply_id`, `repliedBy`, `photo`) VALUES (:qn_id:, :user_id:, :reply:, :reply_id:, :repliedBy:, :photo:)', [...], false)
 2 APPPATH\Models\ReplyModel.php(30): CodeIgniter\Database\BaseBuilder->insert([...])
 3 APPPATH\Controllers\ForumResponses.php(432): App\Models\ReplyModel->saveReply([...])
 4 SYSTEMPATH\CodeIgniter.php(934): App\Controllers\ForumResponses->makeReplyAjax()
 5 SYSTEMPATH\CodeIgniter.php(499): CodeIgniter\CodeIgniter->runController(Object(App\Controllers\ForumResponses))
 6 SYSTEMPATH\CodeIgniter.php(368): CodeIgniter\CodeIgniter->handleRequest(null, Object(Config\Cache), false)
 7 FCPATH\index.php(67): CodeIgniter\CodeIgniter->run()
INFO - 2023-08-16 11:02:42 --> Session: Class initialized using 'CodeIgniter\Session\Handlers\FileHandler' driver.
ERROR - 2023-08-16 11:02:42 --> mysqli_sql_exception: Column 'reply_id' cannot be null in C:\xampp\htdocs\UCLF\system\Database\MySQLi\Connection.php:295
Stack trace:
#0 C:\xampp\htdocs\UCLF\system\Database\MySQLi\Connection.php(295): mysqli->query('INSERT INTO `re...', 0)
#1 C:\xampp\htdocs\UCLF\system\Database\BaseConnection.php(691): CodeIgniter\Database\MySQLi\Connection->execute('INSERT INTO `re...')
#2 C:\xampp\htdocs\UCLF\system\Database\BaseConnection.php(605): CodeIgniter\Database\BaseConnection->simpleQuery('INSERT INTO `re...')
#3 C:\xampp\htdocs\UCLF\system\Database\BaseBuilder.php(2295): CodeIgniter\Database\BaseConnection->query('INSERT INTO `re...', Array, false)
#4 C:\xampp\htdocs\UCLF\app\Models\ReplyModel.php(30): CodeIgniter\Database\BaseBuilder->insert(Array)
#5 C:\xampp\htdocs\UCLF\app\Controllers\ForumResponses.php(432): App\Models\ReplyModel->saveReply(Array)
#6 C:\xampp\htdocs\UCLF\system\CodeIgniter.php(934): App\Controllers\ForumResponses->makeReplyAjax()
#7 C:\xampp\htdocs\UCLF\system\CodeIgniter.php(499): CodeIgniter\CodeIgniter->runController(Object(App\Controllers\ForumResponses))
#8 C:\xampp\htdocs\UCLF\system\CodeIgniter.php(368): CodeIgniter\CodeIgniter->handleRequest(NULL, Object(Config\Cache), false)
#9 C:\xampp\htdocs\UCLF\index.php(67): CodeIgniter\CodeIgniter->run()
#10 {main}
CRITICAL - 2023-08-16 11:02:42 --> Column 'reply_id' cannot be null
in SYSTEMPATH\Database\BaseConnection.php on line 645.
 1 SYSTEMPATH\Database\BaseBuilder.php(2295): CodeIgniter\Database\BaseConnection->query('INSERT INTO `reply` (`qn_id`, `user_id`, `reply`, `reply_id`, `repliedBy`, `photo`) VALUES (:qn_id:, :user_id:, :reply:, :reply_id:, :repliedBy:, :photo:)', [...], false)
 2 APPPATH\Models\ReplyModel.php(30): CodeIgniter\Database\BaseBuilder->insert([...])
 3 APPPATH\Controllers\ForumResponses.php(432): App\Models\ReplyModel->saveReply([...])
 4 SYSTEMPATH\CodeIgniter.php(934): App\Controllers\ForumResponses->makeReplyAjax()
 5 SYSTEMPATH\CodeIgniter.php(499): CodeIgniter\CodeIgniter->runController(Object(App\Controllers\ForumResponses))
 6 SYSTEMPATH\CodeIgniter.php(368): CodeIgniter\CodeIgniter->handleRequest(null, Object(Config\Cache), false)
 7 FCPATH\index.php(67): CodeIgniter\CodeIgniter->run()
INFO - 2023-08-16 11:02:42 --> Session: Class initialized using 'CodeIgniter\Session\Handlers\FileHandler' driver.
ERROR - 2023-08-16 11:02:42 --> mysqli_sql_exception: Column 'reply_id' cannot be null in C:\xampp\htdocs\UCLF\system\Database\MySQLi\Connection.php:295
Stack trace:
#0 C:\xampp\htdocs\UCLF\system\Database\MySQLi\Connection.php(295): mysqli->query('INSERT INTO `re...', 0)
#1 C:\xampp\htdocs\UCLF\system\Database\BaseConnection.php(691): CodeIgniter\Database\MySQLi\Connection->execute('INSERT INTO `re...')
#2 C:\xampp\htdocs\UCLF\system\Database\BaseConnection.php(605): CodeIgniter\Database\BaseConnection->simpleQuery('INSERT INTO `re...')
#3 C:\xampp\htdocs\UCLF\system\Database\BaseBuilder.php(2295): CodeIgniter\Database\BaseConnection->query('INSERT INTO `re...', Array, false)
#4 C:\xampp\htdocs\UCLF\app\Models\ReplyModel.php(30): CodeIgniter\Database\BaseBuilder->insert(Array)
#5 C:\xampp\htdocs\UCLF\app\Controllers\ForumResponses.php(432): App\Models\ReplyModel->saveReply(Array)
#6 C:\xampp\htdocs\UCLF\system\CodeIgniter.php(934): App\Controllers\ForumResponses->makeReplyAjax()
#7 C:\xampp\htdocs\UCLF\system\CodeIgniter.php(499): CodeIgniter\CodeIgniter->runController(Object(App\Controllers\ForumResponses))
#8 C:\xampp\htdocs\UCLF\system\CodeIgniter.php(368): CodeIgniter\CodeIgniter->handleRequest(NULL, Object(Config\Cache), false)
#9 C:\xampp\htdocs\UCLF\index.php(67): CodeIgniter\CodeIgniter->run()
#10 {main}
CRITICAL - 2023-08-16 11:02:42 --> Column 'reply_id' cannot be null
in SYSTEMPATH\Database\BaseConnection.php on line 645.
 1 SYSTEMPATH\Database\BaseBuilder.php(2295): CodeIgniter\Database\BaseConnection->query('INSERT INTO `reply` (`qn_id`, `user_id`, `reply`, `reply_id`, `repliedBy`, `photo`) VALUES (:qn_id:, :user_id:, :reply:, :reply_id:, :repliedBy:, :photo:)', [...], false)
 2 APPPATH\Models\ReplyModel.php(30): CodeIgniter\Database\BaseBuilder->insert([...])
 3 APPPATH\Controllers\ForumResponses.php(432): App\Models\ReplyModel->saveReply([...])
 4 SYSTEMPATH\CodeIgniter.php(934): App\Controllers\ForumResponses->makeReplyAjax()
 5 SYSTEMPATH\CodeIgniter.php(499): CodeIgniter\CodeIgniter->runController(Object(App\Controllers\ForumResponses))
 6 SYSTEMPATH\CodeIgniter.php(368): CodeIgniter\CodeIgniter->handleRequest(null, Object(Config\Cache), false)
 7 FCPATH\index.php(67): CodeIgniter\CodeIgniter->run()
INFO - 2023-08-16 11:02:42 --> Session: Class initialized using 'CodeIgniter\Session\Handlers\FileHandler' driver.
ERROR - 2023-08-16 11:02:42 --> mysqli_sql_exception: Column 'reply_id' cannot be null in C:\xampp\htdocs\UCLF\system\Database\MySQLi\Connection.php:295
Stack trace:
#0 C:\xampp\htdocs\UCLF\system\Database\MySQLi\Connection.php(295): mysqli->query('INSERT INTO `re...', 0)
#1 C:\xampp\htdocs\UCLF\system\Database\BaseConnection.php(691): CodeIgniter\Database\MySQLi\Connection->execute('INSERT INTO `re...')
#2 C:\xampp\htdocs\UCLF\system\Database\BaseConnection.php(605): CodeIgniter\Database\BaseConnection->simpleQuery('INSERT INTO `re...')
#3 C:\xampp\htdocs\UCLF\system\Database\BaseBuilder.php(2295): CodeIgniter\Database\BaseConnection->query('INSERT INTO `re...', Array, false)
#4 C:\xampp\htdocs\UCLF\app\Models\ReplyModel.php(30): CodeIgniter\Database\BaseBuilder->insert(Array)
#5 C:\xampp\htdocs\UCLF\app\Controllers\ForumResponses.php(432): App\Models\ReplyModel->saveReply(Array)
#6 C:\xampp\htdocs\UCLF\system\CodeIgniter.php(934): App\Controllers\ForumResponses->makeReplyAjax()
#7 C:\xampp\htdocs\UCLF\system\CodeIgniter.php(499): CodeIgniter\CodeIgniter->runController(Object(App\Controllers\ForumResponses))
#8 C:\xampp\htdocs\UCLF\system\CodeIgniter.php(368): CodeIgniter\CodeIgniter->handleRequest(NULL, Object(Config\Cache), false)
#9 C:\xampp\htdocs\UCLF\index.php(67): CodeIgniter\CodeIgniter->run()
#10 {main}
CRITICAL - 2023-08-16 11:02:42 --> Column 'reply_id' cannot be null
in SYSTEMPATH\Database\BaseConnection.php on line 645.
 1 SYSTEMPATH\Database\BaseBuilder.php(2295): CodeIgniter\Database\BaseConnection->query('INSERT INTO `reply` (`qn_id`, `user_id`, `reply`, `reply_id`, `repliedBy`, `photo`) VALUES (:qn_id:, :user_id:, :reply:, :reply_id:, :repliedBy:, :photo:)', [...], false)
 2 APPPATH\Models\ReplyModel.php(30): CodeIgniter\Database\BaseBuilder->insert([...])
 3 APPPATH\Controllers\ForumResponses.php(432): App\Models\ReplyModel->saveReply([...])
 4 SYSTEMPATH\CodeIgniter.php(934): App\Controllers\ForumResponses->makeReplyAjax()
 5 SYSTEMPATH\CodeIgniter.php(499): CodeIgniter\CodeIgniter->runController(Object(App\Controllers\ForumResponses))
 6 SYSTEMPATH\CodeIgniter.php(368): CodeIgniter\CodeIgniter->handleRequest(null, Object(Config\Cache), false)
 7 FCPATH\index.php(67): CodeIgniter\CodeIgniter->run()
INFO - 2023-08-16 11:02:42 --> Session: Class initialized using 'CodeIgniter\Session\Handlers\FileHandler' driver.
ERROR - 2023-08-16 11:02:42 --> mysqli_sql_exception: Column 'reply_id' cannot be null in C:\xampp\htdocs\UCLF\system\Database\MySQLi\Connection.php:295
Stack trace:
#0 C:\xampp\htdocs\UCLF\system\Database\MySQLi\Connection.php(295): mysqli->query('INSERT INTO `re...', 0)
#1 C:\xampp\htdocs\UCLF\system\Database\BaseConnection.php(691): CodeIgniter\Database\MySQLi\Connection->execute('INSERT INTO `re...')
#2 C:\xampp\htdocs\UCLF\system\Database\BaseConnection.php(605): CodeIgniter\Database\BaseConnection->simpleQuery('INSERT INTO `re...')
#3 C:\xampp\htdocs\UCLF\system\Database\BaseBuilder.php(2295): CodeIgniter\Database\BaseConnection->query('INSERT INTO `re...', Array, false)
#4 C:\xampp\htdocs\UCLF\app\Models\ReplyModel.php(30): CodeIgniter\Database\BaseBuilder->insert(Array)
#5 C:\xampp\htdocs\UCLF\app\Controllers\ForumResponses.php(432): App\Models\ReplyModel->saveReply(Array)
#6 C:\xampp\htdocs\UCLF\system\CodeIgniter.php(934): App\Controllers\ForumResponses->makeReplyAjax()
#7 C:\xampp\htdocs\UCLF\system\CodeIgniter.php(499): CodeIgniter\CodeIgniter->runController(Object(App\Controllers\ForumResponses))
#8 C:\xampp\htdocs\UCLF\system\CodeIgniter.php(368): CodeIgniter\CodeIgniter->handleRequest(NULL, Object(Config\Cache), false)
#9 C:\xampp\htdocs\UCLF\index.php(67): CodeIgniter\CodeIgniter->run()
#10 {main}
CRITICAL - 2023-08-16 11:02:42 --> Column 'reply_id' cannot be null
in SYSTEMPATH\Database\BaseConnection.php on line 645.
 1 SYSTEMPATH\Database\BaseBuilder.php(2295): CodeIgniter\Database\BaseConnection->query('INSERT INTO `reply` (`qn_id`, `user_id`, `reply`, `reply_id`, `repliedBy`, `photo`) VALUES (:qn_id:, :user_id:, :reply:, :reply_id:, :repliedBy:, :photo:)', [...], false)
 2 APPPATH\Models\ReplyModel.php(30): CodeIgniter\Database\BaseBuilder->insert([...])
 3 APPPATH\Controllers\ForumResponses.php(432): App\Models\ReplyModel->saveReply([...])
 4 SYSTEMPATH\CodeIgniter.php(934): App\Controllers\ForumResponses->makeReplyAjax()
 5 SYSTEMPATH\CodeIgniter.php(499): CodeIgniter\CodeIgniter->runController(Object(App\Controllers\ForumResponses))
 6 SYSTEMPATH\CodeIgniter.php(368): CodeIgniter\CodeIgniter->handleRequest(null, Object(Config\Cache), false)
 7 FCPATH\index.php(67): CodeIgniter\CodeIgniter->run()
INFO - 2023-08-16 11:02:49 --> Session: Class initialized using 'CodeIgniter\Session\Handlers\FileHandler' driver.
ERROR - 2023-08-16 11:02:49 --> mysqli_sql_exception: Column 'reply_id' cannot be null in C:\xampp\htdocs\UCLF\system\Database\MySQLi\Connection.php:295
Stack trace:
#0 C:\xampp\htdocs\UCLF\system\Database\MySQLi\Connection.php(295): mysqli->query('INSERT INTO `re...', 0)
#1 C:\xampp\htdocs\UCLF\system\Database\BaseConnection.php(691): CodeIgniter\Database\MySQLi\Connection->execute('INSERT INTO `re...')
#2 C:\xampp\htdocs\UCLF\system\Database\BaseConnection.php(605): CodeIgniter\Database\BaseConnection->simpleQuery('INSERT INTO `re...')
#3 C:\xampp\htdocs\UCLF\system\Database\BaseBuilder.php(2295): CodeIgniter\Database\BaseConnection->query('INSERT INTO `re...', Array, false)
#4 C:\xampp\htdocs\UCLF\app\Models\ReplyModel.php(30): CodeIgniter\Database\BaseBuilder->insert(Array)
#5 C:\xampp\htdocs\UCLF\app\Controllers\ForumResponses.php(432): App\Models\ReplyModel->saveReply(Array)
#6 C:\xampp\htdocs\UCLF\system\CodeIgniter.php(934): App\Controllers\ForumResponses->makeReplyAjax()
#7 C:\xampp\htdocs\UCLF\system\CodeIgniter.php(499): CodeIgniter\CodeIgniter->runController(Object(App\Controllers\ForumResponses))
#8 C:\xampp\htdocs\UCLF\system\CodeIgniter.php(368): CodeIgniter\CodeIgniter->handleRequest(NULL, Object(Config\Cache), false)
#9 C:\xampp\htdocs\UCLF\index.php(67): CodeIgniter\CodeIgniter->run()
#10 {main}
CRITICAL - 2023-08-16 11:02:49 --> Column 'reply_id' cannot be null
in SYSTEMPATH\Database\BaseConnection.php on line 645.
 1 SYSTEMPATH\Database\BaseBuilder.php(2295): CodeIgniter\Database\BaseConnection->query('INSERT INTO `reply` (`qn_id`, `user_id`, `reply`, `reply_id`, `repliedBy`, `photo`) VALUES (:qn_id:, :user_id:, :reply:, :reply_id:, :repliedBy:, :photo:)', [...], false)
 2 APPPATH\Models\ReplyModel.php(30): CodeIgniter\Database\BaseBuilder->insert([...])
 3 APPPATH\Controllers\ForumResponses.php(432): App\Models\ReplyModel->saveReply([...])
 4 SYSTEMPATH\CodeIgniter.php(934): App\Controllers\ForumResponses->makeReplyAjax()
 5 SYSTEMPATH\CodeIgniter.php(499): CodeIgniter\CodeIgniter->runController(Object(App\Controllers\ForumResponses))
 6 SYSTEMPATH\CodeIgniter.php(368): CodeIgniter\CodeIgniter->handleRequest(null, Object(Config\Cache), false)
 7 FCPATH\index.php(67): CodeIgniter\CodeIgniter->run()
INFO - 2023-08-16 11:02:49 --> Session: Class initialized using 'CodeIgniter\Session\Handlers\FileHandler' driver.
ERROR - 2023-08-16 11:02:50 --> mysqli_sql_exception: Column 'reply_id' cannot be null in C:\xampp\htdocs\UCLF\system\Database\MySQLi\Connection.php:295
Stack trace:
#0 C:\xampp\htdocs\UCLF\system\Database\MySQLi\Connection.php(295): mysqli->query('INSERT INTO `re...', 0)
#1 C:\xampp\htdocs\UCLF\system\Database\BaseConnection.php(691): CodeIgniter\Database\MySQLi\Connection->execute('INSERT INTO `re...')
#2 C:\xampp\htdocs\UCLF\system\Database\BaseConnection.php(605): CodeIgniter\Database\BaseConnection->simpleQuery('INSERT INTO `re...')
#3 C:\xampp\htdocs\UCLF\system\Database\BaseBuilder.php(2295): CodeIgniter\Database\BaseConnection->query('INSERT INTO `re...', Array, false)
#4 C:\xampp\htdocs\UCLF\app\Models\ReplyModel.php(30): CodeIgniter\Database\BaseBuilder->insert(Array)
#5 C:\xampp\htdocs\UCLF\app\Controllers\ForumResponses.php(432): App\Models\ReplyModel->saveReply(Array)
#6 C:\xampp\htdocs\UCLF\system\CodeIgniter.php(934): App\Controllers\ForumResponses->makeReplyAjax()
#7 C:\xampp\htdocs\UCLF\system\CodeIgniter.php(499): CodeIgniter\CodeIgniter->runController(Object(App\Controllers\ForumResponses))
#8 C:\xampp\htdocs\UCLF\system\CodeIgniter.php(368): CodeIgniter\CodeIgniter->handleRequest(NULL, Object(Config\Cache), false)
#9 C:\xampp\htdocs\UCLF\index.php(67): CodeIgniter\CodeIgniter->run()
#10 {main}
CRITICAL - 2023-08-16 11:02:50 --> Column 'reply_id' cannot be null
in SYSTEMPATH\Database\BaseConnection.php on line 645.
 1 SYSTEMPATH\Database\BaseBuilder.php(2295): CodeIgniter\Database\BaseConnection->query('INSERT INTO `reply` (`qn_id`, `user_id`, `reply`, `reply_id`, `repliedBy`, `photo`) VALUES (:qn_id:, :user_id:, :reply:, :reply_id:, :repliedBy:, :photo:)', [...], false)
 2 APPPATH\Models\ReplyModel.php(30): CodeIgniter\Database\BaseBuilder->insert([...])
 3 APPPATH\Controllers\ForumResponses.php(432): App\Models\ReplyModel->saveReply([...])
 4 SYSTEMPATH\CodeIgniter.php(934): App\Controllers\ForumResponses->makeReplyAjax()
 5 SYSTEMPATH\CodeIgniter.php(499): CodeIgniter\CodeIgniter->runController(Object(App\Controllers\ForumResponses))
 6 SYSTEMPATH\CodeIgniter.php(368): CodeIgniter\CodeIgniter->handleRequest(null, Object(Config\Cache), false)
 7 FCPATH\index.php(67): CodeIgniter\CodeIgniter->run()
INFO - 2023-08-16 11:02:50 --> Session: Class initialized using 'CodeIgniter\Session\Handlers\FileHandler' driver.
ERROR - 2023-08-16 11:02:50 --> mysqli_sql_exception: Column 'reply_id' cannot be null in C:\xampp\htdocs\UCLF\system\Database\MySQLi\Connection.php:295
Stack trace:
#0 C:\xampp\htdocs\UCLF\system\Database\MySQLi\Connection.php(295): mysqli->query('INSERT INTO `re...', 0)
#1 C:\xampp\htdocs\UCLF\system\Database\BaseConnection.php(691): CodeIgniter\Database\MySQLi\Connection->execute('INSERT INTO `re...')
#2 C:\xampp\htdocs\UCLF\system\Database\BaseConnection.php(605): CodeIgniter\Database\BaseConnection->simpleQuery('INSERT INTO `re...')
#3 C:\xampp\htdocs\UCLF\system\Database\BaseBuilder.php(2295): CodeIgniter\Database\BaseConnection->query('INSERT INTO `re...', Array, false)
#4 C:\xampp\htdocs\UCLF\app\Models\ReplyModel.php(30): CodeIgniter\Database\BaseBuilder->insert(Array)
#5 C:\xampp\htdocs\UCLF\app\Controllers\ForumResponses.php(432): App\Models\ReplyModel->saveReply(Array)
#6 C:\xampp\htdocs\UCLF\system\CodeIgniter.php(934): App\Controllers\ForumResponses->makeReplyAjax()
#7 C:\xampp\htdocs\UCLF\system\CodeIgniter.php(499): CodeIgniter\CodeIgniter->runController(Object(App\Controllers\ForumResponses))
#8 C:\xampp\htdocs\UCLF\system\CodeIgniter.php(368): CodeIgniter\CodeIgniter->handleRequest(NULL, Object(Config\Cache), false)
#9 C:\xampp\htdocs\UCLF\index.php(67): CodeIgniter\CodeIgniter->run()
#10 {main}
CRITICAL - 2023-08-16 11:02:50 --> Column 'reply_id' cannot be null
in SYSTEMPATH\Database\BaseConnection.php on line 645.
 1 SYSTEMPATH\Database\BaseBuilder.php(2295): CodeIgniter\Database\BaseConnection->query('INSERT INTO `reply` (`qn_id`, `user_id`, `reply`, `reply_id`, `repliedBy`, `photo`) VALUES (:qn_id:, :user_id:, :reply:, :reply_id:, :repliedBy:, :photo:)', [...], false)
 2 APPPATH\Models\ReplyModel.php(30): CodeIgniter\Database\BaseBuilder->insert([...])
 3 APPPATH\Controllers\ForumResponses.php(432): App\Models\ReplyModel->saveReply([...])
 4 SYSTEMPATH\CodeIgniter.php(934): App\Controllers\ForumResponses->makeReplyAjax()
 5 SYSTEMPATH\CodeIgniter.php(499): CodeIgniter\CodeIgniter->runController(Object(App\Controllers\ForumResponses))
 6 SYSTEMPATH\CodeIgniter.php(368): CodeIgniter\CodeIgniter->handleRequest(null, Object(Config\Cache), false)
 7 FCPATH\index.php(67): CodeIgniter\CodeIgniter->run()
INFO - 2023-08-16 11:02:50 --> Session: Class initialized using 'CodeIgniter\Session\Handlers\FileHandler' driver.
ERROR - 2023-08-16 11:02:50 --> mysqli_sql_exception: Column 'reply_id' cannot be null in C:\xampp\htdocs\UCLF\system\Database\MySQLi\Connection.php:295
Stack trace:
#0 C:\xampp\htdocs\UCLF\system\Database\MySQLi\Connection.php(295): mysqli->query('INSERT INTO `re...', 0)
#1 C:\xampp\htdocs\UCLF\system\Database\BaseConnection.php(691): CodeIgniter\Database\MySQLi\Connection->execute('INSERT INTO `re...')
#2 C:\xampp\htdocs\UCLF\system\Database\BaseConnection.php(605): CodeIgniter\Database\BaseConnection->simpleQuery('INSERT INTO `re...')
#3 C:\xampp\htdocs\UCLF\system\Database\BaseBuilder.php(2295): CodeIgniter\Database\BaseConnection->query('INSERT INTO `re...', Array, false)
#4 C:\xampp\htdocs\UCLF\app\Models\ReplyModel.php(30): CodeIgniter\Database\BaseBuilder->insert(Array)
#5 C:\xampp\htdocs\UCLF\app\Controllers\ForumResponses.php(432): App\Models\ReplyModel->saveReply(Array)
#6 C:\xampp\htdocs\UCLF\system\CodeIgniter.php(934): App\Controllers\ForumResponses->makeReplyAjax()
#7 C:\xampp\htdocs\UCLF\system\CodeIgniter.php(499): CodeIgniter\CodeIgniter->runController(Object(App\Controllers\ForumResponses))
#8 C:\xampp\htdocs\UCLF\system\CodeIgniter.php(368): CodeIgniter\CodeIgniter->handleRequest(NULL, Object(Config\Cache), false)
#9 C:\xampp\htdocs\UCLF\index.php(67): CodeIgniter\CodeIgniter->run()
#10 {main}
CRITICAL - 2023-08-16 11:02:50 --> Column 'reply_id' cannot be null
in SYSTEMPATH\Database\BaseConnection.php on line 645.
 1 SYSTEMPATH\Database\BaseBuilder.php(2295): CodeIgniter\Database\BaseConnection->query('INSERT INTO `reply` (`qn_id`, `user_id`, `reply`, `reply_id`, `repliedBy`, `photo`) VALUES (:qn_id:, :user_id:, :reply:, :reply_id:, :repliedBy:, :photo:)', [...], false)
 2 APPPATH\Models\ReplyModel.php(30): CodeIgniter\Database\BaseBuilder->insert([...])
 3 APPPATH\Controllers\ForumResponses.php(432): App\Models\ReplyModel->saveReply([...])
 4 SYSTEMPATH\CodeIgniter.php(934): App\Controllers\ForumResponses->makeReplyAjax()
 5 SYSTEMPATH\CodeIgniter.php(499): CodeIgniter\CodeIgniter->runController(Object(App\Controllers\ForumResponses))
 6 SYSTEMPATH\CodeIgniter.php(368): CodeIgniter\CodeIgniter->handleRequest(null, Object(Config\Cache), false)
 7 FCPATH\index.php(67): CodeIgniter\CodeIgniter->run()
INFO - 2023-08-16 11:02:50 --> Session: Class initialized using 'CodeIgniter\Session\Handlers\FileHandler' driver.
ERROR - 2023-08-16 11:02:50 --> mysqli_sql_exception: Column 'reply_id' cannot be null in C:\xampp\htdocs\UCLF\system\Database\MySQLi\Connection.php:295
Stack trace:
#0 C:\xampp\htdocs\UCLF\system\Database\MySQLi\Connection.php(295): mysqli->query('INSERT INTO `re...', 0)
#1 C:\xampp\htdocs\UCLF\system\Database\BaseConnection.php(691): CodeIgniter\Database\MySQLi\Connection->execute('INSERT INTO `re...')
#2 C:\xampp\htdocs\UCLF\system\Database\BaseConnection.php(605): CodeIgniter\Database\BaseConnection->simpleQuery('INSERT INTO `re...')
#3 C:\xampp\htdocs\UCLF\system\Database\BaseBuilder.php(2295): CodeIgniter\Database\BaseConnection->query('INSERT INTO `re...', Array, false)
#4 C:\xampp\htdocs\UCLF\app\Models\ReplyModel.php(30): CodeIgniter\Database\BaseBuilder->insert(Array)
#5 C:\xampp\htdocs\UCLF\app\Controllers\ForumResponses.php(432): App\Models\ReplyModel->saveReply(Array)
#6 C:\xampp\htdocs\UCLF\system\CodeIgniter.php(934): App\Controllers\ForumResponses->makeReplyAjax()
#7 C:\xampp\htdocs\UCLF\system\CodeIgniter.php(499): CodeIgniter\CodeIgniter->runController(Object(App\Controllers\ForumResponses))
#8 C:\xampp\htdocs\UCLF\system\CodeIgniter.php(368): CodeIgniter\CodeIgniter->handleRequest(NULL, Object(Config\Cache), false)
#9 C:\xampp\htdocs\UCLF\index.php(67): CodeIgniter\CodeIgniter->run()
#10 {main}
CRITICAL - 2023-08-16 11:02:50 --> Column 'reply_id' cannot be null
in SYSTEMPATH\Database\BaseConnection.php on line 645.
 1 SYSTEMPATH\Database\BaseBuilder.php(2295): CodeIgniter\Database\BaseConnection->query('INSERT INTO `reply` (`qn_id`, `user_id`, `reply`, `reply_id`, `repliedBy`, `photo`) VALUES (:qn_id:, :user_id:, :reply:, :reply_id:, :repliedBy:, :photo:)', [...], false)
 2 APPPATH\Models\ReplyModel.php(30): CodeIgniter\Database\BaseBuilder->insert([...])
 3 APPPATH\Controllers\ForumResponses.php(432): App\Models\ReplyModel->saveReply([...])
 4 SYSTEMPATH\CodeIgniter.php(934): App\Controllers\ForumResponses->makeReplyAjax()
 5 SYSTEMPATH\CodeIgniter.php(499): CodeIgniter\CodeIgniter->runController(Object(App\Controllers\ForumResponses))
 6 SYSTEMPATH\CodeIgniter.php(368): CodeIgniter\CodeIgniter->handleRequest(null, Object(Config\Cache), false)
 7 FCPATH\index.php(67): CodeIgniter\CodeIgniter->run()
INFO - 2023-08-16 11:02:50 --> Session: Class initialized using 'CodeIgniter\Session\Handlers\FileHandler' driver.
ERROR - 2023-08-16 11:02:50 --> mysqli_sql_exception: Column 'reply_id' cannot be null in C:\xampp\htdocs\UCLF\system\Database\MySQLi\Connection.php:295
Stack trace:
#0 C:\xampp\htdocs\UCLF\system\Database\MySQLi\Connection.php(295): mysqli->query('INSERT INTO `re...', 0)
#1 C:\xampp\htdocs\UCLF\system\Database\BaseConnection.php(691): CodeIgniter\Database\MySQLi\Connection->execute('INSERT INTO `re...')
#2 C:\xampp\htdocs\UCLF\system\Database\BaseConnection.php(605): CodeIgniter\Database\BaseConnection->simpleQuery('INSERT INTO `re...')
#3 C:\xampp\htdocs\UCLF\system\Database\BaseBuilder.php(2295): CodeIgniter\Database\BaseConnection->query('INSERT INTO `re...', Array, false)
#4 C:\xampp\htdocs\UCLF\app\Models\ReplyModel.php(30): CodeIgniter\Database\BaseBuilder->insert(Array)
#5 C:\xampp\htdocs\UCLF\app\Controllers\ForumResponses.php(432): App\Models\ReplyModel->saveReply(Array)
#6 C:\xampp\htdocs\UCLF\system\CodeIgniter.php(934): App\Controllers\ForumResponses->makeReplyAjax()
#7 C:\xampp\htdocs\UCLF\system\CodeIgniter.php(499): CodeIgniter\CodeIgniter->runController(Object(App\Controllers\ForumResponses))
#8 C:\xampp\htdocs\UCLF\system\CodeIgniter.php(368): CodeIgniter\CodeIgniter->handleRequest(NULL, Object(Config\Cache), false)
#9 C:\xampp\htdocs\UCLF\index.php(67): CodeIgniter\CodeIgniter->run()
#10 {main}
CRITICAL - 2023-08-16 11:02:50 --> Column 'reply_id' cannot be null
in SYSTEMPATH\Database\BaseConnection.php on line 645.
 1 SYSTEMPATH\Database\BaseBuilder.php(2295): CodeIgniter\Database\BaseConnection->query('INSERT INTO `reply` (`qn_id`, `user_id`, `reply`, `reply_id`, `repliedBy`, `photo`) VALUES (:qn_id:, :user_id:, :reply:, :reply_id:, :repliedBy:, :photo:)', [...], false)
 2 APPPATH\Models\ReplyModel.php(30): CodeIgniter\Database\BaseBuilder->insert([...])
 3 APPPATH\Controllers\ForumResponses.php(432): App\Models\ReplyModel->saveReply([...])
 4 SYSTEMPATH\CodeIgniter.php(934): App\Controllers\ForumResponses->makeReplyAjax()
 5 SYSTEMPATH\CodeIgniter.php(499): CodeIgniter\CodeIgniter->runController(Object(App\Controllers\ForumResponses))
 6 SYSTEMPATH\CodeIgniter.php(368): CodeIgniter\CodeIgniter->handleRequest(null, Object(Config\Cache), false)
 7 FCPATH\index.php(67): CodeIgniter\CodeIgniter->run()
INFO - 2023-08-16 11:02:50 --> Session: Class initialized using 'CodeIgniter\Session\Handlers\FileHandler' driver.
ERROR - 2023-08-16 11:02:50 --> mysqli_sql_exception: Column 'reply_id' cannot be null in C:\xampp\htdocs\UCLF\system\Database\MySQLi\Connection.php:295
Stack trace:
#0 C:\xampp\htdocs\UCLF\system\Database\MySQLi\Connection.php(295): mysqli->query('INSERT INTO `re...', 0)
#1 C:\xampp\htdocs\UCLF\system\Database\BaseConnection.php(691): CodeIgniter\Database\MySQLi\Connection->execute('INSERT INTO `re...')
#2 C:\xampp\htdocs\UCLF\system\Database\BaseConnection.php(605): CodeIgniter\Database\BaseConnection->simpleQuery('INSERT INTO `re...')
#3 C:\xampp\htdocs\UCLF\system\Database\BaseBuilder.php(2295): CodeIgniter\Database\BaseConnection->query('INSERT INTO `re...', Array, false)
#4 C:\xampp\htdocs\UCLF\app\Models\ReplyModel.php(30): CodeIgniter\Database\BaseBuilder->insert(Array)
#5 C:\xampp\htdocs\UCLF\app\Controllers\ForumResponses.php(432): App\Models\ReplyModel->saveReply(Array)
#6 C:\xampp\htdocs\UCLF\system\CodeIgniter.php(934): App\Controllers\ForumResponses->makeReplyAjax()
#7 C:\xampp\htdocs\UCLF\system\CodeIgniter.php(499): CodeIgniter\CodeIgniter->runController(Object(App\Controllers\ForumResponses))
#8 C:\xampp\htdocs\UCLF\system\CodeIgniter.php(368): CodeIgniter\CodeIgniter->handleRequest(NULL, Object(Config\Cache), false)
#9 C:\xampp\htdocs\UCLF\index.php(67): CodeIgniter\CodeIgniter->run()
#10 {main}
CRITICAL - 2023-08-16 11:02:50 --> Column 'reply_id' cannot be null
in SYSTEMPATH\Database\BaseConnection.php on line 645.
 1 SYSTEMPATH\Database\BaseBuilder.php(2295): CodeIgniter\Database\BaseConnection->query('INSERT INTO `reply` (`qn_id`, `user_id`, `reply`, `reply_id`, `repliedBy`, `photo`) VALUES (:qn_id:, :user_id:, :reply:, :reply_id:, :repliedBy:, :photo:)', [...], false)
 2 APPPATH\Models\ReplyModel.php(30): CodeIgniter\Database\BaseBuilder->insert([...])
 3 APPPATH\Controllers\ForumResponses.php(432): App\Models\ReplyModel->saveReply([...])
 4 SYSTEMPATH\CodeIgniter.php(934): App\Controllers\ForumResponses->makeReplyAjax()
 5 SYSTEMPATH\CodeIgniter.php(499): CodeIgniter\CodeIgniter->runController(Object(App\Controllers\ForumResponses))
 6 SYSTEMPATH\CodeIgniter.php(368): CodeIgniter\CodeIgniter->handleRequest(null, Object(Config\Cache), false)
 7 FCPATH\index.php(67): CodeIgniter\CodeIgniter->run()
INFO - 2023-08-16 11:08:47 --> Session: Class initialized using 'CodeIgniter\Session\Handlers\FileHandler' driver.
ERROR - 2023-08-16 11:08:47 --> mysqli_sql_exception: Column 'reply_id' cannot be null in C:\xampp\htdocs\UCLF\system\Database\MySQLi\Connection.php:295
Stack trace:
#0 C:\xampp\htdocs\UCLF\system\Database\MySQLi\Connection.php(295): mysqli->query('INSERT INTO `re...', 0)
#1 C:\xampp\htdocs\UCLF\system\Database\BaseConnection.php(691): CodeIgniter\Database\MySQLi\Connection->execute('INSERT INTO `re...')
#2 C:\xampp\htdocs\UCLF\system\Database\BaseConnection.php(605): CodeIgniter\Database\BaseConnection->simpleQuery('INSERT INTO `re...')
#3 C:\xampp\htdocs\UCLF\system\Database\BaseBuilder.php(2295): CodeIgniter\Database\BaseConnection->query('INSERT INTO `re...', Array, false)
#4 C:\xampp\htdocs\UCLF\app\Models\ReplyModel.php(30): CodeIgniter\Database\BaseBuilder->insert(Array)
#5 C:\xampp\htdocs\UCLF\app\Controllers\ForumResponses.php(432): App\Models\ReplyModel->saveReply(Array)
#6 C:\xampp\htdocs\UCLF\system\CodeIgniter.php(934): App\Controllers\ForumResponses->makeReplyAjax()
#7 C:\xampp\htdocs\UCLF\system\CodeIgniter.php(499): CodeIgniter\CodeIgniter->runController(Object(App\Controllers\ForumResponses))
#8 C:\xampp\htdocs\UCLF\system\CodeIgniter.php(368): CodeIgniter\CodeIgniter->handleRequest(NULL, Object(Config\Cache), false)
#9 C:\xampp\htdocs\UCLF\index.php(67): CodeIgniter\CodeIgniter->run()
#10 {main}
CRITICAL - 2023-08-16 11:08:47 --> Column 'reply_id' cannot be null
in SYSTEMPATH\Database\BaseConnection.php on line 645.
 1 SYSTEMPATH\Database\BaseBuilder.php(2295): CodeIgniter\Database\BaseConnection->query('INSERT INTO `reply` (`qn_id`, `user_id`, `reply`, `reply_id`, `repliedBy`, `photo`) VALUES (:qn_id:, :user_id:, :reply:, :reply_id:, :repliedBy:, :photo:)', [...], false)
 2 APPPATH\Models\ReplyModel.php(30): CodeIgniter\Database\BaseBuilder->insert([...])
 3 APPPATH\Controllers\ForumResponses.php(432): App\Models\ReplyModel->saveReply([...])
 4 SYSTEMPATH\CodeIgniter.php(934): App\Controllers\ForumResponses->makeReplyAjax()
 5 SYSTEMPATH\CodeIgniter.php(499): CodeIgniter\CodeIgniter->runController(Object(App\Controllers\ForumResponses))
 6 SYSTEMPATH\CodeIgniter.php(368): CodeIgniter\CodeIgniter->handleRequest(null, Object(Config\Cache), false)
 7 FCPATH\index.php(67): CodeIgniter\CodeIgniter->run()
INFO - 2023-08-16 11:08:47 --> Session: Class initialized using 'CodeIgniter\Session\Handlers\FileHandler' driver.
ERROR - 2023-08-16 11:08:48 --> mysqli_sql_exception: Column 'reply_id' cannot be null in C:\xampp\htdocs\UCLF\system\Database\MySQLi\Connection.php:295
Stack trace:
#0 C:\xampp\htdocs\UCLF\system\Database\MySQLi\Connection.php(295): mysqli->query('INSERT INTO `re...', 0)
#1 C:\xampp\htdocs\UCLF\system\Database\BaseConnection.php(691): CodeIgniter\Database\MySQLi\Connection->execute('INSERT INTO `re...')
#2 C:\xampp\htdocs\UCLF\system\Database\BaseConnection.php(605): CodeIgniter\Database\BaseConnection->simpleQuery('INSERT INTO `re...')
#3 C:\xampp\htdocs\UCLF\system\Database\BaseBuilder.php(2295): CodeIgniter\Database\BaseConnection->query('INSERT INTO `re...', Array, false)
#4 C:\xampp\htdocs\UCLF\app\Models\ReplyModel.php(30): CodeIgniter\Database\BaseBuilder->insert(Array)
#5 C:\xampp\htdocs\UCLF\app\Controllers\ForumResponses.php(432): App\Models\ReplyModel->saveReply(Array)
#6 C:\xampp\htdocs\UCLF\system\CodeIgniter.php(934): App\Controllers\ForumResponses->makeReplyAjax()
#7 C:\xampp\htdocs\UCLF\system\CodeIgniter.php(499): CodeIgniter\CodeIgniter->runController(Object(App\Controllers\ForumResponses))
#8 C:\xampp\htdocs\UCLF\system\CodeIgniter.php(368): CodeIgniter\CodeIgniter->handleRequest(NULL, Object(Config\Cache), false)
#9 C:\xampp\htdocs\UCLF\index.php(67): CodeIgniter\CodeIgniter->run()
#10 {main}
CRITICAL - 2023-08-16 11:08:48 --> Column 'reply_id' cannot be null
in SYSTEMPATH\Database\BaseConnection.php on line 645.
 1 SYSTEMPATH\Database\BaseBuilder.php(2295): CodeIgniter\Database\BaseConnection->query('INSERT INTO `reply` (`qn_id`, `user_id`, `reply`, `reply_id`, `repliedBy`, `photo`) VALUES (:qn_id:, :user_id:, :reply:, :reply_id:, :repliedBy:, :photo:)', [...], false)
 2 APPPATH\Models\ReplyModel.php(30): CodeIgniter\Database\BaseBuilder->insert([...])
 3 APPPATH\Controllers\ForumResponses.php(432): App\Models\ReplyModel->saveReply([...])
 4 SYSTEMPATH\CodeIgniter.php(934): App\Controllers\ForumResponses->makeReplyAjax()
 5 SYSTEMPATH\CodeIgniter.php(499): CodeIgniter\CodeIgniter->runController(Object(App\Controllers\ForumResponses))
 6 SYSTEMPATH\CodeIgniter.php(368): CodeIgniter\CodeIgniter->handleRequest(null, Object(Config\Cache), false)
 7 FCPATH\index.php(67): CodeIgniter\CodeIgniter->run()
INFO - 2023-08-16 11:08:48 --> Session: Class initialized using 'CodeIgniter\Session\Handlers\FileHandler' driver.
ERROR - 2023-08-16 11:08:48 --> mysqli_sql_exception: Column 'reply_id' cannot be null in C:\xampp\htdocs\UCLF\system\Database\MySQLi\Connection.php:295
Stack trace:
#0 C:\xampp\htdocs\UCLF\system\Database\MySQLi\Connection.php(295): mysqli->query('INSERT INTO `re...', 0)
#1 C:\xampp\htdocs\UCLF\system\Database\BaseConnection.php(691): CodeIgniter\Database\MySQLi\Connection->execute('INSERT INTO `re...')
#2 C:\xampp\htdocs\UCLF\system\Database\BaseConnection.php(605): CodeIgniter\Database\BaseConnection->simpleQuery('INSERT INTO `re...')
#3 C:\xampp\htdocs\UCLF\system\Database\BaseBuilder.php(2295): CodeIgniter\Database\BaseConnection->query('INSERT INTO `re...', Array, false)
#4 C:\xampp\htdocs\UCLF\app\Models\ReplyModel.php(30): CodeIgniter\Database\BaseBuilder->insert(Array)
#5 C:\xampp\htdocs\UCLF\app\Controllers\ForumResponses.php(432): App\Models\ReplyModel->saveReply(Array)
#6 C:\xampp\htdocs\UCLF\system\CodeIgniter.php(934): App\Controllers\ForumResponses->makeReplyAjax()
#7 C:\xampp\htdocs\UCLF\system\CodeIgniter.php(499): CodeIgniter\CodeIgniter->runController(Object(App\Controllers\ForumResponses))
#8 C:\xampp\htdocs\UCLF\system\CodeIgniter.php(368): CodeIgniter\CodeIgniter->handleRequest(NULL, Object(Config\Cache), false)
#9 C:\xampp\htdocs\UCLF\index.php(67): CodeIgniter\CodeIgniter->run()
#10 {main}
CRITICAL - 2023-08-16 11:08:48 --> Column 'reply_id' cannot be null
in SYSTEMPATH\Database\BaseConnection.php on line 645.
 1 SYSTEMPATH\Database\BaseBuilder.php(2295): CodeIgniter\Database\BaseConnection->query('INSERT INTO `reply` (`qn_id`, `user_id`, `reply`, `reply_id`, `repliedBy`, `photo`) VALUES (:qn_id:, :user_id:, :reply:, :reply_id:, :repliedBy:, :photo:)', [...], false)
 2 APPPATH\Models\ReplyModel.php(30): CodeIgniter\Database\BaseBuilder->insert([...])
 3 APPPATH\Controllers\ForumResponses.php(432): App\Models\ReplyModel->saveReply([...])
 4 SYSTEMPATH\CodeIgniter.php(934): App\Controllers\ForumResponses->makeReplyAjax()
 5 SYSTEMPATH\CodeIgniter.php(499): CodeIgniter\CodeIgniter->runController(Object(App\Controllers\ForumResponses))
 6 SYSTEMPATH\CodeIgniter.php(368): CodeIgniter\CodeIgniter->handleRequest(null, Object(Config\Cache), false)
 7 FCPATH\index.php(67): CodeIgniter\CodeIgniter->run()
INFO - 2023-08-16 11:08:48 --> Session: Class initialized using 'CodeIgniter\Session\Handlers\FileHandler' driver.
ERROR - 2023-08-16 11:08:48 --> mysqli_sql_exception: Column 'reply_id' cannot be null in C:\xampp\htdocs\UCLF\system\Database\MySQLi\Connection.php:295
Stack trace:
#0 C:\xampp\htdocs\UCLF\system\Database\MySQLi\Connection.php(295): mysqli->query('INSERT INTO `re...', 0)
#1 C:\xampp\htdocs\UCLF\system\Database\BaseConnection.php(691): CodeIgniter\Database\MySQLi\Connection->execute('INSERT INTO `re...')
#2 C:\xampp\htdocs\UCLF\system\Database\BaseConnection.php(605): CodeIgniter\Database\BaseConnection->simpleQuery('INSERT INTO `re...')
#3 C:\xampp\htdocs\UCLF\system\Database\BaseBuilder.php(2295): CodeIgniter\Database\BaseConnection->query('INSERT INTO `re...', Array, false)
#4 C:\xampp\htdocs\UCLF\app\Models\ReplyModel.php(30): CodeIgniter\Database\BaseBuilder->insert(Array)
#5 C:\xampp\htdocs\UCLF\app\Controllers\ForumResponses.php(432): App\Models\ReplyModel->saveReply(Array)
#6 C:\xampp\htdocs\UCLF\system\CodeIgniter.php(934): App\Controllers\ForumResponses->makeReplyAjax()
#7 C:\xampp\htdocs\UCLF\system\CodeIgniter.php(499): CodeIgniter\CodeIgniter->runController(Object(App\Controllers\ForumResponses))
#8 C:\xampp\htdocs\UCLF\system\CodeIgniter.php(368): CodeIgniter\CodeIgniter->handleRequest(NULL, Object(Config\Cache), false)
#9 C:\xampp\htdocs\UCLF\index.php(67): CodeIgniter\CodeIgniter->run()
#10 {main}
CRITICAL - 2023-08-16 11:08:48 --> Column 'reply_id' cannot be null
in SYSTEMPATH\Database\BaseConnection.php on line 645.
 1 SYSTEMPATH\Database\BaseBuilder.php(2295): CodeIgniter\Database\BaseConnection->query('INSERT INTO `reply` (`qn_id`, `user_id`, `reply`, `reply_id`, `repliedBy`, `photo`) VALUES (:qn_id:, :user_id:, :reply:, :reply_id:, :repliedBy:, :photo:)', [...], false)
 2 APPPATH\Models\ReplyModel.php(30): CodeIgniter\Database\BaseBuilder->insert([...])
 3 APPPATH\Controllers\ForumResponses.php(432): App\Models\ReplyModel->saveReply([...])
 4 SYSTEMPATH\CodeIgniter.php(934): App\Controllers\ForumResponses->makeReplyAjax()
 5 SYSTEMPATH\CodeIgniter.php(499): CodeIgniter\CodeIgniter->runController(Object(App\Controllers\ForumResponses))
 6 SYSTEMPATH\CodeIgniter.php(368): CodeIgniter\CodeIgniter->handleRequest(null, Object(Config\Cache), false)
 7 FCPATH\index.php(67): CodeIgniter\CodeIgniter->run()
INFO - 2023-08-16 11:08:48 --> Session: Class initialized using 'CodeIgniter\Session\Handlers\FileHandler' driver.
ERROR - 2023-08-16 11:08:48 --> mysqli_sql_exception: Column 'reply_id' cannot be null in C:\xampp\htdocs\UCLF\system\Database\MySQLi\Connection.php:295
Stack trace:
#0 C:\xampp\htdocs\UCLF\system\Database\MySQLi\Connection.php(295): mysqli->query('INSERT INTO `re...', 0)
#1 C:\xampp\htdocs\UCLF\system\Database\BaseConnection.php(691): CodeIgniter\Database\MySQLi\Connection->execute('INSERT INTO `re...')
#2 C:\xampp\htdocs\UCLF\system\Database\BaseConnection.php(605): CodeIgniter\Database\BaseConnection->simpleQuery('INSERT INTO `re...')
#3 C:\xampp\htdocs\UCLF\system\Database\BaseBuilder.php(2295): CodeIgniter\Database\BaseConnection->query('INSERT INTO `re...', Array, false)
#4 C:\xampp\htdocs\UCLF\app\Models\ReplyModel.php(30): CodeIgniter\Database\BaseBuilder->insert(Array)
#5 C:\xampp\htdocs\UCLF\app\Controllers\ForumResponses.php(432): App\Models\ReplyModel->saveReply(Array)
#6 C:\xampp\htdocs\UCLF\system\CodeIgniter.php(934): App\Controllers\ForumResponses->makeReplyAjax()
#7 C:\xampp\htdocs\UCLF\system\CodeIgniter.php(499): CodeIgniter\CodeIgniter->runController(Object(App\Controllers\ForumResponses))
#8 C:\xampp\htdocs\UCLF\system\CodeIgniter.php(368): CodeIgniter\CodeIgniter->handleRequest(NULL, Object(Config\Cache), false)
#9 C:\xampp\htdocs\UCLF\index.php(67): CodeIgniter\CodeIgniter->run()
#10 {main}
CRITICAL - 2023-08-16 11:08:48 --> Column 'reply_id' cannot be null
in SYSTEMPATH\Database\BaseConnection.php on line 645.
 1 SYSTEMPATH\Database\BaseBuilder.php(2295): CodeIgniter\Database\BaseConnection->query('INSERT INTO `reply` (`qn_id`, `user_id`, `reply`, `reply_id`, `repliedBy`, `photo`) VALUES (:qn_id:, :user_id:, :reply:, :reply_id:, :repliedBy:, :photo:)', [...], false)
 2 APPPATH\Models\ReplyModel.php(30): CodeIgniter\Database\BaseBuilder->insert([...])
 3 APPPATH\Controllers\ForumResponses.php(432): App\Models\ReplyModel->saveReply([...])
 4 SYSTEMPATH\CodeIgniter.php(934): App\Controllers\ForumResponses->makeReplyAjax()
 5 SYSTEMPATH\CodeIgniter.php(499): CodeIgniter\CodeIgniter->runController(Object(App\Controllers\ForumResponses))
 6 SYSTEMPATH\CodeIgniter.php(368): CodeIgniter\CodeIgniter->handleRequest(null, Object(Config\Cache), false)
 7 FCPATH\index.php(67): CodeIgniter\CodeIgniter->run()
INFO - 2023-08-16 11:08:48 --> Session: Class initialized using 'CodeIgniter\Session\Handlers\FileHandler' driver.
ERROR - 2023-08-16 11:08:48 --> mysqli_sql_exception: Column 'reply_id' cannot be null in C:\xampp\htdocs\UCLF\system\Database\MySQLi\Connection.php:295
Stack trace:
#0 C:\xampp\htdocs\UCLF\system\Database\MySQLi\Connection.php(295): mysqli->query('INSERT INTO `re...', 0)
#1 C:\xampp\htdocs\UCLF\system\Database\BaseConnection.php(691): CodeIgniter\Database\MySQLi\Connection->execute('INSERT INTO `re...')
#2 C:\xampp\htdocs\UCLF\system\Database\BaseConnection.php(605): CodeIgniter\Database\BaseConnection->simpleQuery('INSERT INTO `re...')
#3 C:\xampp\htdocs\UCLF\system\Database\BaseBuilder.php(2295): CodeIgniter\Database\BaseConnection->query('INSERT INTO `re...', Array, false)
#4 C:\xampp\htdocs\UCLF\app\Models\ReplyModel.php(30): CodeIgniter\Database\BaseBuilder->insert(Array)
#5 C:\xampp\htdocs\UCLF\app\Controllers\ForumResponses.php(432): App\Models\ReplyModel->saveReply(Array)
#6 C:\xampp\htdocs\UCLF\system\CodeIgniter.php(934): App\Controllers\ForumResponses->makeReplyAjax()
#7 C:\xampp\htdocs\UCLF\system\CodeIgniter.php(499): CodeIgniter\CodeIgniter->runController(Object(App\Controllers\ForumResponses))
#8 C:\xampp\htdocs\UCLF\system\CodeIgniter.php(368): CodeIgniter\CodeIgniter->handleRequest(NULL, Object(Config\Cache), false)
#9 C:\xampp\htdocs\UCLF\index.php(67): CodeIgniter\CodeIgniter->run()
#10 {main}
CRITICAL - 2023-08-16 11:08:48 --> Column 'reply_id' cannot be null
in SYSTEMPATH\Database\BaseConnection.php on line 645.
 1 SYSTEMPATH\Database\BaseBuilder.php(2295): CodeIgniter\Database\BaseConnection->query('INSERT INTO `reply` (`qn_id`, `user_id`, `reply`, `reply_id`, `repliedBy`, `photo`) VALUES (:qn_id:, :user_id:, :reply:, :reply_id:, :repliedBy:, :photo:)', [...], false)
 2 APPPATH\Models\ReplyModel.php(30): CodeIgniter\Database\BaseBuilder->insert([...])
 3 APPPATH\Controllers\ForumResponses.php(432): App\Models\ReplyModel->saveReply([...])
 4 SYSTEMPATH\CodeIgniter.php(934): App\Controllers\ForumResponses->makeReplyAjax()
 5 SYSTEMPATH\CodeIgniter.php(499): CodeIgniter\CodeIgniter->runController(Object(App\Controllers\ForumResponses))
 6 SYSTEMPATH\CodeIgniter.php(368): CodeIgniter\CodeIgniter->handleRequest(null, Object(Config\Cache), false)
 7 FCPATH\index.php(67): CodeIgniter\CodeIgniter->run()
INFO - 2023-08-16 11:08:48 --> Session: Class initialized using 'CodeIgniter\Session\Handlers\FileHandler' driver.
ERROR - 2023-08-16 11:08:48 --> mysqli_sql_exception: Column 'reply_id' cannot be null in C:\xampp\htdocs\UCLF\system\Database\MySQLi\Connection.php:295
Stack trace:
#0 C:\xampp\htdocs\UCLF\system\Database\MySQLi\Connection.php(295): mysqli->query('INSERT INTO `re...', 0)
#1 C:\xampp\htdocs\UCLF\system\Database\BaseConnection.php(691): CodeIgniter\Database\MySQLi\Connection->execute('INSERT INTO `re...')
#2 C:\xampp\htdocs\UCLF\system\Database\BaseConnection.php(605): CodeIgniter\Database\BaseConnection->simpleQuery('INSERT INTO `re...')
#3 C:\xampp\htdocs\UCLF\system\Database\BaseBuilder.php(2295): CodeIgniter\Database\BaseConnection->query('INSERT INTO `re...', Array, false)
#4 C:\xampp\htdocs\UCLF\app\Models\ReplyModel.php(30): CodeIgniter\Database\BaseBuilder->insert(Array)
#5 C:\xampp\htdocs\UCLF\app\Controllers\ForumResponses.php(432): App\Models\ReplyModel->saveReply(Array)
#6 C:\xampp\htdocs\UCLF\system\CodeIgniter.php(934): App\Controllers\ForumResponses->makeReplyAjax()
#7 C:\xampp\htdocs\UCLF\system\CodeIgniter.php(499): CodeIgniter\CodeIgniter->runController(Object(App\Controllers\ForumResponses))
#8 C:\xampp\htdocs\UCLF\system\CodeIgniter.php(368): CodeIgniter\CodeIgniter->handleRequest(NULL, Object(Config\Cache), false)
#9 C:\xampp\htdocs\UCLF\index.php(67): CodeIgniter\CodeIgniter->run()
#10 {main}
CRITICAL - 2023-08-16 11:08:48 --> Column 'reply_id' cannot be null
in SYSTEMPATH\Database\BaseConnection.php on line 645.
 1 SYSTEMPATH\Database\BaseBuilder.php(2295): CodeIgniter\Database\BaseConnection->query('INSERT INTO `reply` (`qn_id`, `user_id`, `reply`, `reply_id`, `repliedBy`, `photo`) VALUES (:qn_id:, :user_id:, :reply:, :reply_id:, :repliedBy:, :photo:)', [...], false)
 2 APPPATH\Models\ReplyModel.php(30): CodeIgniter\Database\BaseBuilder->insert([...])
 3 APPPATH\Controllers\ForumResponses.php(432): App\Models\ReplyModel->saveReply([...])
 4 SYSTEMPATH\CodeIgniter.php(934): App\Controllers\ForumResponses->makeReplyAjax()
 5 SYSTEMPATH\CodeIgniter.php(499): CodeIgniter\CodeIgniter->runController(Object(App\Controllers\ForumResponses))
 6 SYSTEMPATH\CodeIgniter.php(368): CodeIgniter\CodeIgniter->handleRequest(null, Object(Config\Cache), false)
 7 FCPATH\index.php(67): CodeIgniter\CodeIgniter->run()
INFO - 2023-08-16 11:08:51 --> Session: Class initialized using 'CodeIgniter\Session\Handlers\FileHandler' driver.
ERROR - 2023-08-16 11:08:51 --> mysqli_sql_exception: Column 'reply_id' cannot be null in C:\xampp\htdocs\UCLF\system\Database\MySQLi\Connection.php:295
Stack trace:
#0 C:\xampp\htdocs\UCLF\system\Database\MySQLi\Connection.php(295): mysqli->query('INSERT INTO `re...', 0)
#1 C:\xampp\htdocs\UCLF\system\Database\BaseConnection.php(691): CodeIgniter\Database\MySQLi\Connection->execute('INSERT INTO `re...')
#2 C:\xampp\htdocs\UCLF\system\Database\BaseConnection.php(605): CodeIgniter\Database\BaseConnection->simpleQuery('INSERT INTO `re...')
#3 C:\xampp\htdocs\UCLF\system\Database\BaseBuilder.php(2295): CodeIgniter\Database\BaseConnection->query('INSERT INTO `re...', Array, false)
#4 C:\xampp\htdocs\UCLF\app\Models\ReplyModel.php(30): CodeIgniter\Database\BaseBuilder->insert(Array)
#5 C:\xampp\htdocs\UCLF\app\Controllers\ForumResponses.php(432): App\Models\ReplyModel->saveReply(Array)
#6 C:\xampp\htdocs\UCLF\system\CodeIgniter.php(934): App\Controllers\ForumResponses->makeReplyAjax()
#7 C:\xampp\htdocs\UCLF\system\CodeIgniter.php(499): CodeIgniter\CodeIgniter->runController(Object(App\Controllers\ForumResponses))
#8 C:\xampp\htdocs\UCLF\system\CodeIgniter.php(368): CodeIgniter\CodeIgniter->handleRequest(NULL, Object(Config\Cache), false)
#9 C:\xampp\htdocs\UCLF\index.php(67): CodeIgniter\CodeIgniter->run()
#10 {main}
CRITICAL - 2023-08-16 11:08:51 --> Column 'reply_id' cannot be null
in SYSTEMPATH\Database\BaseConnection.php on line 645.
 1 SYSTEMPATH\Database\BaseBuilder.php(2295): CodeIgniter\Database\BaseConnection->query('INSERT INTO `reply` (`qn_id`, `user_id`, `reply`, `reply_id`, `repliedBy`, `photo`) VALUES (:qn_id:, :user_id:, :reply:, :reply_id:, :repliedBy:, :photo:)', [...], false)
 2 APPPATH\Models\ReplyModel.php(30): CodeIgniter\Database\BaseBuilder->insert([...])
 3 APPPATH\Controllers\ForumResponses.php(432): App\Models\ReplyModel->saveReply([...])
 4 SYSTEMPATH\CodeIgniter.php(934): App\Controllers\ForumResponses->makeReplyAjax()
 5 SYSTEMPATH\CodeIgniter.php(499): CodeIgniter\CodeIgniter->runController(Object(App\Controllers\ForumResponses))
 6 SYSTEMPATH\CodeIgniter.php(368): CodeIgniter\CodeIgniter->handleRequest(null, Object(Config\Cache), false)
 7 FCPATH\index.php(67): CodeIgniter\CodeIgniter->run()
INFO - 2023-08-16 11:08:51 --> Session: Class initialized using 'CodeIgniter\Session\Handlers\FileHandler' driver.
ERROR - 2023-08-16 11:08:51 --> mysqli_sql_exception: Column 'reply_id' cannot be null in C:\xampp\htdocs\UCLF\system\Database\MySQLi\Connection.php:295
Stack trace:
#0 C:\xampp\htdocs\UCLF\system\Database\MySQLi\Connection.php(295): mysqli->query('INSERT INTO `re...', 0)
#1 C:\xampp\htdocs\UCLF\system\Database\BaseConnection.php(691): CodeIgniter\Database\MySQLi\Connection->execute('INSERT INTO `re...')
#2 C:\xampp\htdocs\UCLF\system\Database\BaseConnection.php(605): CodeIgniter\Database\BaseConnection->simpleQuery('INSERT INTO `re...')
#3 C:\xampp\htdocs\UCLF\system\Database\BaseBuilder.php(2295): CodeIgniter\Database\BaseConnection->query('INSERT INTO `re...', Array, false)
#4 C:\xampp\htdocs\UCLF\app\Models\ReplyModel.php(30): CodeIgniter\Database\BaseBuilder->insert(Array)
#5 C:\xampp\htdocs\UCLF\app\Controllers\ForumResponses.php(432): App\Models\ReplyModel->saveReply(Array)
#6 C:\xampp\htdocs\UCLF\system\CodeIgniter.php(934): App\Controllers\ForumResponses->makeReplyAjax()
#7 C:\xampp\htdocs\UCLF\system\CodeIgniter.php(499): CodeIgniter\CodeIgniter->runController(Object(App\Controllers\ForumResponses))
#8 C:\xampp\htdocs\UCLF\system\CodeIgniter.php(368): CodeIgniter\CodeIgniter->handleRequest(NULL, Object(Config\Cache), false)
#9 C:\xampp\htdocs\UCLF\index.php(67): CodeIgniter\CodeIgniter->run()
#10 {main}
CRITICAL - 2023-08-16 11:08:51 --> Column 'reply_id' cannot be null
in SYSTEMPATH\Database\BaseConnection.php on line 645.
 1 SYSTEMPATH\Database\BaseBuilder.php(2295): CodeIgniter\Database\BaseConnection->query('INSERT INTO `reply` (`qn_id`, `user_id`, `reply`, `reply_id`, `repliedBy`, `photo`) VALUES (:qn_id:, :user_id:, :reply:, :reply_id:, :repliedBy:, :photo:)', [...], false)
 2 APPPATH\Models\ReplyModel.php(30): CodeIgniter\Database\BaseBuilder->insert([...])
 3 APPPATH\Controllers\ForumResponses.php(432): App\Models\ReplyModel->saveReply([...])
 4 SYSTEMPATH\CodeIgniter.php(934): App\Controllers\ForumResponses->makeReplyAjax()
 5 SYSTEMPATH\CodeIgniter.php(499): CodeIgniter\CodeIgniter->runController(Object(App\Controllers\ForumResponses))
 6 SYSTEMPATH\CodeIgniter.php(368): CodeIgniter\CodeIgniter->handleRequest(null, Object(Config\Cache), false)
 7 FCPATH\index.php(67): CodeIgniter\CodeIgniter->run()
INFO - 2023-08-16 11:08:51 --> Session: Class initialized using 'CodeIgniter\Session\Handlers\FileHandler' driver.
ERROR - 2023-08-16 11:08:51 --> mysqli_sql_exception: Column 'reply_id' cannot be null in C:\xampp\htdocs\UCLF\system\Database\MySQLi\Connection.php:295
Stack trace:
#0 C:\xampp\htdocs\UCLF\system\Database\MySQLi\Connection.php(295): mysqli->query('INSERT INTO `re...', 0)
#1 C:\xampp\htdocs\UCLF\system\Database\BaseConnection.php(691): CodeIgniter\Database\MySQLi\Connection->execute('INSERT INTO `re...')
#2 C:\xampp\htdocs\UCLF\system\Database\BaseConnection.php(605): CodeIgniter\Database\BaseConnection->simpleQuery('INSERT INTO `re...')
#3 C:\xampp\htdocs\UCLF\system\Database\BaseBuilder.php(2295): CodeIgniter\Database\BaseConnection->query('INSERT INTO `re...', Array, false)
#4 C:\xampp\htdocs\UCLF\app\Models\ReplyModel.php(30): CodeIgniter\Database\BaseBuilder->insert(Array)
#5 C:\xampp\htdocs\UCLF\app\Controllers\ForumResponses.php(432): App\Models\ReplyModel->saveReply(Array)
#6 C:\xampp\htdocs\UCLF\system\CodeIgniter.php(934): App\Controllers\ForumResponses->makeReplyAjax()
#7 C:\xampp\htdocs\UCLF\system\CodeIgniter.php(499): CodeIgniter\CodeIgniter->runController(Object(App\Controllers\ForumResponses))
#8 C:\xampp\htdocs\UCLF\system\CodeIgniter.php(368): CodeIgniter\CodeIgniter->handleRequest(NULL, Object(Config\Cache), false)
#9 C:\xampp\htdocs\UCLF\index.php(67): CodeIgniter\CodeIgniter->run()
#10 {main}
CRITICAL - 2023-08-16 11:08:51 --> Column 'reply_id' cannot be null
in SYSTEMPATH\Database\BaseConnection.php on line 645.
 1 SYSTEMPATH\Database\BaseBuilder.php(2295): CodeIgniter\Database\BaseConnection->query('INSERT INTO `reply` (`qn_id`, `user_id`, `reply`, `reply_id`, `repliedBy`, `photo`) VALUES (:qn_id:, :user_id:, :reply:, :reply_id:, :repliedBy:, :photo:)', [...], false)
 2 APPPATH\Models\ReplyModel.php(30): CodeIgniter\Database\BaseBuilder->insert([...])
 3 APPPATH\Controllers\ForumResponses.php(432): App\Models\ReplyModel->saveReply([...])
 4 SYSTEMPATH\CodeIgniter.php(934): App\Controllers\ForumResponses->makeReplyAjax()
 5 SYSTEMPATH\CodeIgniter.php(499): CodeIgniter\CodeIgniter->runController(Object(App\Controllers\ForumResponses))
 6 SYSTEMPATH\CodeIgniter.php(368): CodeIgniter\CodeIgniter->handleRequest(null, Object(Config\Cache), false)
 7 FCPATH\index.php(67): CodeIgniter\CodeIgniter->run()
INFO - 2023-08-16 11:08:51 --> Session: Class initialized using 'CodeIgniter\Session\Handlers\FileHandler' driver.
ERROR - 2023-08-16 11:08:51 --> mysqli_sql_exception: Column 'reply_id' cannot be null in C:\xampp\htdocs\UCLF\system\Database\MySQLi\Connection.php:295
Stack trace:
#0 C:\xampp\htdocs\UCLF\system\Database\MySQLi\Connection.php(295): mysqli->query('INSERT INTO `re...', 0)
#1 C:\xampp\htdocs\UCLF\system\Database\BaseConnection.php(691): CodeIgniter\Database\MySQLi\Connection->execute('INSERT INTO `re...')
#2 C:\xampp\htdocs\UCLF\system\Database\BaseConnection.php(605): CodeIgniter\Database\BaseConnection->simpleQuery('INSERT INTO `re...')
#3 C:\xampp\htdocs\UCLF\system\Database\BaseBuilder.php(2295): CodeIgniter\Database\BaseConnection->query('INSERT INTO `re...', Array, false)
#4 C:\xampp\htdocs\UCLF\app\Models\ReplyModel.php(30): CodeIgniter\Database\BaseBuilder->insert(Array)
#5 C:\xampp\htdocs\UCLF\app\Controllers\ForumResponses.php(432): App\Models\ReplyModel->saveReply(Array)
#6 C:\xampp\htdocs\UCLF\system\CodeIgniter.php(934): App\Controllers\ForumResponses->makeReplyAjax()
#7 C:\xampp\htdocs\UCLF\system\CodeIgniter.php(499): CodeIgniter\CodeIgniter->runController(Object(App\Controllers\ForumResponses))
#8 C:\xampp\htdocs\UCLF\system\CodeIgniter.php(368): CodeIgniter\CodeIgniter->handleRequest(NULL, Object(Config\Cache), false)
#9 C:\xampp\htdocs\UCLF\index.php(67): CodeIgniter\CodeIgniter->run()
#10 {main}
CRITICAL - 2023-08-16 11:08:51 --> Column 'reply_id' cannot be null
in SYSTEMPATH\Database\BaseConnection.php on line 645.
 1 SYSTEMPATH\Database\BaseBuilder.php(2295): CodeIgniter\Database\BaseConnection->query('INSERT INTO `reply` (`qn_id`, `user_id`, `reply`, `reply_id`, `repliedBy`, `photo`) VALUES (:qn_id:, :user_id:, :reply:, :reply_id:, :repliedBy:, :photo:)', [...], false)
 2 APPPATH\Models\ReplyModel.php(30): CodeIgniter\Database\BaseBuilder->insert([...])
 3 APPPATH\Controllers\ForumResponses.php(432): App\Models\ReplyModel->saveReply([...])
 4 SYSTEMPATH\CodeIgniter.php(934): App\Controllers\ForumResponses->makeReplyAjax()
 5 SYSTEMPATH\CodeIgniter.php(499): CodeIgniter\CodeIgniter->runController(Object(App\Controllers\ForumResponses))
 6 SYSTEMPATH\CodeIgniter.php(368): CodeIgniter\CodeIgniter->handleRequest(null, Object(Config\Cache), false)
 7 FCPATH\index.php(67): CodeIgniter\CodeIgniter->run()
INFO - 2023-08-16 11:08:51 --> Session: Class initialized using 'CodeIgniter\Session\Handlers\FileHandler' driver.
ERROR - 2023-08-16 11:08:51 --> mysqli_sql_exception: Column 'reply_id' cannot be null in C:\xampp\htdocs\UCLF\system\Database\MySQLi\Connection.php:295
Stack trace:
#0 C:\xampp\htdocs\UCLF\system\Database\MySQLi\Connection.php(295): mysqli->query('INSERT INTO `re...', 0)
#1 C:\xampp\htdocs\UCLF\system\Database\BaseConnection.php(691): CodeIgniter\Database\MySQLi\Connection->execute('INSERT INTO `re...')
#2 C:\xampp\htdocs\UCLF\system\Database\BaseConnection.php(605): CodeIgniter\Database\BaseConnection->simpleQuery('INSERT INTO `re...')
#3 C:\xampp\htdocs\UCLF\system\Database\BaseBuilder.php(2295): CodeIgniter\Database\BaseConnection->query('INSERT INTO `re...', Array, false)
#4 C:\xampp\htdocs\UCLF\app\Models\ReplyModel.php(30): CodeIgniter\Database\BaseBuilder->insert(Array)
#5 C:\xampp\htdocs\UCLF\app\Controllers\ForumResponses.php(432): App\Models\ReplyModel->saveReply(Array)
#6 C:\xampp\htdocs\UCLF\system\CodeIgniter.php(934): App\Controllers\ForumResponses->makeReplyAjax()
#7 C:\xampp\htdocs\UCLF\system\CodeIgniter.php(499): CodeIgniter\CodeIgniter->runController(Object(App\Controllers\ForumResponses))
#8 C:\xampp\htdocs\UCLF\system\CodeIgniter.php(368): CodeIgniter\CodeIgniter->handleRequest(NULL, Object(Config\Cache), false)
#9 C:\xampp\htdocs\UCLF\index.php(67): CodeIgniter\CodeIgniter->run()
#10 {main}
CRITICAL - 2023-08-16 11:08:51 --> Column 'reply_id' cannot be null
in SYSTEMPATH\Database\BaseConnection.php on line 645.
 1 SYSTEMPATH\Database\BaseBuilder.php(2295): CodeIgniter\Database\BaseConnection->query('INSERT INTO `reply` (`qn_id`, `user_id`, `reply`, `reply_id`, `repliedBy`, `photo`) VALUES (:qn_id:, :user_id:, :reply:, :reply_id:, :repliedBy:, :photo:)', [...], false)
 2 APPPATH\Models\ReplyModel.php(30): CodeIgniter\Database\BaseBuilder->insert([...])
 3 APPPATH\Controllers\ForumResponses.php(432): App\Models\ReplyModel->saveReply([...])
 4 SYSTEMPATH\CodeIgniter.php(934): App\Controllers\ForumResponses->makeReplyAjax()
 5 SYSTEMPATH\CodeIgniter.php(499): CodeIgniter\CodeIgniter->runController(Object(App\Controllers\ForumResponses))
 6 SYSTEMPATH\CodeIgniter.php(368): CodeIgniter\CodeIgniter->handleRequest(null, Object(Config\Cache), false)
 7 FCPATH\index.php(67): CodeIgniter\CodeIgniter->run()
INFO - 2023-08-16 11:08:51 --> Session: Class initialized using 'CodeIgniter\Session\Handlers\FileHandler' driver.
ERROR - 2023-08-16 11:08:51 --> mysqli_sql_exception: Column 'reply_id' cannot be null in C:\xampp\htdocs\UCLF\system\Database\MySQLi\Connection.php:295
Stack trace:
#0 C:\xampp\htdocs\UCLF\system\Database\MySQLi\Connection.php(295): mysqli->query('INSERT INTO `re...', 0)
#1 C:\xampp\htdocs\UCLF\system\Database\BaseConnection.php(691): CodeIgniter\Database\MySQLi\Connection->execute('INSERT INTO `re...')
#2 C:\xampp\htdocs\UCLF\system\Database\BaseConnection.php(605): CodeIgniter\Database\BaseConnection->simpleQuery('INSERT INTO `re...')
#3 C:\xampp\htdocs\UCLF\system\Database\BaseBuilder.php(2295): CodeIgniter\Database\BaseConnection->query('INSERT INTO `re...', Array, false)
#4 C:\xampp\htdocs\UCLF\app\Models\ReplyModel.php(30): CodeIgniter\Database\BaseBuilder->insert(Array)
#5 C:\xampp\htdocs\UCLF\app\Controllers\ForumResponses.php(432): App\Models\ReplyModel->saveReply(Array)
#6 C:\xampp\htdocs\UCLF\system\CodeIgniter.php(934): App\Controllers\ForumResponses->makeReplyAjax()
#7 C:\xampp\htdocs\UCLF\system\CodeIgniter.php(499): CodeIgniter\CodeIgniter->runController(Object(App\Controllers\ForumResponses))
#8 C:\xampp\htdocs\UCLF\system\CodeIgniter.php(368): CodeIgniter\CodeIgniter->handleRequest(NULL, Object(Config\Cache), false)
#9 C:\xampp\htdocs\UCLF\index.php(67): CodeIgniter\CodeIgniter->run()
#10 {main}
CRITICAL - 2023-08-16 11:08:51 --> Column 'reply_id' cannot be null
in SYSTEMPATH\Database\BaseConnection.php on line 645.
 1 SYSTEMPATH\Database\BaseBuilder.php(2295): CodeIgniter\Database\BaseConnection->query('INSERT INTO `reply` (`qn_id`, `user_id`, `reply`, `reply_id`, `repliedBy`, `photo`) VALUES (:qn_id:, :user_id:, :reply:, :reply_id:, :repliedBy:, :photo:)', [...], false)
 2 APPPATH\Models\ReplyModel.php(30): CodeIgniter\Database\BaseBuilder->insert([...])
 3 APPPATH\Controllers\ForumResponses.php(432): App\Models\ReplyModel->saveReply([...])
 4 SYSTEMPATH\CodeIgniter.php(934): App\Controllers\ForumResponses->makeReplyAjax()
 5 SYSTEMPATH\CodeIgniter.php(499): CodeIgniter\CodeIgniter->runController(Object(App\Controllers\ForumResponses))
 6 SYSTEMPATH\CodeIgniter.php(368): CodeIgniter\CodeIgniter->handleRequest(null, Object(Config\Cache), false)
 7 FCPATH\index.php(67): CodeIgniter\CodeIgniter->run()
INFO - 2023-08-16 11:08:52 --> Session: Class initialized using 'CodeIgniter\Session\Handlers\FileHandler' driver.
ERROR - 2023-08-16 11:08:52 --> mysqli_sql_exception: Column 'reply_id' cannot be null in C:\xampp\htdocs\UCLF\system\Database\MySQLi\Connection.php:295
Stack trace:
#0 C:\xampp\htdocs\UCLF\system\Database\MySQLi\Connection.php(295): mysqli->query('INSERT INTO `re...', 0)
#1 C:\xampp\htdocs\UCLF\system\Database\BaseConnection.php(691): CodeIgniter\Database\MySQLi\Connection->execute('INSERT INTO `re...')
#2 C:\xampp\htdocs\UCLF\system\Database\BaseConnection.php(605): CodeIgniter\Database\BaseConnection->simpleQuery('INSERT INTO `re...')
#3 C:\xampp\htdocs\UCLF\system\Database\BaseBuilder.php(2295): CodeIgniter\Database\BaseConnection->query('INSERT INTO `re...', Array, false)
#4 C:\xampp\htdocs\UCLF\app\Models\ReplyModel.php(30): CodeIgniter\Database\BaseBuilder->insert(Array)
#5 C:\xampp\htdocs\UCLF\app\Controllers\ForumResponses.php(432): App\Models\ReplyModel->saveReply(Array)
#6 C:\xampp\htdocs\UCLF\system\CodeIgniter.php(934): App\Controllers\ForumResponses->makeReplyAjax()
#7 C:\xampp\htdocs\UCLF\system\CodeIgniter.php(499): CodeIgniter\CodeIgniter->runController(Object(App\Controllers\ForumResponses))
#8 C:\xampp\htdocs\UCLF\system\CodeIgniter.php(368): CodeIgniter\CodeIgniter->handleRequest(NULL, Object(Config\Cache), false)
#9 C:\xampp\htdocs\UCLF\index.php(67): CodeIgniter\CodeIgniter->run()
#10 {main}
CRITICAL - 2023-08-16 11:08:52 --> Column 'reply_id' cannot be null
in SYSTEMPATH\Database\BaseConnection.php on line 645.
 1 SYSTEMPATH\Database\BaseBuilder.php(2295): CodeIgniter\Database\BaseConnection->query('INSERT INTO `reply` (`qn_id`, `user_id`, `reply`, `reply_id`, `repliedBy`, `photo`) VALUES (:qn_id:, :user_id:, :reply:, :reply_id:, :repliedBy:, :photo:)', [...], false)
 2 APPPATH\Models\ReplyModel.php(30): CodeIgniter\Database\BaseBuilder->insert([...])
 3 APPPATH\Controllers\ForumResponses.php(432): App\Models\ReplyModel->saveReply([...])
 4 SYSTEMPATH\CodeIgniter.php(934): App\Controllers\ForumResponses->makeReplyAjax()
 5 SYSTEMPATH\CodeIgniter.php(499): CodeIgniter\CodeIgniter->runController(Object(App\Controllers\ForumResponses))
 6 SYSTEMPATH\CodeIgniter.php(368): CodeIgniter\CodeIgniter->handleRequest(null, Object(Config\Cache), false)
 7 FCPATH\index.php(67): CodeIgniter\CodeIgniter->run()
INFO - 2023-08-16 11:28:17 --> Session: Class initialized using 'CodeIgniter\Session\Handlers\FileHandler' driver.
INFO - 2023-08-16 11:28:33 --> Session: Class initialized using 'CodeIgniter\Session\Handlers\FileHandler' driver.
INFO - 2023-08-16 11:28:33 --> Session: Class initialized using 'CodeIgniter\Session\Handlers\FileHandler' driver.
CRITICAL - 2023-08-16 11:28:33 --> Trying to access array offset on value of type null
in APPPATH\Views\dashboard\readQN.php on line 293.
 1 APPPATH\Views\dashboard\readQN.php(293): CodeIgniter\Debug\Exceptions->errorHandler(2, 'Trying to access array offset on value of type null', 'APPPATH\\Views\\dashboard\\readQN.php', 293)
 2 SYSTEMPATH\View\View.php(213): include('APPPATH\\Views\\dashboard\\readQN.php')
 3 SYSTEMPATH\View\View.php(216): CodeIgniter\View\View->CodeIgniter\View\{closure}()
 4 SYSTEMPATH\Common.php(1177): CodeIgniter\View\View->render('dashboard/readQN', [], true)
 5 APPPATH\Controllers\ForumResponses.php(302): view('dashboard/readQN', [...])
 6 SYSTEMPATH\CodeIgniter.php(934): App\Controllers\ForumResponses->reviewQN()
 7 SYSTEMPATH\CodeIgniter.php(499): CodeIgniter\CodeIgniter->runController(Object(App\Controllers\ForumResponses))
 8 SYSTEMPATH\CodeIgniter.php(368): CodeIgniter\CodeIgniter->handleRequest(null, Object(Config\Cache), false)
 9 FCPATH\index.php(67): CodeIgniter\CodeIgniter->run()
INFO - 2023-08-16 12:37:35 --> Session: Class initialized using 'CodeIgniter\Session\Handlers\FileHandler' driver.
INFO - 2023-08-16 12:37:37 --> Session: Class initialized using 'CodeIgniter\Session\Handlers\FileHandler' driver.
INFO - 2023-08-16 12:37:39 --> Session: Class initialized using 'CodeIgniter\Session\Handlers\FileHandler' driver.
CRITICAL - 2023-08-16 12:37:39 --> Call to undefined method App\Models\LoginModel::getUsersPN
in SYSTEMPATH\Model.php on line 841.
 1 APPPATH\Controllers\ForumResponses.php(277): CodeIgniter\Model->__call('getUsersPN', [])
 2 SYSTEMPATH\CodeIgniter.php(934): App\Controllers\ForumResponses->reviewQN()
 3 SYSTEMPATH\CodeIgniter.php(499): CodeIgniter\CodeIgniter->runController(Object(App\Controllers\ForumResponses))
 4 SYSTEMPATH\CodeIgniter.php(368): CodeIgniter\CodeIgniter->handleRequest(null, Object(Config\Cache), false)
 5 FCPATH\index.php(67): CodeIgniter\CodeIgniter->run()
INFO - 2023-08-16 12:38:14 --> Session: Class initialized using 'CodeIgniter\Session\Handlers\FileHandler' driver.
INFO - 2023-08-16 12:39:28 --> Session: Class initialized using 'CodeIgniter\Session\Handlers\FileHandler' driver.
INFO - 2023-08-16 12:48:56 --> Session: Class initialized using 'CodeIgniter\Session\Handlers\FileHandler' driver.
CRITICAL - 2023-08-16 12:48:56 --> Undefined array key "user_id"
in APPPATH\Views\dashboard\readQN.php on line 386.
 1 APPPATH\Views\dashboard\readQN.php(386): CodeIgniter\Debug\Exceptions->errorHandler(2, 'Undefined array key "user_id"', 'APPPATH\\Views\\dashboard\\readQN.php', 386)
 2 SYSTEMPATH\View\View.php(213): include('APPPATH\\Views\\dashboard\\readQN.php')
 3 SYSTEMPATH\View\View.php(216): CodeIgniter\View\View->CodeIgniter\View\{closure}()
 4 SYSTEMPATH\Common.php(1177): CodeIgniter\View\View->render('dashboard/readQN', [], true)
 5 APPPATH\Controllers\ForumResponses.php(306): view('dashboard/readQN', [...])
 6 SYSTEMPATH\CodeIgniter.php(934): App\Controllers\ForumResponses->reviewQN()
 7 SYSTEMPATH\CodeIgniter.php(499): CodeIgniter\CodeIgniter->runController(Object(App\Controllers\ForumResponses))
 8 SYSTEMPATH\CodeIgniter.php(368): CodeIgniter\CodeIgniter->handleRequest(null, Object(Config\Cache), false)
 9 FCPATH\index.php(67): CodeIgniter\CodeIgniter->run()
INFO - 2023-08-16 12:52:31 --> Session: Class initialized using 'CodeIgniter\Session\Handlers\FileHandler' driver.
CRITICAL - 2023-08-16 12:52:31 --> Undefined array key "photo"
in APPPATH\Views\dashboard\readQN.php on line 388.
 1 APPPATH\Views\dashboard\readQN.php(388): CodeIgniter\Debug\Exceptions->errorHandler(2, 'Undefined array key "photo"', 'APPPATH\\Views\\dashboard\\readQN.php', 388)
 2 SYSTEMPATH\View\View.php(213): include('APPPATH\\Views\\dashboard\\readQN.php')
 3 SYSTEMPATH\View\View.php(216): CodeIgniter\View\View->CodeIgniter\View\{closure}()
 4 SYSTEMPATH\Common.php(1177): CodeIgniter\View\View->render('dashboard/readQN', [], true)
 5 APPPATH\Controllers\ForumResponses.php(306): view('dashboard/readQN', [...])
 6 SYSTEMPATH\CodeIgniter.php(934): App\Controllers\ForumResponses->reviewQN()
 7 SYSTEMPATH\CodeIgniter.php(499): CodeIgniter\CodeIgniter->runController(Object(App\Controllers\ForumResponses))
 8 SYSTEMPATH\CodeIgniter.php(368): CodeIgniter\CodeIgniter->handleRequest(null, Object(Config\Cache), false)
 9 FCPATH\index.php(67): CodeIgniter\CodeIgniter->run()
INFO - 2023-08-16 12:53:12 --> Session: Class initialized using 'CodeIgniter\Session\Handlers\FileHandler' driver.
INFO - 2023-08-16 12:55:15 --> Session: Class initialized using 'CodeIgniter\Session\Handlers\FileHandler' driver.
INFO - 2023-08-16 12:55:36 --> Session: Class initialized using 'CodeIgniter\Session\Handlers\FileHandler' driver.
INFO - 2023-08-16 12:56:59 --> Session: Class initialized using 'CodeIgniter\Session\Handlers\FileHandler' driver.
INFO - 2023-08-16 12:58:23 --> Session: Class initialized using 'CodeIgniter\Session\Handlers\FileHandler' driver.
INFO - 2023-08-16 12:58:44 --> Session: Class initialized using 'CodeIgniter\Session\Handlers\FileHandler' driver.
INFO - 2023-08-16 12:58:45 --> Session: Class initialized using 'CodeIgniter\Session\Handlers\FileHandler' driver.
INFO - 2023-08-16 12:58:48 --> Session: Class initialized using 'CodeIgniter\Session\Handlers\FileHandler' driver.
INFO - 2023-08-16 12:58:50 --> Session: Class initialized using 'CodeIgniter\Session\Handlers\FileHandler' driver.
INFO - 2023-08-16 12:58:54 --> Session: Class initialized using 'CodeIgniter\Session\Handlers\FileHandler' driver.
INFO - 2023-08-16 12:59:02 --> Session: Class initialized using 'CodeIgniter\Session\Handlers\FileHandler' driver.
INFO - 2023-08-16 12:59:03 --> Session: Class initialized using 'CodeIgniter\Session\Handlers\FileHandler' driver.
INFO - 2023-08-16 12:59:06 --> Session: Class initialized using 'CodeIgniter\Session\Handlers\FileHandler' driver.
INFO - 2023-08-16 12:59:10 --> Session: Class initialized using 'CodeIgniter\Session\Handlers\FileHandler' driver.
INFO - 2023-08-16 12:59:26 --> Session: Class initialized using 'CodeIgniter\Session\Handlers\FileHandler' driver.
INFO - 2023-08-16 12:59:26 --> Session: Class initialized using 'CodeIgniter\Session\Handlers\FileHandler' driver.
INFO - 2023-08-16 12:59:30 --> Session: Class initialized using 'CodeIgniter\Session\Handlers\FileHandler' driver.
INFO - 2023-08-16 12:59:31 --> Session: Class initialized using 'CodeIgniter\Session\Handlers\FileHandler' driver.
INFO - 2023-08-16 12:59:34 --> Session: Class initialized using 'CodeIgniter\Session\Handlers\FileHandler' driver.
INFO - 2023-08-16 12:59:36 --> Session: Class initialized using 'CodeIgniter\Session\Handlers\FileHandler' driver.
INFO - 2023-08-16 12:59:38 --> Session: Class initialized using 'CodeIgniter\Session\Handlers\FileHandler' driver.
